#
# There is insufficient memory for the Java Runtime Environment to continue.
# Native memory allocation (mmap) failed to map 37748736 bytes. Error detail: G1 virtual space
# Possible reasons:
#   The system is out of physical RAM or swap space
#   This process is running with CompressedOops enabled, and the Java Heap may be blocking the growth of the native heap
# Possible solutions:
#   Reduce memory load on the system
#   Increase physical memory or swap space
#   Check if swap backing store is full
#   Decrease Java heap size (-Xmx/-Xms)
#   Decrease number of Java threads
#   Decrease Java thread stack sizes (-Xss)
#   Set larger code cache with -XX:ReservedCodeCacheSize=
#   JVM is running with Unscaled Compressed Oops mode in which the Java heap is
#     placed in the first 4GB address space. The Java Heap base address is the
#     maximum limit for the native heap growth. Please use -XX:HeapBaseMinAddress
#     to set the Java Heap base and to place the Java Heap above 4GB virtual address.
# This output file may be truncated or incomplete.
#
#  Out of Memory Error (os_windows.cpp:3703), pid=29080, tid=1800
#
# JRE version: Java(TM) SE Runtime Environment (23.0.1+11) (build 23.0.1+11-39)
# Java VM: Java HotSpot(TM) 64-Bit Server VM (23.0.1+11-39, mixed mode, sharing, tiered, compressed oops, compressed class ptrs, g1 gc, windows-amd64)
# No core dump will be written. Minidumps are not enabled by default on client versions of Windows
#

---------------  S U M M A R Y ------------

Command Line: --add-opens=java.base/java.util=ALL-UNNAMED --add-opens=java.base/java.lang=ALL-UNNAMED --add-opens=java.base/java.lang.invoke=ALL-UNNAMED --add-opens=java.prefs/java.util.prefs=ALL-UNNAMED --add-exports=jdk.compiler/com.sun.tools.javac.api=ALL-UNNAMED --add-exports=jdk.compiler/com.sun.tools.javac.util=ALL-UNNAMED --add-opens=java.base/java.nio.charset=ALL-UNNAMED --add-opens=java.base/java.net=ALL-UNNAMED --add-opens=java.base/java.util.concurrent.atomic=ALL-UNNAMED -Xmx2048m -Dfile.encoding=UTF-8 -Duser.country=US -Duser.language=en -Duser.variant -javaagent:C:\Users\user\.gradle\wrapper\dists\gradle-8.9-bin\90cnw93cvbtalezasaz0blq0a\gradle-8.9\lib\agents\gradle-instrumentation-agent-8.9.jar org.gradle.launcher.daemon.bootstrap.GradleDaemon 8.9

Host: Intel(R) Core(TM) i5-8250U CPU @ 1.60GHz, 8 cores, 7G,  Windows 11 , 64 bit Build 26100 (10.0.26100.3912)
Time: Sun Jun  1 14:20:24 2025 India Standard Time elapsed time: 120.565506 seconds (0d 0h 2m 0s)

---------------  T H R E A D  ---------------

Current thread (0x0000020edab5b920):  VMThread "VM Thread"          [id=1800, stack(0x000000947bf00000,0x000000947c000000) (1024K)]

Stack: [0x000000947bf00000,0x000000947c000000]
Native frames: (J=compiled Java code, j=interpreted, Vv=VM code, C=native code)
V  [jvm.dll+0x6e08b9]  (no source info available)
V  [jvm.dll+0x87dc83]  (no source info available)
V  [jvm.dll+0x88010e]  (no source info available)
V  [jvm.dll+0x8807e3]  (no source info available)
V  [jvm.dll+0x27aee6]  (no source info available)
V  [jvm.dll+0x6dd1c5]  (no source info available)
V  [jvm.dll+0x6d104a]  (no source info available)
V  [jvm.dll+0x35b3ea]  (no source info available)
V  [jvm.dll+0x3637f6]  (no source info available)
V  [jvm.dll+0x34fd5e]  (no source info available)
V  [jvm.dll+0x34fff8]  (no source info available)
V  [jvm.dll+0x3289cc]  (no source info available)
V  [jvm.dll+0x328a5a]  (no source info available)
V  [jvm.dll+0x374c92]  (no source info available)
V  [jvm.dll+0x373392]  (no source info available)
V  [jvm.dll+0x3281a7]  (no source info available)
V  [jvm.dll+0x372b44]  (no source info available)
V  [jvm.dll+0x886720]  (no source info available)
V  [jvm.dll+0x887a47]  (no source info available)
V  [jvm.dll+0x887f78]  (no source info available)
V  [jvm.dll+0x888213]  (no source info available)
V  [jvm.dll+0x824f8b]  (no source info available)
V  [jvm.dll+0x6df065]  (no source info available)
C  [ucrtbase.dll+0x37b0]  (no source info available)
C  [KERNEL32.DLL+0x2e8d7]  (no source info available)
C  [ntdll.dll+0x9c5dc]  (no source info available)

VM_Operation (0x000000947d7ef720): G1CollectForAllocation, mode: safepoint, requested by thread 0x0000020f21b1db10


---------------  P R O C E S S  ---------------

Threads class SMR info:
_java_thread_list=0x0000020f26525d50, length=56, elements={
0x0000020ebba52980, 0x0000020edab77f40, 0x0000020edab7b6d0, 0x0000020edab7c8d0,
0x0000020edab7f870, 0x0000020edaba1420, 0x0000020edaba1e80, 0x0000020edaba2c10,
0x0000020edaba58a0, 0x0000020edab4c5b0, 0x0000020edae6c7d0, 0x0000020f214a8ee0,
0x0000020f213c2e60, 0x0000020f215b6ce0, 0x0000020f2155c390, 0x0000020f2155ca00,
0x0000020f21691b40, 0x0000020f21b1db10, 0x0000020f21b1d480, 0x0000020f21b1f550,
0x0000020f21b1eec0, 0x0000020f21b1c0d0, 0x0000020f21b1c760, 0x0000020f21b1cdf0,
0x0000020f21b1e830, 0x0000020f25915010, 0x0000020f25912f40, 0x0000020f25912220,
0x0000020f259156a0, 0x0000020f25915d30, 0x0000020f259142f0, 0x0000020f259128b0,
0x0000020f24c4b3f0, 0x0000020f271894a0, 0x0000020f27186020, 0x0000020f27188780,
0x0000020f27187a60, 0x0000020f27188e10, 0x0000020f27189b30, 0x0000020f271873d0,
0x0000020f271866b0, 0x0000020f2718c290, 0x0000020f2718aee0, 0x0000020f2718b570,
0x0000020f2718bc00, 0x0000020f2718d640, 0x0000020f2718cfb0, 0x0000020f24833ce0,
0x0000020f24838510, 0x0000020f248377f0, 0x0000020f24837e80, 0x0000020f24835090,
0x0000020f24835720, 0x0000020f24839230, 0x0000020f342c45b0, 0x0000020f342c60f0
}

Java Threads: ( => current thread )
  0x0000020ebba52980 JavaThread "main"                              [_thread_blocked, id=11300, stack(0x000000947b800000,0x000000947b900000) (1024K)]
  0x0000020edab77f40 JavaThread "Reference Handler"          daemon [_thread_blocked, id=14608, stack(0x000000947c000000,0x000000947c100000) (1024K)]
  0x0000020edab7b6d0 JavaThread "Finalizer"                  daemon [_thread_blocked, id=24096, stack(0x000000947c100000,0x000000947c200000) (1024K)]
  0x0000020edab7c8d0 JavaThread "Signal Dispatcher"          daemon [_thread_blocked, id=8672, stack(0x000000947c200000,0x000000947c300000) (1024K)]
  0x0000020edab7f870 JavaThread "Attach Listener"            daemon [_thread_blocked, id=28452, stack(0x000000947c300000,0x000000947c400000) (1024K)]
  0x0000020edaba1420 JavaThread "Service Thread"             daemon [_thread_blocked, id=5872, stack(0x000000947c400000,0x000000947c500000) (1024K)]
  0x0000020edaba1e80 JavaThread "Monitor Deflation Thread"   daemon [_thread_blocked, id=25348, stack(0x000000947c500000,0x000000947c600000) (1024K)]
  0x0000020edaba2c10 JavaThread "C2 CompilerThread0"         daemon [_thread_blocked, id=18352, stack(0x000000947c600000,0x000000947c700000) (1024K)]
  0x0000020edaba58a0 JavaThread "C1 CompilerThread0"         daemon [_thread_blocked, id=28508, stack(0x000000947c700000,0x000000947c800000) (1024K)]
  0x0000020edab4c5b0 JavaThread "Common-Cleaner"             daemon [_thread_blocked, id=1076, stack(0x000000947c800000,0x000000947c900000) (1024K)]
  0x0000020edae6c7d0 JavaThread "Notification Thread"        daemon [_thread_blocked, id=29568, stack(0x000000947c900000,0x000000947ca00000) (1024K)]
  0x0000020f214a8ee0 JavaThread "Daemon health stats"               [_thread_blocked, id=26512, stack(0x000000947ca00000,0x000000947cb00000) (1024K)]
  0x0000020f213c2e60 JavaThread "Incoming local TCP Connector on port 52130"        [_thread_in_native, id=3136, stack(0x000000947d200000,0x000000947d300000) (1024K)]
  0x0000020f215b6ce0 JavaThread "Daemon periodic checks"            [_thread_blocked, id=8172, stack(0x000000947d300000,0x000000947d400000) (1024K)]
  0x0000020f2155c390 JavaThread "Daemon"                            [_thread_blocked, id=17348, stack(0x000000947d400000,0x000000947d500000) (1024K)]
  0x0000020f2155ca00 JavaThread "Handler for socket connection from /127.0.0.1:52130 to /127.0.0.1:52131"        [_thread_in_native, id=12624, stack(0x000000947d500000,0x000000947d600000) (1024K)]
  0x0000020f21691b40 JavaThread "Cancel handler"                    [_thread_blocked, id=15652, stack(0x000000947d600000,0x000000947d700000) (1024K)]
  0x0000020f21b1db10 JavaThread "Daemon worker"                     [_thread_blocked, id=5672, stack(0x000000947d700000,0x000000947d800000) (1024K)]
  0x0000020f21b1d480 JavaThread "Asynchronous log dispatcher for DefaultDaemonConnection: socket connection from /127.0.0.1:52130 to /127.0.0.1:52131"        [_thread_blocked, id=26176, stack(0x000000947d800000,0x000000947d900000) (1024K)]
  0x0000020f21b1f550 JavaThread "Stdin handler"                     [_thread_blocked, id=13344, stack(0x000000947d900000,0x000000947da00000) (1024K)]
  0x0000020f21b1eec0 JavaThread "Daemon client event forwarder"        [_thread_blocked, id=15372, stack(0x000000947da00000,0x000000947db00000) (1024K)]
  0x0000020f21b1c0d0 JavaThread "Cache worker for journal cache (C:\Users\user\.gradle\caches\journal-1)"        [_thread_blocked, id=10692, stack(0x000000947db00000,0x000000947dc00000) (1024K)]
  0x0000020f21b1c760 JavaThread "File lock request listener"        [_thread_in_native, id=14844, stack(0x000000947dc00000,0x000000947dd00000) (1024K)]
  0x0000020f21b1cdf0 JavaThread "Cache worker for file hash cache (C:\Users\user\.gradle\caches\8.9\fileHashes)"        [_thread_blocked, id=25732, stack(0x000000947dd00000,0x000000947de00000) (1024K)]
  0x0000020f21b1e830 JavaThread "Cache worker for file hash cache (C:\Users\user\Downloads\KotlinProject\KotlinProject\.gradle\8.9\fileHashes)"        [_thread_blocked, id=17984, stack(0x000000947e000000,0x000000947e100000) (1024K)]
  0x0000020f25915010 JavaThread "Cache worker for Build Output Cleanup Cache (C:\Users\user\Downloads\KotlinProject\KotlinProject\.gradle\buildOutputCleanup)"        [_thread_blocked, id=24780, stack(0x000000947e100000,0x000000947e200000) (1024K)]
  0x0000020f25912f40 JavaThread "File watcher server"        daemon [_thread_blocked, id=15512, stack(0x000000947de00000,0x000000947df00000) (1024K)]
  0x0000020f25912220 JavaThread "File watcher consumer"      daemon [_thread_blocked, id=18104, stack(0x000000947e200000,0x000000947e300000) (1024K)]
  0x0000020f259156a0 JavaThread "Cache worker for checksums cache (C:\Users\user\Downloads\KotlinProject\KotlinProject\.gradle\8.9\checksums)"        [_thread_blocked, id=21216, stack(0x000000947e300000,0x000000947e400000) (1024K)]
  0x0000020f25915d30 JavaThread "Cache worker for file content cache (C:\Users\user\.gradle\caches\8.9\fileContent)"        [_thread_blocked, id=12940, stack(0x000000947e400000,0x000000947e500000) (1024K)]
  0x0000020f259142f0 JavaThread "Cache worker for cache directory md-rule (C:\Users\user\.gradle\caches\8.9\md-rule)"        [_thread_blocked, id=18540, stack(0x000000947e500000,0x000000947e600000) (1024K)]
  0x0000020f259128b0 JavaThread "Cache worker for cache directory md-supplier (C:\Users\user\.gradle\caches\8.9\md-supplier)"        [_thread_blocked, id=8668, stack(0x000000947b700000,0x000000947b800000) (1024K)]
  0x0000020f24c4b3f0 JavaThread "File lock release action executor"        [_thread_blocked, id=27120, stack(0x000000947b500000,0x000000947b600000) (1024K)]
  0x0000020f271894a0 JavaThread "Unconstrained build operations"        [_thread_blocked, id=14628, stack(0x000000947b600000,0x000000947b700000) (1024K)]
  0x0000020f27186020 JavaThread "Unconstrained build operations Thread 2"        [_thread_blocked, id=9324, stack(0x000000947e600000,0x000000947e700000) (1024K)]
  0x0000020f27188780 JavaThread "Unconstrained build operations Thread 3"        [_thread_blocked, id=27456, stack(0x000000947e700000,0x000000947e800000) (1024K)]
  0x0000020f27187a60 JavaThread "Unconstrained build operations Thread 4"        [_thread_blocked, id=24532, stack(0x000000947e800000,0x000000947e900000) (1024K)]
  0x0000020f27188e10 JavaThread "Unconstrained build operations Thread 5"        [_thread_blocked, id=27680, stack(0x000000947e900000,0x000000947ea00000) (1024K)]
  0x0000020f27189b30 JavaThread "Unconstrained build operations Thread 6"        [_thread_blocked, id=22880, stack(0x000000947ea00000,0x000000947eb00000) (1024K)]
  0x0000020f271873d0 JavaThread "Unconstrained build operations Thread 7"        [_thread_blocked, id=17988, stack(0x000000947eb00000,0x000000947ec00000) (1024K)]
  0x0000020f271866b0 JavaThread "Unconstrained build operations Thread 8"        [_thread_blocked, id=6464, stack(0x000000947ec00000,0x000000947ed00000) (1024K)]
  0x0000020f2718c290 JavaThread "Unconstrained build operations Thread 9"        [_thread_blocked, id=14400, stack(0x000000947ed00000,0x000000947ee00000) (1024K)]
  0x0000020f2718aee0 JavaThread "Unconstrained build operations Thread 10"        [_thread_blocked, id=3388, stack(0x000000947ee00000,0x000000947ef00000) (1024K)]
  0x0000020f2718b570 JavaThread "Unconstrained build operations Thread 11"        [_thread_blocked, id=3024, stack(0x000000947ef00000,0x000000947f000000) (1024K)]
  0x0000020f2718bc00 JavaThread "Unconstrained build operations Thread 12"        [_thread_blocked, id=25944, stack(0x000000947f000000,0x000000947f100000) (1024K)]
  0x0000020f2718d640 JavaThread "Unconstrained build operations Thread 13"        [_thread_blocked, id=26452, stack(0x000000947f100000,0x000000947f200000) (1024K)]
  0x0000020f2718cfb0 JavaThread "Unconstrained build operations Thread 14"        [_thread_blocked, id=19864, stack(0x000000947f200000,0x000000947f300000) (1024K)]
  0x0000020f24833ce0 JavaThread "Unconstrained build operations Thread 15"        [_thread_blocked, id=13152, stack(0x000000947f300000,0x000000947f400000) (1024K)]
  0x0000020f24838510 JavaThread "Unconstrained build operations Thread 16"        [_thread_blocked, id=18184, stack(0x000000947f400000,0x000000947f500000) (1024K)]
  0x0000020f248377f0 JavaThread "Unconstrained build operations Thread 17"        [_thread_blocked, id=25756, stack(0x000000947f500000,0x000000947f600000) (1024K)]
  0x0000020f24837e80 JavaThread "Unconstrained build operations Thread 18"        [_thread_blocked, id=21700, stack(0x000000947f600000,0x000000947f700000) (1024K)]
  0x0000020f24835090 JavaThread "Unconstrained build operations Thread 19"        [_thread_blocked, id=16772, stack(0x000000947f700000,0x000000947f800000) (1024K)]
  0x0000020f24835720 JavaThread "Unconstrained build operations Thread 20"        [_thread_blocked, id=3848, stack(0x000000947f800000,0x000000947f900000) (1024K)]
  0x0000020f24839230 JavaThread "Unconstrained build operations Thread 21"        [_thread_blocked, id=20576, stack(0x000000947f900000,0x000000947fa00000) (1024K)]
  0x0000020f342c45b0 JavaThread "C2 CompilerThread1"         daemon [_thread_blocked, id=26300, stack(0x000000947fa00000,0x000000947fb00000) (1024K)]
  0x0000020f342c60f0 JavaThread "C2 CompilerThread2"         daemon [_thread_blocked, id=19220, stack(0x000000947fb00000,0x000000947fc00000) (1024K)]
Total: 56

Other Threads:
=>0x0000020edab5b920 VMThread "VM Thread"                           [id=1800, stack(0x000000947bf00000,0x000000947c000000) (1024K)]
  0x0000020edab48d00 WatcherThread "VM Periodic Task Thread"        [id=29364, stack(0x000000947be00000,0x000000947bf00000) (1024K)]
  0x0000020ebde252f0 WorkerThread "GC Thread#0"                     [id=21024, stack(0x000000947b900000,0x000000947ba00000) (1024K)]
  0x0000020f208aa0e0 WorkerThread "GC Thread#1"                     [id=4976, stack(0x000000947cb00000,0x000000947cc00000) (1024K)]
  0x0000020f208ab700 WorkerThread "GC Thread#2"                     [id=9508, stack(0x000000947cc00000,0x000000947cd00000) (1024K)]
  0x0000020f208a9d30 WorkerThread "GC Thread#3"                     [id=26000, stack(0x000000947cd00000,0x000000947ce00000) (1024K)]
  0x0000020f208aa840 WorkerThread "GC Thread#4"                     [id=29252, stack(0x000000947ce00000,0x000000947cf00000) (1024K)]
  0x0000020f208ab350 WorkerThread "GC Thread#5"                     [id=20228, stack(0x000000947cf00000,0x000000947d000000) (1024K)]
  0x0000020f200e2b50 WorkerThread "GC Thread#6"                     [id=25676, stack(0x000000947d000000,0x000000947d100000) (1024K)]
  0x0000020f200e32b0 WorkerThread "GC Thread#7"                     [id=28400, stack(0x000000947d100000,0x000000947d200000) (1024K)]
  0x0000020ebde3aa60 ConcurrentGCThread "G1 Main Marker"            [id=8180, stack(0x000000947ba00000,0x000000947bb00000) (1024K)]
  0x0000020ebde3b480 WorkerThread "G1 Conc#0"                       [id=2428, stack(0x000000947bb00000,0x000000947bc00000) (1024K)]
  0x0000020f200e5030 WorkerThread "G1 Conc#1"                       [id=10260, stack(0x000000947df00000,0x000000947e000000) (1024K)]
  0x0000020edaa079b0 ConcurrentGCThread "G1 Refine#0"               [id=19660, stack(0x000000947bc00000,0x000000947bd00000) (1024K)]
  0x0000020edaa09360 ConcurrentGCThread "G1 Service"                [id=28228, stack(0x000000947bd00000,0x000000947be00000) (1024K)]
Total: 15

Threads with active compile tasks:
C2 CompilerThread0  120837 14491   !   4       org.jetbrains.kotlin.metadata.ProtoBuf$Annotation$Argument::<init> (342 bytes)
C2 CompilerThread1  120837 14490   !   4       org.jetbrains.kotlin.metadata.ProtoBuf$Package::<init> (656 bytes)
C2 CompilerThread2  120837 14476       4       org.jetbrains.kotlin.serialization.deserialization.descriptors.DeserializedMemberScope$OptimizedImplementation::<init> (881 bytes)
Total: 3

VM state: at safepoint (normal execution)

VM Mutex/Monitor currently owned by a thread:  ([mutex/lock_event])
[0x00007ffee18e3910] Threads_lock - owner thread: 0x0000020edab5b920
[0x00007ffee18e3a10] Heap_lock - owner thread: 0x0000020f21b1db10

Heap address: 0x0000000080000000, size: 2048 MB, Compressed Oops mode: 32-bit

CDS archive(s) mapped at: [0x0000020edb000000-0x0000020edbd70000-0x0000020edbd70000), size 14090240, SharedBaseAddress: 0x0000020edb000000, ArchiveRelocationMode: 1.
Compressed class space mapped at: 0x0000020edc000000-0x0000020f1c000000, reserved size: 1073741824
Narrow klass base: 0x0000020edb000000, Narrow klass shift: 0, Narrow klass range: 0x41000000

GC Precious Log:
 CardTable entry size: 512
 Card Set container configuration: InlinePtr #cards 5 size 8 Array Of Cards #cards 10 size 36 Howl #buckets 4 coarsen threshold 1843 Howl Bitmap #cards 512 size 80 coarsen threshold 460 Card regions per heap region 1 cards per card region 2048
 CPUs: 8 total, 8 available
 Memory: 8083M
 Large Page Support: Disabled
 NUMA Support: Disabled
 Compressed Oops: Enabled (32-bit)
 Heap Region Size: 1M
 Heap Min Capacity: 8M
 Heap Initial Capacity: 128M
 Heap Max Capacity: 2G
 Pre-touch: Disabled
 Parallel Workers: 8
 Concurrent Workers: 2
 Concurrent Refinement Workers: 8
 Periodic GC: Disabled

Heap:
 garbage-first heap   total reserved 2097152K, committed 184320K, used 109901K [0x0000000080000000, 0x0000000100000000)
  region size 1024K, 7 young (7168K), 7 survivors (7168K)
 Metaspace       used 111606K, committed 113856K, reserved 1179648K
  class space    used 14931K, committed 16000K, reserved 1048576K

Heap Regions: E=young(eden), S=young(survivor), O=old, HS=humongous(starts), HC=humongous(continues), CS=collection set, F=free, TAMS=top-at-mark-start, PB=parsable bottom
|   0|0x0000000080000000, 0x0000000080100000, 0x0000000080100000|100%|HS|  |TAMS 0x0000000080000000| PB 0x0000000080000000| Complete |  0
|   1|0x0000000080100000, 0x0000000080200000, 0x0000000080200000|100%|HC|  |TAMS 0x0000000080100000| PB 0x0000000080100000| Complete |  0
|   2|0x0000000080200000, 0x0000000080300000, 0x0000000080300000|100%|HC|  |TAMS 0x0000000080200000| PB 0x0000000080200000| Complete |  0
|   3|0x0000000080300000, 0x0000000080400000, 0x0000000080400000|100%|HC|  |TAMS 0x0000000080300000| PB 0x0000000080300000| Complete |  0
|   4|0x0000000080400000, 0x0000000080500000, 0x0000000080500000|100%| O|  |TAMS 0x0000000080400000| PB 0x0000000080400000| Untracked |  0
|   5|0x0000000080500000, 0x0000000080600000, 0x0000000080600000|100%| O|  |TAMS 0x0000000080500000| PB 0x0000000080500000| Untracked |  0
|   6|0x0000000080600000, 0x0000000080700000, 0x0000000080700000|100%| O|  |TAMS 0x0000000080600000| PB 0x0000000080600000| Untracked |  0
|   7|0x0000000080700000, 0x0000000080800000, 0x0000000080800000|100%| O|  |TAMS 0x0000000080700000| PB 0x0000000080700000| Untracked |  0
|   8|0x0000000080800000, 0x0000000080900000, 0x0000000080900000|100%| O|  |TAMS 0x0000000080800000| PB 0x0000000080800000| Untracked |  0
|   9|0x0000000080900000, 0x0000000080a00000, 0x0000000080a00000|100%| O|  |TAMS 0x0000000080900000| PB 0x0000000080900000| Untracked |  0
|  10|0x0000000080a00000, 0x0000000080b00000, 0x0000000080b00000|100%| O|  |TAMS 0x0000000080a00000| PB 0x0000000080a00000| Untracked |  0
|  11|0x0000000080b00000, 0x0000000080c00000, 0x0000000080c00000|100%|HS|  |TAMS 0x0000000080b00000| PB 0x0000000080b00000| Complete |  0
|  12|0x0000000080c00000, 0x0000000080d00000, 0x0000000080d00000|100%| O|  |TAMS 0x0000000080c00000| PB 0x0000000080c00000| Untracked |  0
|  13|0x0000000080d00000, 0x0000000080e00000, 0x0000000080e00000|100%| O|  |TAMS 0x0000000080d00000| PB 0x0000000080d00000| Untracked |  0
|  14|0x0000000080e00000, 0x0000000080f00000, 0x0000000080f00000|100%| O|  |TAMS 0x0000000080e00000| PB 0x0000000080e00000| Untracked |  0
|  15|0x0000000080f00000, 0x0000000081000000, 0x0000000081000000|100%| O|  |TAMS 0x0000000080f00000| PB 0x0000000080f00000| Untracked |  0
|  16|0x0000000081000000, 0x0000000081100000, 0x0000000081100000|100%| O|  |TAMS 0x0000000081000000| PB 0x0000000081000000| Untracked |  0
|  17|0x0000000081100000, 0x0000000081200000, 0x0000000081200000|100%| O|  |TAMS 0x0000000081100000| PB 0x0000000081100000| Untracked |  0
|  18|0x0000000081200000, 0x0000000081300000, 0x0000000081300000|100%|HS|  |TAMS 0x0000000081200000| PB 0x0000000081200000| Complete |  0
|  19|0x0000000081300000, 0x0000000081400000, 0x0000000081400000|100%| O|  |TAMS 0x0000000081300000| PB 0x0000000081300000| Untracked |  0
|  20|0x0000000081400000, 0x0000000081500000, 0x0000000081500000|100%| O|  |TAMS 0x0000000081400000| PB 0x0000000081400000| Untracked |  0
|  21|0x0000000081500000, 0x0000000081600000, 0x0000000081600000|100%| O|  |TAMS 0x0000000081500000| PB 0x0000000081500000| Untracked |  0
|  22|0x0000000081600000, 0x0000000081700000, 0x0000000081700000|100%| O|  |TAMS 0x0000000081600000| PB 0x0000000081600000| Untracked |  0
|  23|0x0000000081700000, 0x0000000081800000, 0x0000000081800000|100%| O|  |TAMS 0x0000000081700000| PB 0x0000000081700000| Untracked |  0
|  24|0x0000000081800000, 0x0000000081900000, 0x0000000081900000|100%| O|  |TAMS 0x0000000081800000| PB 0x0000000081800000| Untracked |  0
|  25|0x0000000081900000, 0x0000000081a00000, 0x0000000081a00000|100%| O|  |TAMS 0x0000000081900000| PB 0x0000000081900000| Untracked |  0
|  26|0x0000000081a00000, 0x0000000081a00000, 0x0000000081b00000|  0%| F|  |TAMS 0x0000000081a00000| PB 0x0000000081a00000| Untracked |  0
|  27|0x0000000081b00000, 0x0000000081c00000, 0x0000000081c00000|100%| O|  |TAMS 0x0000000081b00000| PB 0x0000000081b00000| Untracked |  0
|  28|0x0000000081c00000, 0x0000000081d00000, 0x0000000081d00000|100%| O|  |TAMS 0x0000000081c00000| PB 0x0000000081c00000| Untracked |  0
|  29|0x0000000081d00000, 0x0000000081e00000, 0x0000000081e00000|100%| O|  |TAMS 0x0000000081d00000| PB 0x0000000081d00000| Untracked |  0
|  30|0x0000000081e00000, 0x0000000081f00000, 0x0000000081f00000|100%| O|  |TAMS 0x0000000081e00000| PB 0x0000000081e00000| Untracked |  0
|  31|0x0000000081f00000, 0x0000000082000000, 0x0000000082000000|100%| O|  |TAMS 0x0000000081f00000| PB 0x0000000081f00000| Untracked |  0
|  32|0x0000000082000000, 0x0000000082100000, 0x0000000082100000|100%| O|  |TAMS 0x0000000082000000| PB 0x0000000082000000| Untracked |  0
|  33|0x0000000082100000, 0x0000000082200000, 0x0000000082200000|100%| O|  |TAMS 0x0000000082100000| PB 0x0000000082100000| Untracked |  0
|  34|0x0000000082200000, 0x0000000082300000, 0x0000000082300000|100%| O|  |TAMS 0x0000000082200000| PB 0x0000000082200000| Untracked |  0
|  35|0x0000000082300000, 0x0000000082400000, 0x0000000082400000|100%| O|  |TAMS 0x0000000082300000| PB 0x0000000082300000| Untracked |  0
|  36|0x0000000082400000, 0x0000000082500000, 0x0000000082500000|100%| O|  |TAMS 0x0000000082400000| PB 0x0000000082400000| Untracked |  0
|  37|0x0000000082500000, 0x0000000082600000, 0x0000000082600000|100%| O|  |TAMS 0x0000000082500000| PB 0x0000000082500000| Untracked |  0
|  38|0x0000000082600000, 0x0000000082700000, 0x0000000082700000|100%| O|  |TAMS 0x0000000082600000| PB 0x0000000082600000| Untracked |  0
|  39|0x0000000082700000, 0x0000000082800000, 0x0000000082800000|100%| O|  |TAMS 0x0000000082700000| PB 0x0000000082700000| Untracked |  0
|  40|0x0000000082800000, 0x0000000082900000, 0x0000000082900000|100%| O|  |TAMS 0x0000000082800000| PB 0x0000000082800000| Untracked |  0
|  41|0x0000000082900000, 0x0000000082a00000, 0x0000000082a00000|100%| O|  |TAMS 0x0000000082900000| PB 0x0000000082900000| Untracked |  0
|  42|0x0000000082a00000, 0x0000000082b00000, 0x0000000082b00000|100%| O|  |TAMS 0x0000000082a00000| PB 0x0000000082a00000| Untracked |  0
|  43|0x0000000082b00000, 0x0000000082c00000, 0x0000000082c00000|100%| O|  |TAMS 0x0000000082b00000| PB 0x0000000082b00000| Untracked |  0
|  44|0x0000000082c00000, 0x0000000082c00000, 0x0000000082d00000|  0%| F|  |TAMS 0x0000000082c00000| PB 0x0000000082c00000| Untracked |  0
|  45|0x0000000082d00000, 0x0000000082e00000, 0x0000000082e00000|100%|HS|  |TAMS 0x0000000082d00000| PB 0x0000000082d00000| Complete |  0
|  46|0x0000000082e00000, 0x0000000082f00000, 0x0000000082f00000|100%|HC|  |TAMS 0x0000000082e00000| PB 0x0000000082e00000| Complete |  0
|  47|0x0000000082f00000, 0x0000000083000000, 0x0000000083000000|100%|HC|  |TAMS 0x0000000082f00000| PB 0x0000000082f00000| Complete |  0
|  48|0x0000000083000000, 0x0000000083100000, 0x0000000083100000|100%|HC|  |TAMS 0x0000000083000000| PB 0x0000000083000000| Complete |  0
|  49|0x0000000083100000, 0x0000000083200000, 0x0000000083200000|100%|HC|  |TAMS 0x0000000083100000| PB 0x0000000083100000| Complete |  0
|  50|0x0000000083200000, 0x0000000083300000, 0x0000000083300000|100%|HC|  |TAMS 0x0000000083200000| PB 0x0000000083200000| Complete |  0
|  51|0x0000000083300000, 0x0000000083400000, 0x0000000083400000|100%| O|  |TAMS 0x0000000083300000| PB 0x0000000083300000| Untracked |  0
|  52|0x0000000083400000, 0x0000000083500000, 0x0000000083500000|100%| O|  |TAMS 0x0000000083400000| PB 0x0000000083400000| Untracked |  0
|  53|0x0000000083500000, 0x0000000083600000, 0x0000000083600000|100%| O|  |TAMS 0x0000000083500000| PB 0x0000000083500000| Untracked |  0
|  54|0x0000000083600000, 0x0000000083700000, 0x0000000083700000|100%| O|  |TAMS 0x0000000083600000| PB 0x0000000083600000| Untracked |  0
|  55|0x0000000083700000, 0x0000000083800000, 0x0000000083800000|100%| O|  |TAMS 0x0000000083700000| PB 0x0000000083700000| Untracked |  0
|  56|0x0000000083800000, 0x0000000083900000, 0x0000000083900000|100%| O|  |TAMS 0x0000000083800000| PB 0x0000000083800000| Untracked |  0
|  57|0x0000000083900000, 0x0000000083a00000, 0x0000000083a00000|100%| O|  |TAMS 0x0000000083900000| PB 0x0000000083900000| Untracked |  0
|  58|0x0000000083a00000, 0x0000000083a00000, 0x0000000083b00000|  0%| F|  |TAMS 0x0000000083a00000| PB 0x0000000083a00000| Untracked |  0
|  59|0x0000000083b00000, 0x0000000083c00000, 0x0000000083c00000|100%| O|  |TAMS 0x0000000083b00000| PB 0x0000000083b00000| Untracked |  0
|  60|0x0000000083c00000, 0x0000000083c00000, 0x0000000083d00000|  0%| F|  |TAMS 0x0000000083c00000| PB 0x0000000083c00000| Untracked |  0
|  61|0x0000000083d00000, 0x0000000083e00000, 0x0000000083e00000|100%| O|  |TAMS 0x0000000083d00000| PB 0x0000000083d00000| Untracked |  0
|  62|0x0000000083e00000, 0x0000000083f00000, 0x0000000083f00000|100%| O|  |TAMS 0x0000000083e00000| PB 0x0000000083e00000| Untracked |  0
|  63|0x0000000083f00000, 0x0000000083f00000, 0x0000000084000000|  0%| F|  |TAMS 0x0000000083f00000| PB 0x0000000083f00000| Untracked |  0
|  64|0x0000000084000000, 0x0000000084000000, 0x0000000084100000|  0%| F|  |TAMS 0x0000000084000000| PB 0x0000000084000000| Untracked |  0
|  65|0x0000000084100000, 0x0000000084200000, 0x0000000084200000|100%| O|  |TAMS 0x0000000084100000| PB 0x0000000084100000| Untracked |  0
|  66|0x0000000084200000, 0x0000000084300000, 0x0000000084300000|100%| O|  |TAMS 0x0000000084200000| PB 0x0000000084200000| Untracked |  0
|  67|0x0000000084300000, 0x0000000084300000, 0x0000000084400000|  0%| F|  |TAMS 0x0000000084300000| PB 0x0000000084300000| Untracked |  0
|  68|0x0000000084400000, 0x0000000084500000, 0x0000000084500000|100%| O|  |TAMS 0x0000000084400000| PB 0x0000000084400000| Untracked |  0
|  69|0x0000000084500000, 0x0000000084600000, 0x0000000084600000|100%| O|  |TAMS 0x0000000084500000| PB 0x0000000084500000| Untracked |  0
|  70|0x0000000084600000, 0x0000000084600000, 0x0000000084700000|  0%| F|  |TAMS 0x0000000084600000| PB 0x0000000084600000| Untracked |  0
|  71|0x0000000084700000, 0x0000000084800000, 0x0000000084800000|100%|HS|  |TAMS 0x0000000084700000| PB 0x0000000084700000| Complete |  0
|  72|0x0000000084800000, 0x0000000084900000, 0x0000000084900000|100%|HC|  |TAMS 0x0000000084800000| PB 0x0000000084800000| Complete |  0
|  73|0x0000000084900000, 0x0000000084900000, 0x0000000084a00000|  0%| F|  |TAMS 0x0000000084900000| PB 0x0000000084900000| Untracked |  0
|  74|0x0000000084a00000, 0x0000000084b00000, 0x0000000084b00000|100%| O|  |TAMS 0x0000000084a00000| PB 0x0000000084a00000| Untracked |  0
|  75|0x0000000084b00000, 0x0000000084b00000, 0x0000000084c00000|  0%| F|  |TAMS 0x0000000084b00000| PB 0x0000000084b00000| Untracked |  0
|  76|0x0000000084c00000, 0x0000000084c00000, 0x0000000084d00000|  0%| F|  |TAMS 0x0000000084c00000| PB 0x0000000084c00000| Untracked |  0
|  77|0x0000000084d00000, 0x0000000084e00000, 0x0000000084e00000|100%| O|  |TAMS 0x0000000084d00000| PB 0x0000000084d00000| Untracked |  0
|  78|0x0000000084e00000, 0x0000000084e00000, 0x0000000084f00000|  0%| F|  |TAMS 0x0000000084e00000| PB 0x0000000084e00000| Untracked |  0
|  79|0x0000000084f00000, 0x0000000085000000, 0x0000000085000000|100%| O|  |TAMS 0x0000000084f00000| PB 0x0000000084f00000| Untracked |  0
|  80|0x0000000085000000, 0x0000000085100000, 0x0000000085100000|100%|HS|  |TAMS 0x0000000085000000| PB 0x0000000085000000| Complete |  0
|  81|0x0000000085100000, 0x0000000085200000, 0x0000000085200000|100%|HS|  |TAMS 0x0000000085100000| PB 0x0000000085100000| Complete |  0
|  82|0x0000000085200000, 0x0000000085300000, 0x0000000085300000|100%| O|  |TAMS 0x0000000085200000| PB 0x0000000085200000| Untracked |  0
|  83|0x0000000085300000, 0x0000000085400000, 0x0000000085400000|100%| O|  |TAMS 0x0000000085300000| PB 0x0000000085300000| Untracked |  0
|  84|0x0000000085400000, 0x0000000085500000, 0x0000000085500000|100%| O|  |TAMS 0x0000000085400000| PB 0x0000000085400000| Untracked |  0
|  85|0x0000000085500000, 0x0000000085500000, 0x0000000085600000|  0%| F|  |TAMS 0x0000000085500000| PB 0x0000000085500000| Untracked |  0
|  86|0x0000000085600000, 0x0000000085600000, 0x0000000085700000|  0%| F|  |TAMS 0x0000000085600000| PB 0x0000000085600000| Untracked |  0
|  87|0x0000000085700000, 0x0000000085700000, 0x0000000085800000|  0%| F|  |TAMS 0x0000000085700000| PB 0x0000000085700000| Untracked |  0
|  88|0x0000000085800000, 0x0000000085800000, 0x0000000085900000|  0%| F|  |TAMS 0x0000000085800000| PB 0x0000000085800000| Untracked |  0
|  89|0x0000000085900000, 0x0000000085900000, 0x0000000085a00000|  0%| F|  |TAMS 0x0000000085900000| PB 0x0000000085900000| Untracked |  0
|  90|0x0000000085a00000, 0x0000000085a00000, 0x0000000085b00000|  0%| F|  |TAMS 0x0000000085a00000| PB 0x0000000085a00000| Untracked |  0
|  91|0x0000000085b00000, 0x0000000085b00000, 0x0000000085c00000|  0%| F|  |TAMS 0x0000000085b00000| PB 0x0000000085b00000| Untracked |  0
|  92|0x0000000085c00000, 0x0000000085c00000, 0x0000000085d00000|  0%| F|  |TAMS 0x0000000085c00000| PB 0x0000000085c00000| Untracked |  0
|  93|0x0000000085d00000, 0x0000000085e00000, 0x0000000085e00000|100%| O|  |TAMS 0x0000000085d00000| PB 0x0000000085d00000| Untracked |  0
|  94|0x0000000085e00000, 0x0000000085f00000, 0x0000000085f00000|100%| O|  |TAMS 0x0000000085e00000| PB 0x0000000085e00000| Untracked |  0
|  95|0x0000000085f00000, 0x0000000086000000, 0x0000000086000000|100%| O|  |TAMS 0x0000000085f00000| PB 0x0000000085f00000| Untracked |  0
|  96|0x0000000086000000, 0x0000000086100000, 0x0000000086100000|100%| O|  |TAMS 0x0000000086000000| PB 0x0000000086000000| Untracked |  0
|  97|0x0000000086100000, 0x0000000086200000, 0x0000000086200000|100%| O|  |TAMS 0x0000000086100000| PB 0x0000000086100000| Untracked |  0
|  98|0x0000000086200000, 0x0000000086200000, 0x0000000086300000|  0%| F|  |TAMS 0x0000000086200000| PB 0x0000000086200000| Untracked |  0
|  99|0x0000000086300000, 0x0000000086300000, 0x0000000086400000|  0%| F|  |TAMS 0x0000000086300000| PB 0x0000000086300000| Untracked |  0
| 100|0x0000000086400000, 0x0000000086400000, 0x0000000086500000|  0%| F|  |TAMS 0x0000000086400000| PB 0x0000000086400000| Untracked |  0
| 101|0x0000000086500000, 0x0000000086500000, 0x0000000086600000|  0%| F|  |TAMS 0x0000000086500000| PB 0x0000000086500000| Untracked |  0
| 102|0x0000000086600000, 0x0000000086700000, 0x0000000086700000|100%| O|  |TAMS 0x0000000086600000| PB 0x0000000086600000| Untracked |  0
| 103|0x0000000086700000, 0x0000000086800000, 0x0000000086800000|100%| O|  |TAMS 0x0000000086700000| PB 0x0000000086700000| Untracked |  0
| 104|0x0000000086800000, 0x0000000086900000, 0x0000000086900000|100%| O|  |TAMS 0x0000000086800000| PB 0x0000000086800000| Untracked |  0
| 105|0x0000000086900000, 0x0000000086a00000, 0x0000000086a00000|100%| O|  |TAMS 0x0000000086900000| PB 0x0000000086900000| Untracked |  0
| 106|0x0000000086a00000, 0x0000000086b00000, 0x0000000086b00000|100%| O|  |TAMS 0x0000000086a00000| PB 0x0000000086a00000| Untracked |  0
| 107|0x0000000086b00000, 0x0000000086c00000, 0x0000000086c00000|100%| O|  |TAMS 0x0000000086b00000| PB 0x0000000086b00000| Untracked |  0
| 108|0x0000000086c00000, 0x0000000086d00000, 0x0000000086d00000|100%| O|  |TAMS 0x0000000086c00000| PB 0x0000000086c00000| Untracked |  0
| 109|0x0000000086d00000, 0x0000000086e00000, 0x0000000086e00000|100%| O|  |TAMS 0x0000000086d00000| PB 0x0000000086d00000| Untracked |  0
| 110|0x0000000086e00000, 0x0000000086f00000, 0x0000000086f00000|100%| O|  |TAMS 0x0000000086e00000| PB 0x0000000086e00000| Untracked |  0
| 111|0x0000000086f00000, 0x0000000087000000, 0x0000000087000000|100%| O|  |TAMS 0x0000000086f00000| PB 0x0000000086f00000| Untracked |  0
| 112|0x0000000087000000, 0x0000000087100000, 0x0000000087100000|100%| O|  |TAMS 0x0000000087000000| PB 0x0000000087000000| Untracked |  0
| 113|0x0000000087100000, 0x0000000087153590, 0x0000000087200000| 32%| O|  |TAMS 0x0000000087100000| PB 0x0000000087100000| Untracked |  0
| 114|0x0000000087200000, 0x0000000087300000, 0x0000000087300000|100%| S|CS|TAMS 0x0000000087200000| PB 0x0000000087200000| Complete |  0
| 115|0x0000000087300000, 0x0000000087400000, 0x0000000087400000|100%| S|CS|TAMS 0x0000000087300000| PB 0x0000000087300000| Complete |  0
| 116|0x0000000087400000, 0x0000000087500000, 0x0000000087500000|100%| S|CS|TAMS 0x0000000087400000| PB 0x0000000087400000| Complete |  0
| 117|0x0000000087500000, 0x0000000087600000, 0x0000000087600000|100%| S|CS|TAMS 0x0000000087500000| PB 0x0000000087500000| Complete |  0
| 118|0x0000000087600000, 0x0000000087600000, 0x0000000087700000|  0%| F|  |TAMS 0x0000000087600000| PB 0x0000000087600000| Untracked |  0
| 119|0x0000000087700000, 0x0000000087700000, 0x0000000087800000|  0%| F|  |TAMS 0x0000000087700000| PB 0x0000000087700000| Untracked |  0
| 120|0x0000000087800000, 0x0000000087800000, 0x0000000087900000|  0%| F|  |TAMS 0x0000000087800000| PB 0x0000000087800000| Untracked |  0
| 121|0x0000000087900000, 0x0000000087900000, 0x0000000087a00000|  0%| F|  |TAMS 0x0000000087900000| PB 0x0000000087900000| Untracked |  0
| 122|0x0000000087a00000, 0x0000000087a00000, 0x0000000087b00000|  0%| F|  |TAMS 0x0000000087a00000| PB 0x0000000087a00000| Untracked |  0
| 123|0x0000000087b00000, 0x0000000087b00000, 0x0000000087c00000|  0%| F|  |TAMS 0x0000000087b00000| PB 0x0000000087b00000| Untracked |  0
| 124|0x0000000087c00000, 0x0000000087c00000, 0x0000000087d00000|  0%| F|  |TAMS 0x0000000087c00000| PB 0x0000000087c00000| Untracked |  0
| 125|0x0000000087d00000, 0x0000000087d00000, 0x0000000087e00000|  0%| F|  |TAMS 0x0000000087d00000| PB 0x0000000087d00000| Untracked |  0
| 126|0x0000000087e00000, 0x0000000087e00000, 0x0000000087f00000|  0%| F|  |TAMS 0x0000000087e00000| PB 0x0000000087e00000| Untracked |  0
| 127|0x0000000087f00000, 0x0000000087f00000, 0x0000000088000000|  0%| F|  |TAMS 0x0000000087f00000| PB 0x0000000087f00000| Untracked |  0
| 128|0x0000000088000000, 0x0000000088000000, 0x0000000088100000|  0%| F|  |TAMS 0x0000000088000000| PB 0x0000000088000000| Untracked |  0
| 129|0x0000000088100000, 0x0000000088100000, 0x0000000088200000|  0%| F|  |TAMS 0x0000000088100000| PB 0x0000000088100000| Untracked |  0
| 130|0x0000000088200000, 0x0000000088200000, 0x0000000088300000|  0%| F|  |TAMS 0x0000000088200000| PB 0x0000000088200000| Untracked |  0
| 131|0x0000000088300000, 0x0000000088300000, 0x0000000088400000|  0%| F|  |TAMS 0x0000000088300000| PB 0x0000000088300000| Untracked |  0
| 132|0x0000000088400000, 0x0000000088400000, 0x0000000088500000|  0%| F|  |TAMS 0x0000000088400000| PB 0x0000000088400000| Untracked |  0
| 133|0x0000000088500000, 0x0000000088500000, 0x0000000088600000|  0%| F|  |TAMS 0x0000000088500000| PB 0x0000000088500000| Untracked |  0
| 134|0x0000000088600000, 0x0000000088600000, 0x0000000088700000|  0%| F|  |TAMS 0x0000000088600000| PB 0x0000000088600000| Untracked |  0
| 135|0x0000000088700000, 0x0000000088700000, 0x0000000088800000|  0%| F|  |TAMS 0x0000000088700000| PB 0x0000000088700000| Untracked |  0
| 136|0x0000000088800000, 0x0000000088800000, 0x0000000088900000|  0%| F|  |TAMS 0x0000000088800000| PB 0x0000000088800000| Untracked |  0
| 137|0x0000000088900000, 0x0000000088900000, 0x0000000088a00000|  0%| F|  |TAMS 0x0000000088900000| PB 0x0000000088900000| Untracked |  0
| 138|0x0000000088a00000, 0x0000000088a00000, 0x0000000088b00000|  0%| F|  |TAMS 0x0000000088a00000| PB 0x0000000088a00000| Untracked |  0
| 139|0x0000000088b00000, 0x0000000088b00000, 0x0000000088c00000|  0%| F|  |TAMS 0x0000000088b00000| PB 0x0000000088b00000| Untracked |  0
| 140|0x0000000088c00000, 0x0000000088c00000, 0x0000000088d00000|  0%| F|  |TAMS 0x0000000088c00000| PB 0x0000000088c00000| Untracked |  0
| 141|0x0000000088d00000, 0x0000000088d00000, 0x0000000088e00000|  0%| F|  |TAMS 0x0000000088d00000| PB 0x0000000088d00000| Untracked |  0
| 142|0x0000000088e00000, 0x0000000088e00000, 0x0000000088f00000|  0%| F|  |TAMS 0x0000000088e00000| PB 0x0000000088e00000| Untracked |  0
| 143|0x0000000088f00000, 0x0000000088f00000, 0x0000000089000000|  0%| F|  |TAMS 0x0000000088f00000| PB 0x0000000088f00000| Untracked |  0
| 144|0x0000000089000000, 0x0000000089000000, 0x0000000089100000|  0%| F|  |TAMS 0x0000000089000000| PB 0x0000000089000000| Untracked |  0
| 145|0x0000000089100000, 0x0000000089100000, 0x0000000089200000|  0%| F|  |TAMS 0x0000000089100000| PB 0x0000000089100000| Untracked |  0
| 146|0x0000000089200000, 0x0000000089200000, 0x0000000089300000|  0%| F|  |TAMS 0x0000000089200000| PB 0x0000000089200000| Untracked |  0
| 147|0x0000000089300000, 0x0000000089300000, 0x0000000089400000|  0%| F|  |TAMS 0x0000000089300000| PB 0x0000000089300000| Untracked |  0
| 148|0x0000000089400000, 0x0000000089400000, 0x0000000089500000|  0%| F|  |TAMS 0x0000000089400000| PB 0x0000000089400000| Untracked |  0
| 149|0x0000000089500000, 0x0000000089500000, 0x0000000089600000|  0%| F|  |TAMS 0x0000000089500000| PB 0x0000000089500000| Untracked |  0
| 150|0x0000000089600000, 0x0000000089600000, 0x0000000089700000|  0%| F|  |TAMS 0x0000000089600000| PB 0x0000000089600000| Untracked |  0
| 151|0x0000000089700000, 0x0000000089700000, 0x0000000089800000|  0%| F|  |TAMS 0x0000000089700000| PB 0x0000000089700000| Untracked |  0
| 152|0x0000000089800000, 0x0000000089800000, 0x0000000089900000|  0%| F|  |TAMS 0x0000000089800000| PB 0x0000000089800000| Untracked |  0
| 153|0x0000000089900000, 0x0000000089900000, 0x0000000089a00000|  0%| F|  |TAMS 0x0000000089900000| PB 0x0000000089900000| Untracked |  0
| 154|0x0000000089a00000, 0x0000000089a00000, 0x0000000089b00000|  0%| F|  |TAMS 0x0000000089a00000| PB 0x0000000089a00000| Untracked |  0
| 155|0x0000000089b00000, 0x0000000089b00000, 0x0000000089c00000|  0%| F|  |TAMS 0x0000000089b00000| PB 0x0000000089b00000| Untracked |  0
| 156|0x0000000089c00000, 0x0000000089c00000, 0x0000000089d00000|  0%| F|  |TAMS 0x0000000089c00000| PB 0x0000000089c00000| Untracked |  0
| 157|0x0000000089d00000, 0x0000000089d00000, 0x0000000089e00000|  0%| F|  |TAMS 0x0000000089d00000| PB 0x0000000089d00000| Untracked |  0
| 158|0x0000000089e00000, 0x0000000089e00000, 0x0000000089f00000|  0%| F|  |TAMS 0x0000000089e00000| PB 0x0000000089e00000| Untracked |  0
| 159|0x0000000089f00000, 0x0000000089f00000, 0x000000008a000000|  0%| F|  |TAMS 0x0000000089f00000| PB 0x0000000089f00000| Untracked |  0
| 160|0x000000008a000000, 0x000000008a000000, 0x000000008a100000|  0%| F|  |TAMS 0x000000008a000000| PB 0x000000008a000000| Untracked |  0
| 161|0x000000008a100000, 0x000000008a100000, 0x000000008a200000|  0%| F|  |TAMS 0x000000008a100000| PB 0x000000008a100000| Untracked |  0
| 162|0x000000008a200000, 0x000000008a200000, 0x000000008a300000|  0%| F|  |TAMS 0x000000008a200000| PB 0x000000008a200000| Untracked |  0
| 163|0x000000008a300000, 0x000000008a300000, 0x000000008a400000|  0%| F|  |TAMS 0x000000008a300000| PB 0x000000008a300000| Untracked |  0
| 164|0x000000008a400000, 0x000000008a400000, 0x000000008a500000|  0%| F|  |TAMS 0x000000008a400000| PB 0x000000008a400000| Untracked |  0
| 165|0x000000008a500000, 0x000000008a600000, 0x000000008a600000|100%| S|CS|TAMS 0x000000008a500000| PB 0x000000008a500000| Complete |  0
| 166|0x000000008a600000, 0x000000008a700000, 0x000000008a700000|100%| S|CS|TAMS 0x000000008a600000| PB 0x000000008a600000| Complete |  0
| 167|0x000000008a700000, 0x000000008a800000, 0x000000008a800000|100%| S|CS|TAMS 0x000000008a700000| PB 0x000000008a700000| Complete |  0
|2036|0x00000000ff400000, 0x00000000ff500000, 0x00000000ff500000|100%| O|  |TAMS 0x00000000ff400000| PB 0x00000000ff400000| Untracked |  0
|2037|0x00000000ff500000, 0x00000000ff600000, 0x00000000ff600000|100%| O|  |TAMS 0x00000000ff500000| PB 0x00000000ff500000| Untracked |  0
|2038|0x00000000ff600000, 0x00000000ff700000, 0x00000000ff700000|100%| O|  |TAMS 0x00000000ff600000| PB 0x00000000ff600000| Untracked |  0
|2039|0x00000000ff700000, 0x00000000ff800000, 0x00000000ff800000|100%| O|  |TAMS 0x00000000ff700000| PB 0x00000000ff700000| Untracked |  0
|2040|0x00000000ff800000, 0x00000000ff900000, 0x00000000ff900000|100%| O|  |TAMS 0x00000000ff800000| PB 0x00000000ff800000| Untracked |  0
|2041|0x00000000ff900000, 0x00000000ffa00000, 0x00000000ffa00000|100%| O|  |TAMS 0x00000000ff900000| PB 0x00000000ff900000| Untracked |  0
|2042|0x00000000ffa00000, 0x00000000ffb00000, 0x00000000ffb00000|100%| O|  |TAMS 0x00000000ffa00000| PB 0x00000000ffa00000| Untracked |  0
|2043|0x00000000ffb00000, 0x00000000ffb00000, 0x00000000ffc00000|  0%| F|  |TAMS 0x00000000ffb00000| PB 0x00000000ffb00000| Untracked |  0
|2044|0x00000000ffc00000, 0x00000000ffd00000, 0x00000000ffd00000|100%| O|  |TAMS 0x00000000ffc00000| PB 0x00000000ffc00000| Untracked |  0
|2045|0x00000000ffd00000, 0x00000000ffe00000, 0x00000000ffe00000|100%| O|  |TAMS 0x00000000ffd00000| PB 0x00000000ffd00000| Untracked |  0
|2046|0x00000000ffe00000, 0x00000000fff00000, 0x00000000fff00000|100%| O|  |TAMS 0x00000000ffe00000| PB 0x00000000ffe00000| Untracked |  0
|2047|0x00000000fff00000, 0x0000000100000000, 0x0000000100000000|100%| O|  |TAMS 0x00000000fff00000| PB 0x00000000fff00000| Untracked |  0

Card table byte_map: [0x0000020ed5d30000,0x0000020ed6130000] _byte_map_base: 0x0000020ed5930000

Marking Bits: (CMBitMap*) 0x0000020ebde26120
 Bits: [0x0000020ed6130000, 0x0000020ed8130000)

Polling page: 0x0000020ebbb80000

Metaspace:

Usage:
  Non-class:     94.41 MB used.
      Class:     14.58 MB used.
       Both:    108.99 MB used.

Virtual space:
  Non-class space:      128.00 MB reserved,      95.56 MB ( 75%) committed,  2 nodes.
      Class space:        1.00 GB reserved,      15.62 MB (  2%) committed,  1 nodes.
             Both:        1.12 GB reserved,     111.19 MB ( 10%) committed. 

Chunk freelists:
   Non-Class:  160.00 KB
       Class:  368.00 KB
        Both:  528.00 KB

MaxMetaspaceSize: unlimited
CompressedClassSpaceSize: 1.00 GB
Initial GC threshold: 21.00 MB
Current GC threshold: 185.25 MB
CDS: on
 - commit_granule_bytes: 65536.
 - commit_granule_words: 8192.
 - virtual_space_node_default_size: 8388608.
 - enlarge_chunks_in_place: 1.
 - use_allocation_guard: 0.


Internal statistics:

num_allocs_failed_limit: 6.
num_arena_births: 3882.
num_arena_deaths: 0.
num_vsnodes_births: 3.
num_vsnodes_deaths: 0.
num_space_committed: 1777.
num_space_uncommitted: 0.
num_chunks_returned_to_freelist: 6.
num_chunks_taken_from_freelist: 8339.
num_chunk_merges: 6.
num_chunk_splits: 5981.
num_chunks_enlarged: 4261.
num_inconsistent_stats: 0.

CodeHeap 'non-profiled nmethods': size=120064Kb used=5690Kb max_used=5690Kb free=114373Kb
 bounds [0x0000020ecdfb0000, 0x0000020ece540000, 0x0000020ed54f0000]
CodeHeap 'profiled nmethods': size=120000Kb used=19893Kb max_used=20274Kb free=100106Kb
 bounds [0x0000020ec64f0000, 0x0000020ec78c0000, 0x0000020ecda20000]
CodeHeap 'non-nmethods': size=5696Kb used=2276Kb max_used=2345Kb free=3419Kb
 bounds [0x0000020ecda20000, 0x0000020ecdc90000, 0x0000020ecdfb0000]
CodeCache: size=245760Kb, used=27859Kb, max_used=28309Kb, free=217898Kb
 total_blobs=13533, nmethods=12547, adapters=889, full_count=0
Compilation: enabled, stopped_count=0, restarted_count=0

Compilation events (20 events):
Event: 120.409 Thread 0x0000020edaba2c10 14487       4       gnu.trove.THashIterator::next (13 bytes)
Event: 120.412 Thread 0x0000020edaba58a0 14488       1       org.jetbrains.kotlin.metadata.ProtoBuf$PackageFragment::getQualifiedNames (5 bytes)
Event: 120.413 Thread 0x0000020edaba58a0 nmethod 14488 0x0000020ece53de88 code [0x0000020ece53dfa0, 0x0000020ece53e068]
Event: 120.413 Thread 0x0000020edaba58a0 14489       1       org.jetbrains.kotlin.metadata.ProtoBuf$PackageFragment::getPackage (5 bytes)
Event: 120.413 Thread 0x0000020edaba58a0 nmethod 14489 0x0000020ece53e188 code [0x0000020ece53e2a0, 0x0000020ece53e368]
Event: 120.414 Thread 0x0000020edaba2c10 nmethod 14487 0x0000020ece53e488 code [0x0000020ece53e5a0, 0x0000020ece53e7b8]
Event: 120.430 Thread 0x0000020f342c45b0 14490   !   4       org.jetbrains.kotlin.metadata.ProtoBuf$Package::<init> (656 bytes)
Event: 120.447 Thread 0x0000020edaba2c10 14491   !   4       org.jetbrains.kotlin.metadata.ProtoBuf$Annotation$Argument::<init> (342 bytes)
Event: 120.481 Thread 0x0000020edaba58a0 14493       3       org.jetbrains.kotlin.descriptors.impl.PackageFragmentDescriptorImpl::<init> (74 bytes)
Event: 120.484 Thread 0x0000020edaba58a0 nmethod 14493 0x0000020ec6d0da08 code [0x0000020ec6d0dd60, 0x0000020ec6d0f400]
Event: 120.489 Thread 0x0000020edaba58a0 14494       3       org.jetbrains.kotlin.metadata.jvm.JvmProtoBuf$JvmPropertySignature$Builder::mergeField (58 bytes)
Event: 120.490 Thread 0x0000020edaba58a0 nmethod 14494 0x0000020ec6ad7788 code [0x0000020ec6ad7900, 0x0000020ec6ad7d20]
Event: 120.490 Thread 0x0000020edaba58a0 14495       3       org.jetbrains.kotlin.storage.LockBasedStorageManager$CacheWithNullableValuesBasedOnMemoizedFunction$1::invoke (9 bytes)
Event: 120.492 Thread 0x0000020edaba58a0 nmethod 14495 0x0000020ec6fcee08 code [0x0000020ec6fcef40, 0x0000020ec6fcf270]
Event: 120.492 Thread 0x0000020edaba58a0 14496       3       org.jetbrains.kotlin.storage.LockBasedStorageManager$CacheWithNullableValuesBasedOnMemoizedFunction$1::invoke (10 bytes)
Event: 120.492 Thread 0x0000020edaba58a0 nmethod 14496 0x0000020ec6da6d08 code [0x0000020ec6da6e40, 0x0000020ec6da7030]
Event: 120.496 Thread 0x0000020edaba58a0 14498       3       kotlin.collections.ArraysKt___ArraysKt$asIterable$$inlined$Iterable$1::iterator (10 bytes)
Event: 120.497 Thread 0x0000020edaba58a0 nmethod 14498 0x0000020ec6549988 code [0x0000020ec6549ba0, 0x0000020ec654a730]
Event: 120.499 Thread 0x0000020edaba58a0 14499       3       gnu.trove.THashSet::<init> (5 bytes)
Event: 120.499 Thread 0x0000020edaba58a0 nmethod 14499 0x0000020ec75e5508 code [0x0000020ec75e5660, 0x0000020ec75e58d0]

GC Heap History (20 events):
Event: 102.019 GC heap after
{Heap after GC invocations=38 (full 0):
 garbage-first heap   total reserved 2097152K, committed 143360K, used 91002K [0x0000000080000000, 0x0000000100000000)
  region size 1024K, 6 young (6144K), 6 survivors (6144K)
 Metaspace       used 101811K, committed 103872K, reserved 1179648K
  class space    used 13597K, committed 14528K, reserved 1048576K
}
Event: 105.009 GC heap before
{Heap before GC invocations=38 (full 0):
 garbage-first heap   total reserved 2097152K, committed 143360K, used 129914K [0x0000000080000000, 0x0000000100000000)
  region size 1024K, 44 young (45056K), 6 survivors (6144K)
 Metaspace       used 106451K, committed 108608K, reserved 1179648K
  class space    used 14376K, committed 15424K, reserved 1048576K
}
Event: 105.020 GC heap after
{Heap after GC invocations=39 (full 0):
 garbage-first heap   total reserved 2097152K, committed 143360K, used 93865K [0x0000000080000000, 0x0000000100000000)
  region size 1024K, 3 young (3072K), 3 survivors (3072K)
 Metaspace       used 106451K, committed 108608K, reserved 1179648K
  class space    used 14376K, committed 15424K, reserved 1048576K
}
Event: 106.431 GC heap before
{Heap before GC invocations=40 (full 0):
 garbage-first heap   total reserved 2097152K, committed 157696K, used 131753K [0x0000000080000000, 0x0000000100000000)
  region size 1024K, 39 young (39936K), 3 survivors (3072K)
 Metaspace       used 107164K, committed 109440K, reserved 1179648K
  class space    used 14474K, committed 15552K, reserved 1048576K
}
Event: 106.442 GC heap after
{Heap after GC invocations=41 (full 0):
 garbage-first heap   total reserved 2097152K, committed 157696K, used 103260K [0x0000000080000000, 0x0000000100000000)
  region size 1024K, 5 young (5120K), 5 survivors (5120K)
 Metaspace       used 107164K, committed 109440K, reserved 1179648K
  class space    used 14474K, committed 15552K, reserved 1048576K
}
Event: 107.415 GC heap before
{Heap before GC invocations=41 (full 0):
 garbage-first heap   total reserved 2097152K, committed 157696K, used 141148K [0x0000000080000000, 0x0000000100000000)
  region size 1024K, 42 young (43008K), 5 survivors (5120K)
 Metaspace       used 107633K, committed 109824K, reserved 1179648K
  class space    used 14501K, committed 15552K, reserved 1048576K
}
Event: 107.430 GC heap after
{Heap after GC invocations=42 (full 0):
 garbage-first heap   total reserved 2097152K, committed 157696K, used 97238K [0x0000000080000000, 0x0000000100000000)
  region size 1024K, 4 young (4096K), 4 survivors (4096K)
 Metaspace       used 107633K, committed 109824K, reserved 1179648K
  class space    used 14501K, committed 15552K, reserved 1048576K
}
Event: 111.752 GC heap before
{Heap before GC invocations=42 (full 0):
 garbage-first heap   total reserved 2097152K, committed 157696K, used 141270K [0x0000000080000000, 0x0000000100000000)
  region size 1024K, 47 young (48128K), 4 survivors (4096K)
 Metaspace       used 110607K, committed 112832K, reserved 1179648K
  class space    used 14865K, committed 15872K, reserved 1048576K
}
Event: 111.772 GC heap after
{Heap after GC invocations=43 (full 0):
 garbage-first heap   total reserved 2097152K, committed 157696K, used 103746K [0x0000000080000000, 0x0000000100000000)
  region size 1024K, 6 young (6144K), 6 survivors (6144K)
 Metaspace       used 110607K, committed 112832K, reserved 1179648K
  class space    used 14865K, committed 15872K, reserved 1048576K
}
Event: 115.561 GC heap before
{Heap before GC invocations=44 (full 0):
 garbage-first heap   total reserved 2097152K, committed 174080K, used 140610K [0x0000000080000000, 0x0000000100000000)
  region size 1024K, 43 young (44032K), 6 survivors (6144K)
 Metaspace       used 111053K, committed 113280K, reserved 1179648K
  class space    used 14896K, committed 15936K, reserved 1048576K
}
Event: 115.574 GC heap after
{Heap after GC invocations=45 (full 0):
 garbage-first heap   total reserved 2097152K, committed 174080K, used 107375K [0x0000000080000000, 0x0000000100000000)
  region size 1024K, 4 young (4096K), 4 survivors (4096K)
 Metaspace       used 111053K, committed 113280K, reserved 1179648K
  class space    used 14896K, committed 15936K, reserved 1048576K
}
Event: 116.861 GC heap before
{Heap before GC invocations=45 (full 0):
 garbage-first heap   total reserved 2097152K, committed 174080K, used 155503K [0x0000000080000000, 0x0000000100000000)
  region size 1024K, 52 young (53248K), 4 survivors (4096K)
 Metaspace       used 111332K, committed 113472K, reserved 1179648K
  class space    used 14908K, committed 15936K, reserved 1048576K
}
Event: 116.886 GC heap after
{Heap after GC invocations=46 (full 0):
 garbage-first heap   total reserved 2097152K, committed 174080K, used 94938K [0x0000000080000000, 0x0000000100000000)
  region size 1024K, 5 young (5120K), 5 survivors (5120K)
 Metaspace       used 111332K, committed 113472K, reserved 1179648K
  class space    used 14908K, committed 15936K, reserved 1048576K
}
Event: 117.884 GC heap before
{Heap before GC invocations=46 (full 0):
 garbage-first heap   total reserved 2097152K, committed 174080K, used 154330K [0x0000000080000000, 0x0000000100000000)
  region size 1024K, 64 young (65536K), 5 survivors (5120K)
 Metaspace       used 111354K, committed 113536K, reserved 1179648K
  class space    used 14909K, committed 15936K, reserved 1048576K
}
Event: 117.894 GC heap after
{Heap after GC invocations=47 (full 0):
 garbage-first heap   total reserved 2097152K, committed 174080K, used 95892K [0x0000000080000000, 0x0000000100000000)
  region size 1024K, 5 young (5120K), 5 survivors (5120K)
 Metaspace       used 111354K, committed 113536K, reserved 1179648K
  class space    used 14909K, committed 15936K, reserved 1048576K
}
Event: 118.572 GC heap before
{Heap before GC invocations=47 (full 0):
 garbage-first heap   total reserved 2097152K, committed 174080K, used 113300K [0x0000000080000000, 0x0000000100000000)
  region size 1024K, 23 young (23552K), 5 survivors (5120K)
 Metaspace       used 111522K, committed 113792K, reserved 1179648K
  class space    used 14931K, committed 16000K, reserved 1048576K
}
Event: 118.578 GC heap after
{Heap after GC invocations=48 (full 0):
 garbage-first heap   total reserved 2097152K, committed 174080K, used 96828K [0x0000000080000000, 0x0000000100000000)
  region size 1024K, 5 young (5120K), 5 survivors (5120K)
 Metaspace       used 111522K, committed 113792K, reserved 1179648K
  class space    used 14931K, committed 16000K, reserved 1048576K
}
Event: 119.697 GC heap before
{Heap before GC invocations=49 (full 0):
 garbage-first heap   total reserved 2097152K, committed 174080K, used 162364K [0x0000000080000000, 0x0000000100000000)
  region size 1024K, 63 young (64512K), 5 survivors (5120K)
 Metaspace       used 111558K, committed 113792K, reserved 1179648K
  class space    used 14931K, committed 16000K, reserved 1048576K
}
Event: 119.715 GC heap after
{Heap after GC invocations=50 (full 0):
 garbage-first heap   total reserved 2097152K, committed 181248K, used 110451K [0x0000000080000000, 0x0000000100000000)
  region size 1024K, 8 young (8192K), 8 survivors (8192K)
 Metaspace       used 111558K, committed 113792K, reserved 1179648K
  class space    used 14931K, committed 16000K, reserved 1048576K
}
Event: 120.532 GC heap before
{Heap before GC invocations=50 (full 0):
 garbage-first heap   total reserved 2097152K, committed 181248K, used 164723K [0x0000000080000000, 0x0000000100000000)
  region size 1024K, 56 young (57344K), 8 survivors (8192K)
 Metaspace       used 111606K, committed 113856K, reserved 1179648K
  class space    used 14931K, committed 16000K, reserved 1048576K
}

Dll operation events (15 events):
Event: 0.053 Loaded shared library C:\Program Files\Java\jdk-23\bin\java.dll
Event: 0.249 Loaded shared library C:\Program Files\Java\jdk-23\bin\jsvml.dll
Event: 0.443 Loaded shared library C:\Program Files\Java\jdk-23\bin\zip.dll
Event: 0.453 Loaded shared library C:\Program Files\Java\jdk-23\bin\instrument.dll
Event: 0.461 Loaded shared library C:\Program Files\Java\jdk-23\bin\net.dll
Event: 0.465 Loaded shared library C:\Program Files\Java\jdk-23\bin\nio.dll
Event: 0.472 Loaded shared library C:\Program Files\Java\jdk-23\bin\zip.dll
Event: 1.834 Loaded shared library C:\Program Files\Java\jdk-23\bin\jimage.dll
Event: 2.507 Loaded shared library C:\Program Files\Java\jdk-23\bin\verify.dll
Event: 3.249 Loaded shared library C:\Users\user\.gradle\native\c067742578af261105cb4f569cf0c3c89f3d7b1fecec35dd04571415982c5e48\windows-amd64\native-platform.dll
Event: 3.491 Loaded shared library C:\Users\user\.gradle\native\100fb08df4bc3b14c8652ba06237920a3bd2aa13389f12d3474272988ae205f9\windows-amd64\native-platform-file-events.dll
Event: 12.078 Loaded shared library C:\Program Files\Java\jdk-23\bin\management.dll
Event: 12.085 Loaded shared library C:\Program Files\Java\jdk-23\bin\management_ext.dll
Event: 13.313 Loaded shared library C:\Program Files\Java\jdk-23\bin\extnet.dll
Event: 14.047 Loaded shared library C:\Program Files\Java\jdk-23\bin\sunmscapi.dll

Deoptimization events (20 events):
Event: 118.354 Thread 0x0000020f21b1db10 DEOPT PACKING pc=0x0000020ece509a10 sp=0x000000947d7f8c00
Event: 118.354 Thread 0x0000020f21b1db10 DEOPT UNPACKING pc=0x0000020ecda74402 sp=0x000000947d7f8a98 mode 2
Event: 118.548 Thread 0x0000020f21b1c0d0 Uncommon trap: trap_request=0xffffffbe fr.pc=0x0000020ece4a6784 relative=0x0000000000000324
Event: 118.548 Thread 0x0000020f21b1c0d0 Uncommon trap: reason=profile_predicate action=maybe_recompile pc=0x0000020ece4a6784 method=java.util.Collections.indexedBinarySearch(Ljava/util/List;Ljava/lang/Object;)I @ 13 c2
Event: 118.548 Thread 0x0000020f21b1c0d0 DEOPT PACKING pc=0x0000020ece4a6784 sp=0x000000947dbf70f0
Event: 118.548 Thread 0x0000020f21b1c0d0 DEOPT UNPACKING pc=0x0000020ecda74402 sp=0x000000947dbf7070 mode 2
Event: 119.366 Thread 0x0000020f21b1db10 DEOPT PACKING pc=0x0000020ec78bc33b sp=0x000000947d7f57c0
Event: 119.366 Thread 0x0000020f21b1db10 DEOPT UNPACKING pc=0x0000020ecda74b22 sp=0x000000947d7f4d10 mode 0
Event: 119.373 Thread 0x0000020f21b1db10 DEOPT PACKING pc=0x0000020ec66398ab sp=0x000000947d7f59e0
Event: 119.373 Thread 0x0000020f21b1db10 DEOPT UNPACKING pc=0x0000020ecda74b22 sp=0x000000947d7f4f30 mode 0
Event: 119.397 Thread 0x0000020f21b1db10 Uncommon trap: trap_request=0xffffffe4 fr.pc=0x0000020ecdfe0020 relative=0x0000000000000c60
Event: 119.397 Thread 0x0000020f21b1db10 Uncommon trap: reason=range_check action=make_not_entrant pc=0x0000020ecdfe0020 method=java.util.zip.ZipUtils.get16([BI)I @ 11 c2
Event: 119.397 Thread 0x0000020f21b1db10 DEOPT PACKING pc=0x0000020ecdfe0020 sp=0x000000947d7f5700
Event: 119.397 Thread 0x0000020f21b1db10 DEOPT UNPACKING pc=0x0000020ecda74402 sp=0x000000947d7f5630 mode 2
Event: 119.415 Thread 0x0000020f21b1db10 DEOPT PACKING pc=0x0000020ec66398ab sp=0x000000947d7f59e0
Event: 119.415 Thread 0x0000020f21b1db10 DEOPT UNPACKING pc=0x0000020ecda74b22 sp=0x000000947d7f4f30 mode 0
Event: 119.472 Thread 0x0000020f21b1db10 DEOPT PACKING pc=0x0000020ec66398ab sp=0x000000947d7f59e0
Event: 119.472 Thread 0x0000020f21b1db10 DEOPT UNPACKING pc=0x0000020ecda74b22 sp=0x000000947d7f4f30 mode 0
Event: 119.533 Thread 0x0000020f21b1db10 DEOPT PACKING pc=0x0000020ec66398ab sp=0x000000947d7f59d0
Event: 119.533 Thread 0x0000020f21b1db10 DEOPT UNPACKING pc=0x0000020ecda74b22 sp=0x000000947d7f4f20 mode 0

Classes loaded (20 events):
Event: 108.630 Loading class jdk/internal/access/JavaObjectInputFilterAccess
Event: 108.630 Loading class jdk/internal/access/JavaObjectInputFilterAccess done
Event: 108.631 Loading class java/lang/System$Logger$Level
Event: 108.633 Loading class java/lang/System$Logger$Level done
Event: 108.634 Loading class jdk/internal/event/DeserializationEvent
Event: 108.635 Loading class jdk/internal/event/DeserializationEvent done
Event: 108.635 Loading class java/io/ObjectInputStream$FieldValues
Event: 108.636 Loading class java/io/ObjectInputStream$GetField
Event: 108.636 Loading class java/io/ObjectInputStream$GetField done
Event: 108.636 Loading class java/io/ObjectInputStream$FieldValues done
Event: 108.652 Loading class sun/reflect/ReflectionFactory
Event: 108.653 Loading class sun/reflect/ReflectionFactory done
Event: 108.653 Loading class sun/reflect/ReflectionFactory$1
Event: 108.654 Loading class sun/reflect/ReflectionFactory$1 done
Event: 110.293 Loading class java/util/Collections$ReverseComparator
Event: 110.294 Loading class java/util/Collections$ReverseComparator done
Event: 110.294 Loading class java/util/Collections$ReverseComparator2
Event: 110.295 Loading class java/util/Collections$ReverseComparator2 done
Event: 110.856 Loading class java/util/LinkedList$LLSpliterator
Event: 110.857 Loading class java/util/LinkedList$LLSpliterator done

Classes unloaded (0 events):
No events

Classes redefined (0 events):
No events

Internal exceptions (20 events):
Event: 107.867 Thread 0x0000020f21b1db10 Exception <a 'sun/nio/fs/WindowsException'{0x0000000088d6f238}> (0x0000000088d6f238) 
thrown [s\open\src\hotspot\share\prims\jni.cpp, line 520]
Event: 107.879 Thread 0x0000020f21b1db10 Exception <a 'sun/nio/fs/WindowsException'{0x0000000088d78248}> (0x0000000088d78248) 
thrown [s\open\src\hotspot\share\prims\jni.cpp, line 520]
Event: 108.557 Thread 0x0000020f21b1db10 Exception <a 'java/lang/NoSuchMethodError'{0x0000000088aa4cc0}: static Lorg/gradle/api/internal/catalog/DefaultVersionCatalog;.<clinit>()V> (0x0000000088aa4cc0) 
thrown [s\open\src\hotspot\share\prims\jni.cpp, line 1111]
Event: 108.571 Thread 0x0000020f21b1db10 Exception <a 'java/lang/NoSuchMethodError'{0x0000000088ad3ad8}: 'long java.lang.invoke.DirectMethodHandle$Holder.invokeSpecial(java.lang.Object, java.lang.Object)'> (0x0000000088ad3ad8) 
thrown [s\open\src\hotspot\share\interpreter\linkResolver.cpp, line 796]
Event: 108.572 Thread 0x0000020f21b1db10 Exception <a 'java/lang/NoSuchMethodError'{0x0000000088ad7c80}: 'long java.lang.invoke.Invokers$Holder.invokeExact_MT(java.lang.Object, java.lang.Object)'> (0x0000000088ad7c80) 
thrown [s\open\src\hotspot\share\interpreter\linkResolver.cpp, line 796]
Event: 108.575 Thread 0x0000020f21b1db10 Exception <a 'java/lang/NoSuchMethodError'{0x0000000088af83b0}: static [Ljava/lang/Object;.<clinit>()V> (0x0000000088af83b0) 
thrown [s\open\src\hotspot\share\prims\jni.cpp, line 1111]
Event: 108.581 Thread 0x0000020f21b1db10 Exception <a 'java/lang/NoSuchMethodError'{0x000000008892d140}: static Lorg/gradle/api/internal/catalog/DependencyModel;.<clinit>()V> (0x000000008892d140) 
thrown [s\open\src\hotspot\share\prims\jni.cpp, line 1111]
Event: 108.582 Thread 0x0000020f21b1db10 Exception <a 'java/lang/NoSuchMethodError'{0x0000000088930b50}: static Lorg/gradle/api/internal/catalog/AbstractContextAwareModel;.<clinit>()V> (0x0000000088930b50) 
thrown [s\open\src\hotspot\share\prims\jni.cpp, line 1111]
Event: 108.584 Thread 0x0000020f21b1db10 Exception <a 'java/lang/NoSuchMethodError'{0x0000000088946460}: static Lorg/gradle/api/internal/artifacts/dependencies/AbstractVersionConstraint;.<clinit>()V> (0x0000000088946460) 
thrown [s\open\src\hotspot\share\prims\jni.cpp, line 1111]
Event: 108.597 Thread 0x0000020f21b1db10 Exception <a 'java/lang/NoSuchMethodError'{0x0000000088997d88}: static Lorg/gradle/api/internal/catalog/PluginModel;.<clinit>()V> (0x0000000088997d88) 
thrown [s\open\src\hotspot\share\prims\jni.cpp, line 1111]
Event: 108.599 Thread 0x0000020f21b1db10 Exception <a 'java/lang/NoSuchMethodError'{0x00000000889acb00}: static Lorg/gradle/api/internal/catalog/VersionModel;.<clinit>()V> (0x00000000889acb00) 
thrown [s\open\src\hotspot\share\prims\jni.cpp, line 1111]
Event: 108.609 Thread 0x0000020f21b1db10 Exception <a 'java/lang/NoSuchMethodError'{0x00000000889d0658}: 'void java.lang.invoke.DirectMethodHandle$Holder.invokeSpecial(java.lang.Object, java.lang.Object, java.lang.Object, int)'> (0x00000000889d0658) 
thrown [s\open\src\hotspot\share\interpreter\linkResolver.cpp, line 796]
Event: 108.972 Thread 0x0000020f21b1db10 Exception <a 'java/lang/NoSuchMethodError'{0x0000000088408498}: 'int java.lang.invoke.DirectMethodHandle$Holder.invokeSpecialIFC(java.lang.Object, java.lang.Object, java.lang.Object)'> (0x0000000088408498) 
thrown [s\open\src\hotspot\share\interpreter\linkResolver.cpp, line 796]
Event: 109.178 Thread 0x0000020f21b1db10 Exception <a 'java/lang/NoSuchMethodError'{0x0000000088188a20}: 'java.lang.Object java.lang.invoke.DirectMethodHandle$Holder.invokeSpecial(java.lang.Object, java.lang.Object, java.lang.Object, java.lang.Object, java.lang.Object, long)'> (0x0000000088188a20) 
thrown [s\open\src\hotspot\share\interpreter\linkResolver.cpp, line 796]
Event: 109.181 Thread 0x0000020f21b1db10 Exception <a 'java/lang/NoSuchMethodError'{0x00000000881a7b30}: 'void java.lang.invoke.DirectMethodHandle$Holder.invokeStatic(java.lang.Object, java.lang.Object, java.lang.Object, int, java.lang.Object)'> (0x00000000881a7b30) 
thrown [s\open\src\hotspot\share\interpreter\linkResolver.cpp, line 796]
Event: 111.423 Thread 0x0000020f21b1db10 Exception <a 'java/lang/NoSuchMethodError'{0x0000000086df7178}: 'java.lang.Object java.lang.invoke.DirectMethodHandle$Holder.newInvokeSpecial(java.lang.Object, java.lang.Object, java.lang.Object, java.lang.Object, int, java.lang.Object)'> (0x0000000086df7178) 
thrown [s\open\src\hotspot\share\interpreter\linkResolver.cpp, line 796]
Event: 111.429 Thread 0x0000020f21b1db10 Exception <a 'java/lang/NoSuchMethodError'{0x0000000086dff9a8}: 'java.lang.Object java.lang.invoke.Invokers$Holder.linkToTargetMethod(java.lang.Object, java.lang.Object, java.lang.Object, int, java.lang.Object, java.lang.Object)'> (0x0000000086dff9a8) 
thrown [s\open\src\hotspot\share\interpreter\linkResolver.cpp, line 796]
Event: 115.628 Thread 0x0000020f21b1db10 Exception <a 'java/lang/NoSuchMethodError'{0x00000000ffb88310}: 'java.lang.Object java.lang.invoke.DirectMethodHandle$Holder.invokeSpecialIFC(java.lang.Object, java.lang.Object, java.lang.Object)'> (0x00000000ffb88310) 
thrown [s\open\src\hotspot\share\interpreter\linkResolver.cpp, line 796]
Event: 118.531 Thread 0x0000020f21b1db10 Exception <a 'sun/nio/fs/WindowsException'{0x00000000897dcd98}> (0x00000000897dcd98) 
thrown [s\open\src\hotspot\share\prims\jni.cpp, line 520]
Event: 118.532 Thread 0x0000020f21b1db10 Exception <a 'sun/nio/fs/WindowsException'{0x00000000897de898}> (0x00000000897de898) 
thrown [s\open\src\hotspot\share\prims\jni.cpp, line 520]

VM Operations (20 events):
Event: 115.475 Executing VM operation: HandshakeAllThreads (Deoptimize) done
Event: 115.561 Executing VM operation: G1CollectForAllocation (G1 Evacuation Pause)
Event: 115.574 Executing VM operation: G1CollectForAllocation (G1 Evacuation Pause) done
Event: 116.861 Executing VM operation: G1CollectForAllocation (G1 Evacuation Pause)
Event: 116.886 Executing VM operation: G1CollectForAllocation (G1 Evacuation Pause) done
Event: 117.884 Executing VM operation: G1CollectForAllocation (G1 Evacuation Pause)
Event: 117.894 Executing VM operation: G1CollectForAllocation (G1 Evacuation Pause) done
Event: 118.571 Executing VM operation: G1TryInitiateConcMark (G1 Humongous Allocation)
Event: 118.578 Executing VM operation: G1TryInitiateConcMark (G1 Humongous Allocation) done
Event: 118.726 Executing VM operation: G1PauseRemark
Event: 118.737 Executing VM operation: G1PauseRemark done
Event: 118.783 Executing VM operation: G1PauseCleanup
Event: 118.783 Executing VM operation: G1PauseCleanup done
Event: 119.697 Executing VM operation: G1CollectForAllocation (G1 Evacuation Pause)
Event: 119.715 Executing VM operation: G1CollectForAllocation (G1 Evacuation Pause) done
Event: 120.184 Executing VM operation: HandshakeAllThreads (HandshakeForDeflation)
Event: 120.184 Executing VM operation: HandshakeAllThreads (HandshakeForDeflation) done
Event: 120.184 Executing VM operation: RendezvousGCThreads
Event: 120.184 Executing VM operation: RendezvousGCThreads done
Event: 120.532 Executing VM operation: G1CollectForAllocation (G1 Evacuation Pause)

Memory protections (0 events):
No events

Nmethod flushes (20 events):
Event: 118.735 Thread 0x0000020edab5b920 flushing  nmethod 0x0000020ec6c25e08
Event: 118.735 Thread 0x0000020edab5b920 flushing  nmethod 0x0000020ec6c2ae08
Event: 118.735 Thread 0x0000020edab5b920 flushing  nmethod 0x0000020ec6c60708
Event: 118.735 Thread 0x0000020edab5b920 flushing  nmethod 0x0000020ec6cbae08
Event: 118.735 Thread 0x0000020edab5b920 flushing  nmethod 0x0000020ec6cbb188
Event: 118.735 Thread 0x0000020edab5b920 flushing  nmethod 0x0000020ec6cbc408
Event: 118.735 Thread 0x0000020edab5b920 flushing  nmethod 0x0000020ec6cf2f88
Event: 118.735 Thread 0x0000020edab5b920 flushing  nmethod 0x0000020ec6cf3588
Event: 118.735 Thread 0x0000020edab5b920 flushing  nmethod 0x0000020ec6d3ca88
Event: 118.735 Thread 0x0000020edab5b920 flushing  nmethod 0x0000020ec6e08b88
Event: 118.735 Thread 0x0000020edab5b920 flushing  nmethod 0x0000020ec6e3b908
Event: 118.735 Thread 0x0000020edab5b920 flushing  nmethod 0x0000020ec6fcb188
Event: 118.735 Thread 0x0000020edab5b920 flushing  nmethod 0x0000020ec6fefd08
Event: 118.735 Thread 0x0000020edab5b920 flushing  nmethod 0x0000020ec704d988
Event: 118.735 Thread 0x0000020edab5b920 flushing  nmethod 0x0000020ec733d088
Event: 118.735 Thread 0x0000020edab5b920 flushing  nmethod 0x0000020ec73c5008
Event: 118.735 Thread 0x0000020edab5b920 flushing  nmethod 0x0000020ec73c5308
Event: 118.735 Thread 0x0000020edab5b920 flushing  nmethod 0x0000020ec75ac308
Event: 118.735 Thread 0x0000020edab5b920 flushing  nmethod 0x0000020ec75e7c88
Event: 118.735 Thread 0x0000020edab5b920 flushing  nmethod 0x0000020ec75ec388

Events (20 events):
Event: 111.027 Thread 0x0000020f21b1db10 Thread added: 0x0000020f27189b30
Event: 111.028 Thread 0x0000020f21b1db10 Thread added: 0x0000020f271873d0
Event: 111.732 Thread 0x0000020f21b1db10 Thread added: 0x0000020f271866b0
Event: 111.836 Thread 0x0000020f21b1db10 Thread added: 0x0000020f2718c290
Event: 111.848 Thread 0x0000020f21b1db10 Thread added: 0x0000020f2718aee0
Event: 111.932 Thread 0x0000020f21b1db10 Thread added: 0x0000020f2718b570
Event: 111.945 Thread 0x0000020f21b1db10 Thread added: 0x0000020f2718bc00
Event: 111.959 Thread 0x0000020f21b1db10 Thread added: 0x0000020f2718d640
Event: 112.038 Thread 0x0000020f21b1db10 Thread added: 0x0000020f2718cfb0
Event: 115.631 Thread 0x0000020f21b1db10 Thread added: 0x0000020f24833ce0
Event: 115.632 Thread 0x0000020f21b1db10 Thread added: 0x0000020f24838510
Event: 115.633 Thread 0x0000020f21b1db10 Thread added: 0x0000020f248377f0
Event: 115.634 Thread 0x0000020f21b1db10 Thread added: 0x0000020f24837e80
Event: 115.636 Thread 0x0000020f21b1db10 Thread added: 0x0000020f24835090
Event: 115.637 Thread 0x0000020f21b1db10 Thread added: 0x0000020f24835720
Event: 115.638 Thread 0x0000020f21b1db10 Thread added: 0x0000020f24839230
Event: 116.527 Thread 0x0000020edaba58a0 Thread added: 0x0000020f342c4c80
Event: 118.949 Thread 0x0000020f342c4c80 Thread exited: 0x0000020f342c4c80
Event: 119.593 Thread 0x0000020edaba58a0 Thread added: 0x0000020f342c45b0
Event: 120.033 Thread 0x0000020edaba58a0 Thread added: 0x0000020f342c60f0


Dynamic libraries:
0x00007ff711590000 - 0x00007ff7115a0000 	C:\Program Files\Java\jdk-23\bin\java.exe
0x00007fff76b40000 - 0x00007fff76da6000 	C:\WINDOWS\SYSTEM32\ntdll.dll
0x00007fff75d10000 - 0x00007fff75dd9000 	C:\WINDOWS\System32\KERNEL32.DLL
0x00007fff740b0000 - 0x00007fff7447c000 	C:\WINDOWS\System32\KERNELBASE.dll
0x00007fff6d400000 - 0x00007fff6d49e000 	C:\WINDOWS\SYSTEM32\apphelp.dll
0x00007fff74630000 - 0x00007fff7477b000 	C:\WINDOWS\System32\ucrtbase.dll
0x00007fff69370000 - 0x00007fff6938b000 	C:\Program Files\Java\jdk-23\bin\VCRUNTIME140.dll
0x00007fff5f1b0000 - 0x00007fff5f1c7000 	C:\Program Files\Java\jdk-23\bin\jli.dll
0x00007fff756a0000 - 0x00007fff7586a000 	C:\WINDOWS\System32\USER32.dll
0x00007fff74480000 - 0x00007fff744a7000 	C:\WINDOWS\System32\win32u.dll
0x00007fff58e10000 - 0x00007fff590aa000 	C:\WINDOWS\WinSxS\amd64_microsoft.windows.common-controls_6595b64144ccf1df_6.0.26100.3912_none_3e07963ce335137e\COMCTL32.dll
0x00007fff75c60000 - 0x00007fff75d09000 	C:\WINDOWS\System32\msvcrt.dll
0x00007fff75670000 - 0x00007fff7569b000 	C:\WINDOWS\System32\GDI32.dll
0x00007fff73cd0000 - 0x00007fff73e02000 	C:\WINDOWS\System32\gdi32full.dll
0x00007fff73f40000 - 0x00007fff73fe3000 	C:\WINDOWS\System32\msvcp_win.dll
0x00007fff75630000 - 0x00007fff75660000 	C:\WINDOWS\System32\IMM32.DLL
0x00007fff69ce0000 - 0x00007fff69cec000 	C:\Program Files\Java\jdk-23\bin\vcruntime140_1.dll
0x00007fff30440000 - 0x00007fff304ce000 	C:\Program Files\Java\jdk-23\bin\msvcp140.dll
0x00007ffee0c70000 - 0x00007ffee19bf000 	C:\Program Files\Java\jdk-23\bin\server\jvm.dll
0x00007fff76270000 - 0x00007fff76322000 	C:\WINDOWS\System32\ADVAPI32.dll
0x00007fff74b70000 - 0x00007fff74c16000 	C:\WINDOWS\System32\sechost.dll
0x00007fff769e0000 - 0x00007fff76af6000 	C:\WINDOWS\System32\RPCRT4.dll
0x00007fff74d80000 - 0x00007fff74df4000 	C:\WINDOWS\System32\WS2_32.dll
0x00007fff73b40000 - 0x00007fff73b9e000 	C:\WINDOWS\SYSTEM32\POWRPROF.dll
0x00007fff67f50000 - 0x00007fff67f5b000 	C:\WINDOWS\SYSTEM32\VERSION.dll
0x00007fff5c2f0000 - 0x00007fff5c326000 	C:\WINDOWS\SYSTEM32\WINMM.dll
0x00007fff73b20000 - 0x00007fff73b34000 	C:\WINDOWS\SYSTEM32\UMPDC.dll
0x00007fff72a90000 - 0x00007fff72aaa000 	C:\WINDOWS\SYSTEM32\kernel.appcore.dll
0x00007fff5f6d0000 - 0x00007fff5f6da000 	C:\Program Files\Java\jdk-23\bin\jimage.dll
0x00007fff6e480000 - 0x00007fff6e6c1000 	C:\WINDOWS\SYSTEM32\DBGHELP.DLL
0x00007fff76500000 - 0x00007fff76884000 	C:\WINDOWS\System32\combase.dll
0x00007fff76340000 - 0x00007fff76420000 	C:\WINDOWS\System32\OLEAUT32.dll
0x00007fff585e0000 - 0x00007fff58619000 	C:\WINDOWS\SYSTEM32\dbgcore.DLL
0x00007fff73e10000 - 0x00007fff73ea9000 	C:\WINDOWS\System32\bcryptPrimitives.dll
0x00007fff5b690000 - 0x00007fff5b69f000 	C:\Program Files\Java\jdk-23\bin\instrument.dll
0x00007fff5ef90000 - 0x00007fff5efae000 	C:\Program Files\Java\jdk-23\bin\java.dll
0x00007fff758b0000 - 0x00007fff75a4f000 	C:\WINDOWS\System32\ole32.dll
0x00007fff74f00000 - 0x00007fff7562d000 	C:\WINDOWS\System32\SHELL32.dll
0x00007fff744b0000 - 0x00007fff74624000 	C:\WINDOWS\System32\wintypes.dll
0x00007fff71980000 - 0x00007fff721d6000 	C:\WINDOWS\SYSTEM32\windows.storage.dll
0x00007fff74900000 - 0x00007fff749ef000 	C:\WINDOWS\System32\SHCORE.dll
0x00007fff76490000 - 0x00007fff764f9000 	C:\WINDOWS\System32\shlwapi.dll
0x00007fff73be0000 - 0x00007fff73c0f000 	C:\WINDOWS\SYSTEM32\profapi.dll
0x00007fff2ffa0000 - 0x00007fff30077000 	C:\Program Files\Java\jdk-23\bin\jsvml.dll
0x00007fff5c5b0000 - 0x00007fff5c5c7000 	C:\Program Files\Java\jdk-23\bin\zip.dll
0x00007fff5f4f0000 - 0x00007fff5f500000 	C:\Program Files\Java\jdk-23\bin\net.dll
0x00007fff73000000 - 0x00007fff7306a000 	C:\WINDOWS\system32\mswsock.dll
0x00007fff5d620000 - 0x00007fff5d636000 	C:\Program Files\Java\jdk-23\bin\nio.dll
0x00007fff5e8c0000 - 0x00007fff5e8d0000 	C:\Program Files\Java\jdk-23\bin\verify.dll
0x00007fff5efe0000 - 0x00007fff5f007000 	C:\Users\user\.gradle\native\c067742578af261105cb4f569cf0c3c89f3d7b1fecec35dd04571415982c5e48\windows-amd64\native-platform.dll
0x00007fff15730000 - 0x00007fff15874000 	C:\Users\user\.gradle\native\100fb08df4bc3b14c8652ba06237920a3bd2aa13389f12d3474272988ae205f9\windows-amd64\native-platform-file-events.dll
0x00007fff5bcf0000 - 0x00007fff5bcfa000 	C:\Program Files\Java\jdk-23\bin\management.dll
0x00007fff5bce0000 - 0x00007fff5bceb000 	C:\Program Files\Java\jdk-23\bin\management_ext.dll
0x00007fff76330000 - 0x00007fff76338000 	C:\WINDOWS\System32\PSAPI.DLL
0x00007fff732a0000 - 0x00007fff732bc000 	C:\WINDOWS\SYSTEM32\CRYPTSP.dll
0x00007fff729f0000 - 0x00007fff72a2a000 	C:\WINDOWS\system32\rsaenh.dll
0x00007fff730a0000 - 0x00007fff730cb000 	C:\WINDOWS\SYSTEM32\USERENV.dll
0x00007fff73bb0000 - 0x00007fff73bd6000 	C:\WINDOWS\SYSTEM32\bcrypt.dll
0x00007fff732c0000 - 0x00007fff732cc000 	C:\WINDOWS\SYSTEM32\CRYPTBASE.dll
0x00007fff724d0000 - 0x00007fff72503000 	C:\WINDOWS\SYSTEM32\IPHLPAPI.DLL
0x00007fff74d70000 - 0x00007fff74d7a000 	C:\WINDOWS\System32\NSI.dll
0x00007fff5b7c0000 - 0x00007fff5b7c9000 	C:\Program Files\Java\jdk-23\bin\extnet.dll
0x00007fff5b620000 - 0x00007fff5b62e000 	C:\Program Files\Java\jdk-23\bin\sunmscapi.dll
0x00007fff74780000 - 0x00007fff748f7000 	C:\WINDOWS\System32\CRYPT32.dll
0x00007fff734b0000 - 0x00007fff734e0000 	C:\WINDOWS\SYSTEM32\ncrypt.dll
0x00007fff73460000 - 0x00007fff7349f000 	C:\WINDOWS\SYSTEM32\NTASN1.dll
0x00007fff693c0000 - 0x00007fff693c8000 	C:\WINDOWS\system32\wshunix.dll

dbghelp: loaded successfully - version: 4.0.5 - missing functions: none
symbol engine: initialized successfully - sym options: 0x614 - pdb path: .;C:\Program Files\Java\jdk-23\bin;C:\WINDOWS\SYSTEM32;C:\WINDOWS\WinSxS\amd64_microsoft.windows.common-controls_6595b64144ccf1df_6.0.26100.3912_none_3e07963ce335137e;C:\Program Files\Java\jdk-23\bin\server;C:\Users\user\.gradle\native\c067742578af261105cb4f569cf0c3c89f3d7b1fecec35dd04571415982c5e48\windows-amd64;C:\Users\user\.gradle\native\100fb08df4bc3b14c8652ba06237920a3bd2aa13389f12d3474272988ae205f9\windows-amd64

VM Arguments:
jvm_args: --add-opens=java.base/java.util=ALL-UNNAMED --add-opens=java.base/java.lang=ALL-UNNAMED --add-opens=java.base/java.lang.invoke=ALL-UNNAMED --add-opens=java.prefs/java.util.prefs=ALL-UNNAMED --add-exports=jdk.compiler/com.sun.tools.javac.api=ALL-UNNAMED --add-exports=jdk.compiler/com.sun.tools.javac.util=ALL-UNNAMED --add-opens=java.base/java.nio.charset=ALL-UNNAMED --add-opens=java.base/java.net=ALL-UNNAMED --add-opens=java.base/java.util.concurrent.atomic=ALL-UNNAMED -Xmx2048m -Dfile.encoding=UTF-8 -Duser.country=US -Duser.language=en -Duser.variant -javaagent:C:\Users\user\.gradle\wrapper\dists\gradle-8.9-bin\90cnw93cvbtalezasaz0blq0a\gradle-8.9\lib\agents\gradle-instrumentation-agent-8.9.jar 
java_command: org.gradle.launcher.daemon.bootstrap.GradleDaemon 8.9
java_class_path (initial): C:\Users\user\.gradle\wrapper\dists\gradle-8.9-bin\90cnw93cvbtalezasaz0blq0a\gradle-8.9\lib\gradle-daemon-main-8.9.jar
Launcher Type: SUN_STANDARD

[Global flags]
     intx CICompilerCount                          = 4                                         {product} {ergonomic}
     uint ConcGCThreads                            = 2                                         {product} {ergonomic}
     uint G1ConcRefinementThreads                  = 8                                         {product} {ergonomic}
   size_t G1HeapRegionSize                         = 1048576                                   {product} {ergonomic}
   size_t InitialHeapSize                          = 134217728                                 {product} {ergonomic}
   size_t MarkStackSize                            = 4194304                                   {product} {ergonomic}
   size_t MarkStackSizeMax                         = 536870912                                 {product} {ergonomic}
   size_t MaxHeapSize                              = 2147483648                                {product} {command line}
   size_t MaxNewSize                               = 1287651328                                {product} {ergonomic}
   size_t MinHeapDeltaBytes                        = 1048576                                   {product} {ergonomic}
   size_t MinHeapSize                              = 8388608                                   {product} {ergonomic}
    uintx NonNMethodCodeHeapSize                   = 5832704                                {pd product} {ergonomic}
    uintx NonProfiledCodeHeapSize                  = 122945536                              {pd product} {ergonomic}
    uintx ProfiledCodeHeapSize                     = 122880000                              {pd product} {ergonomic}
    uintx ReservedCodeCacheSize                    = 251658240                              {pd product} {ergonomic}
     bool SegmentedCodeCache                       = true                                      {product} {ergonomic}
   size_t SoftMaxHeapSize                          = 2147483648                             {manageable} {ergonomic}
     bool UseCompressedOops                        = true                           {product lp64_product} {ergonomic}
     bool UseG1GC                                  = true                                      {product} {ergonomic}
     bool UseLargePagesIndividualAllocation        = false                                  {pd product} {ergonomic}

Logging:
Log output configuration:
 #0: stdout all=warning uptime,level,tags foldmultilines=false
 #1: stderr all=off uptime,level,tags foldmultilines=false

Environment Variables:
JAVA_HOME=C:\Program Files\Java\jdk-23\bin\python-3.13.1-amd64.exe
PATH=C:\Program Files\Git\mingw64\bin;C:\Program Files\Git\usr\bin;C:\Users\user\bin;C:\Program Files\Java\jdk-23\bin;C:\Program Files\Cloudflare\Cloudflare WARP;C:\Users\user\Downloads\gradle-8.14\bin;C:\Users\user\AppData\Local\Programs\Python\Python313\Scripts;C:\Users\user\AppData\Local\Programs\Python\Python313;C:\Users\user\AppData\Local\Microsoft\WindowsApps;C:\Users\user\Downloads\gcc-14.2.0-no-debug\bin;C:\Users\user\Downloads\gcc-14.2.0-no-debug;C:\Program Files\Java\jdk-23\bin;C:\Program Files (x86)\kot\kotlinc\bin;C:\Program Files (x86)\kot\kotlinc;C:\Program Files\Notepad++;C:\Users\user
USERNAME=user
TERM=xterm-256color
OS=Windows_NT
PROCESSOR_IDENTIFIER=Intel64 Family 6 Model 142 Stepping 10, GenuineIntel
TMP=C:\Users\user\AppData\Local\Temp
TEMP=C:\Users\user\AppData\Local\Temp




Periodic native trim disabled

---------------  S Y S T E M  ---------------

OS:
 Windows 11 , 64 bit Build 26100 (10.0.26100.3912)
OS uptime: 4 days 1:50 hours

CPU: total 8 (initial active 8) (4 cores per cpu, 2 threads per core) family 6 model 142 stepping 10 microcode 0xf0, cx8, cmov, fxsr, ht, mmx, 3dnowpref, sse, sse2, sse3, ssse3, sse4.1, sse4.2, popcnt, lzcnt, tsc, tscinvbit, avx, avx2, aes, erms, clmul, bmi1, bmi2, adx, fma, vzeroupper, clflush, clflushopt, rdtscp, f16c
Processor Information for the first 8 processors :
  Max Mhz: 1800, Current Mhz: 1600, Mhz Limit: 1584

Memory: 4k page, system-wide physical 8083M (881M free)
TotalPageFile size 17039M (AvailPageFile size 53M)
current process WorkingSet (physical memory assigned to process): 412M, peak: 412M
current process commit charge ("private bytes"): 524M, peak: 559M

vm_info: Java HotSpot(TM) 64-Bit Server VM (23.0.1+11-39) for windows-amd64 JRE (23.0.1+11-39), built on 2024-09-30T07:20:43Z with MS VC++ 17.6 (VS2022)

END.
