#
# There is insufficient memory for the Java Runtime Environment to continue.
# Native memory allocation (mmap) failed to map 195035136 bytes. Error detail: G1 virtual space
# Possible reasons:
#   The system is out of physical RAM or swap space
#   This process is running with CompressedOops enabled, and the Java Heap may be blocking the growth of the native heap
# Possible solutions:
#   Reduce memory load on the system
#   Increase physical memory or swap space
#   Check if swap backing store is full
#   Decrease Java heap size (-Xmx/-Xms)
#   Decrease number of Java threads
#   Decrease Java thread stack sizes (-Xss)
#   Set larger code cache with -XX:ReservedCodeCacheSize=
#   JVM is running with Unscaled Compressed Oops mode in which the Java heap is
#     placed in the first 4GB address space. The Java Heap base address is the
#     maximum limit for the native heap growth. Please use -XX:HeapBaseMinAddress
#     to set the Java Heap base and to place the Java Heap above 4GB virtual address.
# This output file may be truncated or incomplete.
#
#  Out of Memory Error (os_windows.cpp:3828), pid=7364, tid=27280
#
# JRE version: OpenJDK Runtime Environment (21.0.5) (build 21.0.5+-12932927-b750.29)
# Java VM: OpenJDK 64-Bit Server VM (21.0.5+-12932927-b750.29, mixed mode, tiered, compressed oops, compressed class ptrs, g1 gc, windows-amd64)
# No core dump will be written. Minidumps are not enabled by default on client versions of Windows
#

---------------  S U M M A R Y ------------

Command Line: org.jetbrains.kotlin.cli.js.K2JSCompiler @C:\Users\user\Downloads\KotlinProject\KotlinProject\composeApp\build\20250602_6129341834881568635.compiler.options

Host: Intel(R) Core(TM) i5-8250U CPU @ 1.60GHz, 8 cores, 7G,  Windows 11 , 64 bit Build 26100 (10.0.26100.3912)
Time: Mon Jun  2 22:49:57 2025 India Standard Time elapsed time: 25.611289 seconds (0d 0h 0m 25s)

---------------  T H R E A D  ---------------

Current thread (0x00000260204c8430):  VMThread "VM Thread"          [id=27280, stack(0x000000863cc00000,0x000000863cd00000) (1024K)]

Stack: [0x000000863cc00000,0x000000863cd00000]
Native frames: (J=compiled Java code, j=interpreted, Vv=VM code, C=native code)
V  [jvm.dll+0x6cfb29]
V  [jvm.dll+0x85ded3]
V  [jvm.dll+0x86042e]
V  [jvm.dll+0x860b13]
V  [jvm.dll+0x27e6b6]
V  [jvm.dll+0x6cc385]
V  [jvm.dll+0x6c078a]
V  [jvm.dll+0x35525b]
V  [jvm.dll+0x35ceb6]
V  [jvm.dll+0x3aedd6]
V  [jvm.dll+0x3af0a8]
V  [jvm.dll+0x32792c]
V  [jvm.dll+0x3279b7]
V  [jvm.dll+0x36d80c]
V  [jvm.dll+0x36bfbe]
V  [jvm.dll+0x327081]
V  [jvm.dll+0x36b6d0]
V  [jvm.dll+0x866898]
V  [jvm.dll+0x867c14]
V  [jvm.dll+0x868150]
V  [jvm.dll+0x8683e3]
V  [jvm.dll+0x806368]
V  [jvm.dll+0x6ce3fd]
C  [ucrtbase.dll+0x37b0]
C  [KERNEL32.DLL+0x2e8d7]
C  [ntdll.dll+0x9c5dc]

VM_Operation (0x000000863c5fd690): G1CollectForAllocation, mode: safepoint, requested by thread 0x0000026006b72e70


---------------  P R O C E S S  ---------------

Threads class SMR info:
_java_thread_list=0x0000026027989750, length=11, elements={
0x0000026006b72e70, 0x0000026020521290, 0x0000026020523960, 0x00000260205388b0,
0x00000260205425d0, 0x0000026020543b90, 0x0000026020547160, 0x0000026020550b90,
0x0000026020552190, 0x00000260206f2ff0, 0x00000260206f0200
}

Java Threads: ( => current thread )
  0x0000026006b72e70 JavaThread "main"                              [_thread_blocked, id=29372, stack(0x000000863c500000,0x000000863c600000) (1024K)]
  0x0000026020521290 JavaThread "Reference Handler"          daemon [_thread_blocked, id=14544, stack(0x000000863cd00000,0x000000863ce00000) (1024K)]
  0x0000026020523960 JavaThread "Finalizer"                  daemon [_thread_blocked, id=28564, stack(0x000000863ce00000,0x000000863cf00000) (1024K)]
  0x00000260205388b0 JavaThread "Signal Dispatcher"          daemon [_thread_blocked, id=31052, stack(0x000000863cf00000,0x000000863d000000) (1024K)]
  0x00000260205425d0 JavaThread "Attach Listener"            daemon [_thread_blocked, id=21700, stack(0x000000863d000000,0x000000863d100000) (1024K)]
  0x0000026020543b90 JavaThread "Service Thread"             daemon [_thread_blocked, id=14300, stack(0x000000863d100000,0x000000863d200000) (1024K)]
  0x0000026020547160 JavaThread "Monitor Deflation Thread"   daemon [_thread_blocked, id=27936, stack(0x000000863d200000,0x000000863d300000) (1024K)]
  0x0000026020550b90 JavaThread "C2 CompilerThread0"         daemon [_thread_blocked, id=31404, stack(0x000000863d300000,0x000000863d400000) (1024K)]
  0x0000026020552190 JavaThread "C1 CompilerThread0"         daemon [_thread_blocked, id=5276, stack(0x000000863d400000,0x000000863d500000) (1024K)]
  0x00000260206f2ff0 JavaThread "Notification Thread"        daemon [_thread_blocked, id=31648, stack(0x000000863d500000,0x000000863d600000) (1024K)]
  0x00000260206f0200 JavaThread "Common-Cleaner"             daemon [_thread_blocked, id=12216, stack(0x000000863d600000,0x000000863d700000) (1024K)]
Total: 11

Other Threads:
=>0x00000260204c8430 VMThread "VM Thread"                           [id=27280, stack(0x000000863cc00000,0x000000863cd00000) (1024K)]
  0x0000026020311d70 WatcherThread "VM Periodic Task Thread"        [id=23168, stack(0x000000863cb00000,0x000000863cc00000) (1024K)]
  0x0000026008d40c20 WorkerThread "GC Thread#0"                     [id=30684, stack(0x000000863c600000,0x000000863c700000) (1024K)]
  0x00000260255eac90 WorkerThread "GC Thread#1"                     [id=31664, stack(0x000000863d900000,0x000000863da00000) (1024K)]
  0x00000260255eb030 WorkerThread "GC Thread#2"                     [id=572, stack(0x000000863da00000,0x000000863db00000) (1024K)]
  0x000002602562a630 WorkerThread "GC Thread#3"                     [id=5180, stack(0x000000863db00000,0x000000863dc00000) (1024K)]
  0x0000026025610f90 WorkerThread "GC Thread#4"                     [id=25384, stack(0x000000863dc00000,0x000000863dd00000) (1024K)]
  0x0000026025611330 WorkerThread "GC Thread#5"                     [id=31316, stack(0x000000863dd00000,0x000000863de00000) (1024K)]
  0x0000026025b51a10 WorkerThread "GC Thread#6"                     [id=8380, stack(0x000000863de00000,0x000000863df00000) (1024K)]
  0x0000026025b51db0 WorkerThread "GC Thread#7"                     [id=14108, stack(0x000000863df00000,0x000000863e000000) (1024K)]
  0x0000026008d518d0 ConcurrentGCThread "G1 Main Marker"            [id=7864, stack(0x000000863c700000,0x000000863c800000) (1024K)]
  0x0000026008d53a20 WorkerThread "G1 Conc#0"                       [id=7488, stack(0x000000863c800000,0x000000863c900000) (1024K)]
  0x0000026025b512d0 WorkerThread "G1 Conc#1"                       [id=3136, stack(0x000000863e000000,0x000000863e100000) (1024K)]
  0x00000260201d4990 ConcurrentGCThread "G1 Refine#0"               [id=27208, stack(0x000000863c900000,0x000000863ca00000) (1024K)]
  0x00000260201d52b0 ConcurrentGCThread "G1 Service"                [id=15896, stack(0x000000863ca00000,0x000000863cb00000) (1024K)]
Total: 15

Threads with active compile tasks:
Total: 0

VM state: at safepoint (normal execution)

VM Mutex/Monitor currently owned by a thread:  ([mutex/lock_event])
[0x00007ffef09bd360] Threads_lock - owner thread: 0x00000260204c8430
[0x00007ffef09bd460] Heap_lock - owner thread: 0x0000026006b72e70

Heap address: 0x0000000081a00000, size: 2022 MB, Compressed Oops mode: 32-bit

CDS archive(s) not mapped
Compressed class space mapped at: 0x0000000100000000-0x0000000140000000, reserved size: 1073741824
Narrow klass base: 0x0000000000000000, Narrow klass shift: 3, Narrow klass range: 0x140000000

GC Precious Log:
 CardTable entry size: 512
 Card Set container configuration: InlinePtr #cards 5 size 8 Array Of Cards #cards 12 size 40 Howl #buckets 4 coarsen threshold 1843 Howl Bitmap #cards 512 size 80 coarsen threshold 460 Card regions per heap region 1 cards per card region 2048
 CPUs: 8 total, 8 available
 Memory: 8083M
 Large Page Support: Disabled
 NUMA Support: Disabled
 Compressed Oops: Enabled (32-bit)
 Heap Region Size: 1M
 Heap Min Capacity: 8M
 Heap Initial Capacity: 128M
 Heap Max Capacity: 2022M
 Pre-touch: Disabled
 Parallel Workers: 8
 Concurrent Workers: 2
 Concurrent Refinement Workers: 8
 Periodic GC: Disabled

Heap:
 garbage-first heap   total 312320K, used 205294K [0x0000000081a00000, 0x0000000100000000)
  region size 1024K, 8 young (8192K), 8 survivors (8192K)
 Metaspace       used 43421K, committed 43712K, reserved 1114112K
  class space    used 4569K, committed 4672K, reserved 1048576K

Heap Regions: E=young(eden), S=young(survivor), O=old, HS=humongous(starts), HC=humongous(continues), CS=collection set, F=free, TAMS=top-at-mark-start, PB=parsable bottom
|   0|0x0000000081a00000, 0x0000000081b00000, 0x0000000081b00000|100%|HS|  |TAMS 0x0000000081b00000| PB 0x0000000081a00000| Complete 
|   1|0x0000000081b00000, 0x0000000081c00000, 0x0000000081c00000|100%|HC|  |TAMS 0x0000000081c00000| PB 0x0000000081b00000| Complete 
|   2|0x0000000081c00000, 0x0000000081d00000, 0x0000000081d00000|100%|HC|  |TAMS 0x0000000081d00000| PB 0x0000000081c00000| Complete 
|   3|0x0000000081d00000, 0x0000000081e00000, 0x0000000081e00000|100%|HC|  |TAMS 0x0000000081e00000| PB 0x0000000081d00000| Complete 
|   4|0x0000000081e00000, 0x0000000081f00000, 0x0000000081f00000|100%| O|  |TAMS 0x0000000081f00000| PB 0x0000000081e00000| Untracked 
|   5|0x0000000081f00000, 0x0000000082000000, 0x0000000082000000|100%| O|  |TAMS 0x0000000082000000| PB 0x0000000081f00000| Untracked 
|   6|0x0000000082000000, 0x00000000820f3da0, 0x0000000082100000| 95%| O|  |TAMS 0x00000000820f3da0| PB 0x0000000082000000| Untracked 
|   7|0x0000000082100000, 0x0000000082200000, 0x0000000082200000|100%| O|  |TAMS 0x0000000082200000| PB 0x0000000082100000| Untracked 
|   8|0x0000000082200000, 0x0000000082300000, 0x0000000082300000|100%| O|  |TAMS 0x0000000082300000| PB 0x0000000082200000| Untracked 
|   9|0x0000000082300000, 0x0000000082400000, 0x0000000082400000|100%| O|  |TAMS 0x0000000082400000| PB 0x0000000082300000| Untracked 
|  10|0x0000000082400000, 0x0000000082500000, 0x0000000082500000|100%| O|  |TAMS 0x0000000082500000| PB 0x0000000082400000| Untracked 
|  11|0x0000000082500000, 0x0000000082600000, 0x0000000082600000|100%| O|  |TAMS 0x0000000082600000| PB 0x0000000082500000| Untracked 
|  12|0x0000000082600000, 0x0000000082700000, 0x0000000082700000|100%| O|  |TAMS 0x0000000082700000| PB 0x0000000082600000| Untracked 
|  13|0x0000000082700000, 0x0000000082800000, 0x0000000082800000|100%| O|  |TAMS 0x0000000082800000| PB 0x0000000082700000| Untracked 
|  14|0x0000000082800000, 0x0000000082900000, 0x0000000082900000|100%| O|  |TAMS 0x0000000082900000| PB 0x0000000082800000| Untracked 
|  15|0x0000000082900000, 0x0000000082a00000, 0x0000000082a00000|100%|HS|  |TAMS 0x0000000082a00000| PB 0x0000000082900000| Complete 
|  16|0x0000000082a00000, 0x0000000082b00000, 0x0000000082b00000|100%| O|  |TAMS 0x0000000082b00000| PB 0x0000000082a00000| Untracked 
|  17|0x0000000082b00000, 0x0000000082c00000, 0x0000000082c00000|100%| O|  |TAMS 0x0000000082c00000| PB 0x0000000082b00000| Untracked 
|  18|0x0000000082c00000, 0x0000000082d00000, 0x0000000082d00000|100%| O|  |TAMS 0x0000000082d00000| PB 0x0000000082c00000| Untracked 
|  19|0x0000000082d00000, 0x0000000082e00000, 0x0000000082e00000|100%|HS|  |TAMS 0x0000000082e00000| PB 0x0000000082d00000| Complete 
|  20|0x0000000082e00000, 0x0000000082f00000, 0x0000000082f00000|100%|HS|  |TAMS 0x0000000082f00000| PB 0x0000000082e00000| Complete 
|  21|0x0000000082f00000, 0x0000000083000000, 0x0000000083000000|100%|HS|  |TAMS 0x0000000083000000| PB 0x0000000082f00000| Complete 
|  22|0x0000000083000000, 0x0000000083100000, 0x0000000083100000|100%|HC|  |TAMS 0x0000000083100000| PB 0x0000000083000000| Complete 
|  23|0x0000000083100000, 0x0000000083200000, 0x0000000083200000|100%| O|  |TAMS 0x0000000083200000| PB 0x0000000083100000| Untracked 
|  24|0x0000000083200000, 0x0000000083300000, 0x0000000083300000|100%| O|  |TAMS 0x0000000083300000| PB 0x0000000083200000| Untracked 
|  25|0x0000000083300000, 0x0000000083400000, 0x0000000083400000|100%| O|  |TAMS 0x0000000083400000| PB 0x0000000083300000| Untracked 
|  26|0x0000000083400000, 0x0000000083500000, 0x0000000083500000|100%| O|  |TAMS 0x0000000083500000| PB 0x0000000083400000| Untracked 
|  27|0x0000000083500000, 0x0000000083600000, 0x0000000083600000|100%| O|  |TAMS 0x0000000083600000| PB 0x0000000083500000| Untracked 
|  28|0x0000000083600000, 0x0000000083700000, 0x0000000083700000|100%| O|  |TAMS 0x0000000083700000| PB 0x0000000083600000| Untracked 
|  29|0x0000000083700000, 0x0000000083800000, 0x0000000083800000|100%| O|  |TAMS 0x0000000083800000| PB 0x0000000083700000| Untracked 
|  30|0x0000000083800000, 0x0000000083900000, 0x0000000083900000|100%| O|  |TAMS 0x0000000083900000| PB 0x0000000083800000| Untracked 
|  31|0x0000000083900000, 0x0000000083a00000, 0x0000000083a00000|100%|HS|  |TAMS 0x0000000083a00000| PB 0x0000000083900000| Complete 
|  32|0x0000000083a00000, 0x0000000083b00000, 0x0000000083b00000|100%| O|  |TAMS 0x0000000083b00000| PB 0x0000000083a00000| Untracked 
|  33|0x0000000083b00000, 0x0000000083c00000, 0x0000000083c00000|100%| O|  |TAMS 0x0000000083c00000| PB 0x0000000083b00000| Untracked 
|  34|0x0000000083c00000, 0x0000000083d00000, 0x0000000083d00000|100%| O|  |TAMS 0x0000000083d00000| PB 0x0000000083c00000| Untracked 
|  35|0x0000000083d00000, 0x0000000083e00000, 0x0000000083e00000|100%| O|  |TAMS 0x0000000083e00000| PB 0x0000000083d00000| Untracked 
|  36|0x0000000083e00000, 0x0000000083f00000, 0x0000000083f00000|100%| O|  |TAMS 0x0000000083f00000| PB 0x0000000083e00000| Untracked 
|  37|0x0000000083f00000, 0x0000000084000000, 0x0000000084000000|100%| O|  |TAMS 0x0000000084000000| PB 0x0000000083f00000| Untracked 
|  38|0x0000000084000000, 0x0000000084100000, 0x0000000084100000|100%| O|  |TAMS 0x0000000084100000| PB 0x0000000084000000| Untracked 
|  39|0x0000000084100000, 0x0000000084200000, 0x0000000084200000|100%|HS|  |TAMS 0x0000000084200000| PB 0x0000000084100000| Complete 
|  40|0x0000000084200000, 0x0000000084300000, 0x0000000084300000|100%|HS|  |TAMS 0x0000000084300000| PB 0x0000000084200000| Complete 
|  41|0x0000000084300000, 0x0000000084400000, 0x0000000084400000|100%|HS|  |TAMS 0x0000000084400000| PB 0x0000000084300000| Complete 
|  42|0x0000000084400000, 0x0000000084500000, 0x0000000084500000|100%|HC|  |TAMS 0x0000000084500000| PB 0x0000000084400000| Complete 
|  43|0x0000000084500000, 0x0000000084600000, 0x0000000084600000|100%| O|  |TAMS 0x0000000084600000| PB 0x0000000084500000| Untracked 
|  44|0x0000000084600000, 0x0000000084700000, 0x0000000084700000|100%| O|  |TAMS 0x0000000084700000| PB 0x0000000084600000| Untracked 
|  45|0x0000000084700000, 0x0000000084800000, 0x0000000084800000|100%| O|  |TAMS 0x0000000084800000| PB 0x0000000084700000| Untracked 
|  46|0x0000000084800000, 0x0000000084900000, 0x0000000084900000|100%| O|  |TAMS 0x0000000084900000| PB 0x0000000084800000| Untracked 
|  47|0x0000000084900000, 0x0000000084a00000, 0x0000000084a00000|100%| O|  |TAMS 0x0000000084a00000| PB 0x0000000084900000| Untracked 
|  48|0x0000000084a00000, 0x0000000084b00000, 0x0000000084b00000|100%| O|  |TAMS 0x0000000084b00000| PB 0x0000000084a00000| Untracked 
|  49|0x0000000084b00000, 0x0000000084c00000, 0x0000000084c00000|100%|HS|  |TAMS 0x0000000084c00000| PB 0x0000000084b00000| Complete 
|  50|0x0000000084c00000, 0x0000000084d00000, 0x0000000084d00000|100%|HS|  |TAMS 0x0000000084d00000| PB 0x0000000084c00000| Complete 
|  51|0x0000000084d00000, 0x0000000084e00000, 0x0000000084e00000|100%|HC|  |TAMS 0x0000000084e00000| PB 0x0000000084d00000| Complete 
|  52|0x0000000084e00000, 0x0000000084f00000, 0x0000000084f00000|100%|HS|  |TAMS 0x0000000084f00000| PB 0x0000000084e00000| Complete 
|  53|0x0000000084f00000, 0x0000000085000000, 0x0000000085000000|100%|HC|  |TAMS 0x0000000085000000| PB 0x0000000084f00000| Complete 
|  54|0x0000000085000000, 0x0000000085100000, 0x0000000085100000|100%| O|  |TAMS 0x0000000085100000| PB 0x0000000085000000| Untracked 
|  55|0x0000000085100000, 0x0000000085200000, 0x0000000085200000|100%| O|  |TAMS 0x0000000085200000| PB 0x0000000085100000| Untracked 
|  56|0x0000000085200000, 0x0000000085300000, 0x0000000085300000|100%| O|  |TAMS 0x0000000085300000| PB 0x0000000085200000| Untracked 
|  57|0x0000000085300000, 0x0000000085400000, 0x0000000085400000|100%| O|  |TAMS 0x0000000085400000| PB 0x0000000085300000| Untracked 
|  58|0x0000000085400000, 0x0000000085500000, 0x0000000085500000|100%| O|  |TAMS 0x0000000085500000| PB 0x0000000085400000| Untracked 
|  59|0x0000000085500000, 0x0000000085600000, 0x0000000085600000|100%|HS|  |TAMS 0x0000000085600000| PB 0x0000000085500000| Complete 
|  60|0x0000000085600000, 0x0000000085700000, 0x0000000085700000|100%|HS|  |TAMS 0x0000000085700000| PB 0x0000000085600000| Complete 
|  61|0x0000000085700000, 0x0000000085800000, 0x0000000085800000|100%|HS|  |TAMS 0x0000000085800000| PB 0x0000000085700000| Complete 
|  62|0x0000000085800000, 0x0000000085900000, 0x0000000085900000|100%|HC|  |TAMS 0x0000000085900000| PB 0x0000000085800000| Complete 
|  63|0x0000000085900000, 0x0000000085a00000, 0x0000000085a00000|100%|HC|  |TAMS 0x0000000085a00000| PB 0x0000000085900000| Complete 
|  64|0x0000000085a00000, 0x0000000085b00000, 0x0000000085b00000|100%|HC|  |TAMS 0x0000000085b00000| PB 0x0000000085a00000| Complete 
|  65|0x0000000085b00000, 0x0000000085c00000, 0x0000000085c00000|100%| O|  |TAMS 0x0000000085c00000| PB 0x0000000085b00000| Untracked 
|  66|0x0000000085c00000, 0x0000000085d00000, 0x0000000085d00000|100%| O|  |TAMS 0x0000000085d00000| PB 0x0000000085c00000| Untracked 
|  67|0x0000000085d00000, 0x0000000085e00000, 0x0000000085e00000|100%| O|  |TAMS 0x0000000085e00000| PB 0x0000000085d00000| Untracked 
|  68|0x0000000085e00000, 0x0000000085f00000, 0x0000000085f00000|100%| O|  |TAMS 0x0000000085f00000| PB 0x0000000085e00000| Untracked 
|  69|0x0000000085f00000, 0x0000000086000000, 0x0000000086000000|100%| O|  |TAMS 0x0000000086000000| PB 0x0000000085f00000| Untracked 
|  70|0x0000000086000000, 0x0000000086100000, 0x0000000086100000|100%| O|  |TAMS 0x0000000086100000| PB 0x0000000086000000| Untracked 
|  71|0x0000000086100000, 0x0000000086200000, 0x0000000086200000|100%| O|  |TAMS 0x0000000086200000| PB 0x0000000086100000| Untracked 
|  72|0x0000000086200000, 0x0000000086300000, 0x0000000086300000|100%| O|  |TAMS 0x0000000086300000| PB 0x0000000086200000| Untracked 
|  73|0x0000000086300000, 0x0000000086400000, 0x0000000086400000|100%| O|  |TAMS 0x0000000086400000| PB 0x0000000086300000| Untracked 
|  74|0x0000000086400000, 0x0000000086500000, 0x0000000086500000|100%| O|  |TAMS 0x0000000086500000| PB 0x0000000086400000| Untracked 
|  75|0x0000000086500000, 0x0000000086600000, 0x0000000086600000|100%|HS|  |TAMS 0x0000000086600000| PB 0x0000000086500000| Complete 
|  76|0x0000000086600000, 0x0000000086700000, 0x0000000086700000|100%|HS|  |TAMS 0x0000000086700000| PB 0x0000000086600000| Complete 
|  77|0x0000000086700000, 0x0000000086800000, 0x0000000086800000|100%| O|  |TAMS 0x0000000086800000| PB 0x0000000086700000| Untracked 
|  78|0x0000000086800000, 0x0000000086900000, 0x0000000086900000|100%| O|  |TAMS 0x0000000086900000| PB 0x0000000086800000| Untracked 
|  79|0x0000000086900000, 0x0000000086a00000, 0x0000000086a00000|100%| O|  |TAMS 0x0000000086a00000| PB 0x0000000086900000| Untracked 
|  80|0x0000000086a00000, 0x0000000086b00000, 0x0000000086b00000|100%| O|  |TAMS 0x0000000086b00000| PB 0x0000000086a00000| Untracked 
|  81|0x0000000086b00000, 0x0000000086c00000, 0x0000000086c00000|100%| O|  |TAMS 0x0000000086c00000| PB 0x0000000086b00000| Untracked 
|  82|0x0000000086c00000, 0x0000000086d00000, 0x0000000086d00000|100%| O|  |TAMS 0x0000000086d00000| PB 0x0000000086c00000| Untracked 
|  83|0x0000000086d00000, 0x0000000086e00000, 0x0000000086e00000|100%| O|  |TAMS 0x0000000086e00000| PB 0x0000000086d00000| Untracked 
|  84|0x0000000086e00000, 0x0000000086f00000, 0x0000000086f00000|100%| O|  |TAMS 0x0000000086f00000| PB 0x0000000086e00000| Untracked 
|  85|0x0000000086f00000, 0x0000000087000000, 0x0000000087000000|100%| O|  |TAMS 0x0000000087000000| PB 0x0000000086f00000| Untracked 
|  86|0x0000000087000000, 0x0000000087100000, 0x0000000087100000|100%| O|  |TAMS 0x0000000087100000| PB 0x0000000087000000| Untracked 
|  87|0x0000000087100000, 0x0000000087200000, 0x0000000087200000|100%|HS|  |TAMS 0x0000000087200000| PB 0x0000000087100000| Complete 
|  88|0x0000000087200000, 0x0000000087300000, 0x0000000087300000|100%|HS|  |TAMS 0x0000000087300000| PB 0x0000000087200000| Complete 
|  89|0x0000000087300000, 0x0000000087400000, 0x0000000087400000|100%| O|  |TAMS 0x0000000087400000| PB 0x0000000087300000| Untracked 
|  90|0x0000000087400000, 0x0000000087500000, 0x0000000087500000|100%| O|  |TAMS 0x0000000087500000| PB 0x0000000087400000| Untracked 
|  91|0x0000000087500000, 0x0000000087600000, 0x0000000087600000|100%|HS|  |TAMS 0x0000000087600000| PB 0x0000000087500000| Complete 
|  92|0x0000000087600000, 0x0000000087700000, 0x0000000087700000|100%|HC|  |TAMS 0x0000000087700000| PB 0x0000000087600000| Complete 
|  93|0x0000000087700000, 0x0000000087800000, 0x0000000087800000|100%| O|  |TAMS 0x0000000087800000| PB 0x0000000087700000| Untracked 
|  94|0x0000000087800000, 0x0000000087900000, 0x0000000087900000|100%| O|  |TAMS 0x0000000087900000| PB 0x0000000087800000| Untracked 
|  95|0x0000000087900000, 0x0000000087a00000, 0x0000000087a00000|100%| O|  |TAMS 0x0000000087a00000| PB 0x0000000087900000| Untracked 
|  96|0x0000000087a00000, 0x0000000087b00000, 0x0000000087b00000|100%| O|  |TAMS 0x0000000087b00000| PB 0x0000000087a00000| Untracked 
|  97|0x0000000087b00000, 0x0000000087c00000, 0x0000000087c00000|100%| O|  |TAMS 0x0000000087c00000| PB 0x0000000087b00000| Untracked 
|  98|0x0000000087c00000, 0x0000000087d00000, 0x0000000087d00000|100%| O|  |TAMS 0x0000000087d00000| PB 0x0000000087c00000| Untracked 
|  99|0x0000000087d00000, 0x0000000087e00000, 0x0000000087e00000|100%| O|  |TAMS 0x0000000087e00000| PB 0x0000000087d00000| Untracked 
| 100|0x0000000087e00000, 0x0000000087f00000, 0x0000000087f00000|100%| O|  |TAMS 0x0000000087f00000| PB 0x0000000087e00000| Untracked 
| 101|0x0000000087f00000, 0x0000000088000000, 0x0000000088000000|100%| O|  |TAMS 0x0000000088000000| PB 0x0000000087f00000| Untracked 
| 102|0x0000000088000000, 0x0000000088100000, 0x0000000088100000|100%|HS|  |TAMS 0x0000000088100000| PB 0x0000000088000000| Complete 
| 103|0x0000000088100000, 0x0000000088200000, 0x0000000088200000|100%|HS|  |TAMS 0x0000000088200000| PB 0x0000000088100000| Complete 
| 104|0x0000000088200000, 0x0000000088300000, 0x0000000088300000|100%|HS|  |TAMS 0x0000000088300000| PB 0x0000000088200000| Complete 
| 105|0x0000000088300000, 0x0000000088400000, 0x0000000088400000|100%| O|  |TAMS 0x0000000088400000| PB 0x0000000088300000| Untracked 
| 106|0x0000000088400000, 0x0000000088500000, 0x0000000088500000|100%| O|  |TAMS 0x0000000088500000| PB 0x0000000088400000| Untracked 
| 107|0x0000000088500000, 0x0000000088600000, 0x0000000088600000|100%| O|  |TAMS 0x0000000088600000| PB 0x0000000088500000| Untracked 
| 108|0x0000000088600000, 0x0000000088700000, 0x0000000088700000|100%| O|  |TAMS 0x0000000088700000| PB 0x0000000088600000| Untracked 
| 109|0x0000000088700000, 0x0000000088800000, 0x0000000088800000|100%| O|  |TAMS 0x0000000088800000| PB 0x0000000088700000| Untracked 
| 110|0x0000000088800000, 0x0000000088900000, 0x0000000088900000|100%| O|  |TAMS 0x0000000088900000| PB 0x0000000088800000| Untracked 
| 111|0x0000000088900000, 0x0000000088a00000, 0x0000000088a00000|100%|HS|  |TAMS 0x0000000088a00000| PB 0x0000000088900000| Complete 
| 112|0x0000000088a00000, 0x0000000088b00000, 0x0000000088b00000|100%|HS|  |TAMS 0x0000000088b00000| PB 0x0000000088a00000| Complete 
| 113|0x0000000088b00000, 0x0000000088c00000, 0x0000000088c00000|100%|HS|  |TAMS 0x0000000088c00000| PB 0x0000000088b00000| Complete 
| 114|0x0000000088c00000, 0x0000000088d00000, 0x0000000088d00000|100%|HC|  |TAMS 0x0000000088d00000| PB 0x0000000088c00000| Complete 
| 115|0x0000000088d00000, 0x0000000088e00000, 0x0000000088e00000|100%|HC|  |TAMS 0x0000000088e00000| PB 0x0000000088d00000| Complete 
| 116|0x0000000088e00000, 0x0000000088f00000, 0x0000000088f00000|100%| O|  |TAMS 0x0000000088f00000| PB 0x0000000088e00000| Untracked 
| 117|0x0000000088f00000, 0x0000000089000000, 0x0000000089000000|100%| O|  |TAMS 0x0000000089000000| PB 0x0000000088f00000| Untracked 
| 118|0x0000000089000000, 0x0000000089100000, 0x0000000089100000|100%| O|  |TAMS 0x0000000089100000| PB 0x0000000089000000| Untracked 
| 119|0x0000000089100000, 0x0000000089200000, 0x0000000089200000|100%| O|  |TAMS 0x0000000089200000| PB 0x0000000089100000| Untracked 
| 120|0x0000000089200000, 0x0000000089300000, 0x0000000089300000|100%| O|  |TAMS 0x0000000089300000| PB 0x0000000089200000| Untracked 
| 121|0x0000000089300000, 0x0000000089400000, 0x0000000089400000|100%| O|  |TAMS 0x0000000089400000| PB 0x0000000089300000| Untracked 
| 122|0x0000000089400000, 0x0000000089500000, 0x0000000089500000|100%| O|  |TAMS 0x0000000089500000| PB 0x0000000089400000| Untracked 
| 123|0x0000000089500000, 0x0000000089600000, 0x0000000089600000|100%| O|  |TAMS 0x0000000089600000| PB 0x0000000089500000| Untracked 
| 124|0x0000000089600000, 0x0000000089700000, 0x0000000089700000|100%| O|  |TAMS 0x0000000089700000| PB 0x0000000089600000| Untracked 
| 125|0x0000000089700000, 0x0000000089800000, 0x0000000089800000|100%| O|  |TAMS 0x0000000089800000| PB 0x0000000089700000| Untracked 
| 126|0x0000000089800000, 0x0000000089900000, 0x0000000089900000|100%| O|  |TAMS 0x0000000089900000| PB 0x0000000089800000| Untracked 
| 127|0x0000000089900000, 0x0000000089a00000, 0x0000000089a00000|100%| O|  |TAMS 0x0000000089a00000| PB 0x0000000089900000| Untracked 
| 128|0x0000000089a00000, 0x0000000089b00000, 0x0000000089b00000|100%| O|  |TAMS 0x0000000089b00000| PB 0x0000000089a00000| Untracked 
| 129|0x0000000089b00000, 0x0000000089c00000, 0x0000000089c00000|100%| O|  |TAMS 0x0000000089c00000| PB 0x0000000089b00000| Untracked 
| 130|0x0000000089c00000, 0x0000000089d00000, 0x0000000089d00000|100%| O|  |TAMS 0x0000000089d00000| PB 0x0000000089c00000| Untracked 
| 131|0x0000000089d00000, 0x0000000089e00000, 0x0000000089e00000|100%| O|  |TAMS 0x0000000089e00000| PB 0x0000000089d00000| Untracked 
| 132|0x0000000089e00000, 0x0000000089f00000, 0x0000000089f00000|100%| O|  |TAMS 0x0000000089e00000| PB 0x0000000089e00000| Untracked 
| 133|0x0000000089f00000, 0x000000008a000000, 0x000000008a000000|100%|HS|  |TAMS 0x000000008a000000| PB 0x0000000089f00000| Complete 
| 134|0x000000008a000000, 0x000000008a100000, 0x000000008a100000|100%|HS|  |TAMS 0x000000008a100000| PB 0x000000008a000000| Complete 
| 135|0x000000008a100000, 0x000000008a200000, 0x000000008a200000|100%|HS|  |TAMS 0x000000008a200000| PB 0x000000008a100000| Complete 
| 136|0x000000008a200000, 0x000000008a300000, 0x000000008a300000|100%|HC|  |TAMS 0x000000008a300000| PB 0x000000008a200000| Complete 
| 137|0x000000008a300000, 0x000000008a400000, 0x000000008a400000|100%|HC|  |TAMS 0x000000008a400000| PB 0x000000008a300000| Complete 
| 138|0x000000008a400000, 0x000000008a500000, 0x000000008a500000|100%|HC|  |TAMS 0x000000008a500000| PB 0x000000008a400000| Complete 
| 139|0x000000008a500000, 0x000000008a600000, 0x000000008a600000|100%| O|  |TAMS 0x000000008a600000| PB 0x000000008a500000| Untracked 
| 140|0x000000008a600000, 0x000000008a700000, 0x000000008a700000|100%| O|  |TAMS 0x000000008a700000| PB 0x000000008a600000| Untracked 
| 141|0x000000008a700000, 0x000000008a800000, 0x000000008a800000|100%| O|  |TAMS 0x000000008a800000| PB 0x000000008a700000| Untracked 
| 142|0x000000008a800000, 0x000000008a900000, 0x000000008a900000|100%| O|  |TAMS 0x000000008a900000| PB 0x000000008a800000| Untracked 
| 143|0x000000008a900000, 0x000000008aa00000, 0x000000008aa00000|100%| O|  |TAMS 0x000000008aa00000| PB 0x000000008a900000| Untracked 
| 144|0x000000008aa00000, 0x000000008ab00000, 0x000000008ab00000|100%|HS|  |TAMS 0x000000008ab00000| PB 0x000000008aa00000| Complete 
| 145|0x000000008ab00000, 0x000000008ac00000, 0x000000008ac00000|100%| O|  |TAMS 0x000000008ac00000| PB 0x000000008ab00000| Untracked 
| 146|0x000000008ac00000, 0x000000008ad00000, 0x000000008ad00000|100%| O|  |TAMS 0x000000008ad00000| PB 0x000000008ac00000| Untracked 
| 147|0x000000008ad00000, 0x000000008ae00000, 0x000000008ae00000|100%| O|  |TAMS 0x000000008ae00000| PB 0x000000008ad00000| Untracked 
| 148|0x000000008ae00000, 0x000000008af00000, 0x000000008af00000|100%| O|  |TAMS 0x000000008af00000| PB 0x000000008ae00000| Untracked 
| 149|0x000000008af00000, 0x000000008b000000, 0x000000008b000000|100%| O|  |TAMS 0x000000008b000000| PB 0x000000008af00000| Untracked 
| 150|0x000000008b000000, 0x000000008b100000, 0x000000008b100000|100%| O|  |TAMS 0x000000008b100000| PB 0x000000008b000000| Untracked 
| 151|0x000000008b100000, 0x000000008b200000, 0x000000008b200000|100%| O|  |TAMS 0x000000008b100000| PB 0x000000008b100000| Untracked 
| 152|0x000000008b200000, 0x000000008b300000, 0x000000008b300000|100%| O|  |TAMS 0x000000008b300000| PB 0x000000008b200000| Untracked 
| 153|0x000000008b300000, 0x000000008b400000, 0x000000008b400000|100%| O|  |TAMS 0x000000008b400000| PB 0x000000008b300000| Untracked 
| 154|0x000000008b400000, 0x000000008b500000, 0x000000008b500000|100%| O|  |TAMS 0x000000008b500000| PB 0x000000008b400000| Untracked 
| 155|0x000000008b500000, 0x000000008b600000, 0x000000008b600000|100%|HS|  |TAMS 0x000000008b600000| PB 0x000000008b500000| Complete 
| 156|0x000000008b600000, 0x000000008b700000, 0x000000008b700000|100%|HC|  |TAMS 0x000000008b700000| PB 0x000000008b600000| Complete 
| 157|0x000000008b700000, 0x000000008b800000, 0x000000008b800000|100%|HC|  |TAMS 0x000000008b800000| PB 0x000000008b700000| Complete 
| 158|0x000000008b800000, 0x000000008b900000, 0x000000008b900000|100%| O|  |TAMS 0x000000008b900000| PB 0x000000008b800000| Untracked 
| 159|0x000000008b900000, 0x000000008ba00000, 0x000000008ba00000|100%| O|  |TAMS 0x000000008ba00000| PB 0x000000008b900000| Untracked 
| 160|0x000000008ba00000, 0x000000008bb00000, 0x000000008bb00000|100%| O|  |TAMS 0x000000008bb00000| PB 0x000000008ba00000| Untracked 
| 161|0x000000008bb00000, 0x000000008bc00000, 0x000000008bc00000|100%| O|  |TAMS 0x000000008bc00000| PB 0x000000008bb00000| Untracked 
| 162|0x000000008bc00000, 0x000000008bd00000, 0x000000008bd00000|100%| O|  |TAMS 0x000000008bd00000| PB 0x000000008bc00000| Untracked 
| 163|0x000000008bd00000, 0x000000008be00000, 0x000000008be00000|100%| O|  |TAMS 0x000000008be00000| PB 0x000000008bd00000| Untracked 
| 164|0x000000008be00000, 0x000000008bf00000, 0x000000008bf00000|100%| O|  |TAMS 0x000000008bf00000| PB 0x000000008be00000| Untracked 
| 165|0x000000008bf00000, 0x000000008c000000, 0x000000008c000000|100%| O|  |TAMS 0x000000008c000000| PB 0x000000008bf00000| Untracked 
| 166|0x000000008c000000, 0x000000008c100000, 0x000000008c100000|100%| O|  |TAMS 0x000000008c100000| PB 0x000000008c000000| Untracked 
| 167|0x000000008c100000, 0x000000008c200000, 0x000000008c200000|100%| O|  |TAMS 0x000000008c200000| PB 0x000000008c100000| Untracked 
| 168|0x000000008c200000, 0x000000008c300000, 0x000000008c300000|100%| O|  |TAMS 0x000000008c300000| PB 0x000000008c200000| Untracked 
| 169|0x000000008c300000, 0x000000008c400000, 0x000000008c400000|100%| O|  |TAMS 0x000000008c400000| PB 0x000000008c300000| Untracked 
| 170|0x000000008c400000, 0x000000008c500000, 0x000000008c500000|100%| O|  |TAMS 0x000000008c500000| PB 0x000000008c400000| Untracked 
| 171|0x000000008c500000, 0x000000008c600000, 0x000000008c600000|100%| O|  |TAMS 0x000000008c500000| PB 0x000000008c500000| Untracked 
| 172|0x000000008c600000, 0x000000008c700000, 0x000000008c700000|100%| O|  |TAMS 0x000000008c700000| PB 0x000000008c600000| Untracked 
| 173|0x000000008c700000, 0x000000008c800000, 0x000000008c800000|100%| O|  |TAMS 0x000000008c800000| PB 0x000000008c700000| Untracked 
| 174|0x000000008c800000, 0x000000008c900000, 0x000000008c900000|100%| O|  |TAMS 0x000000008c900000| PB 0x000000008c800000| Untracked 
| 175|0x000000008c900000, 0x000000008ca00000, 0x000000008ca00000|100%| O|  |TAMS 0x000000008ca00000| PB 0x000000008c900000| Untracked 
| 176|0x000000008ca00000, 0x000000008cb00000, 0x000000008cb00000|100%| O|  |TAMS 0x000000008cb00000| PB 0x000000008ca00000| Untracked 
| 177|0x000000008cb00000, 0x000000008cc00000, 0x000000008cc00000|100%| O|  |TAMS 0x000000008cc00000| PB 0x000000008cb00000| Untracked 
| 178|0x000000008cc00000, 0x000000008cd00000, 0x000000008cd00000|100%| O|  |TAMS 0x000000008cd00000| PB 0x000000008cc00000| Untracked 
| 179|0x000000008cd00000, 0x000000008ce00000, 0x000000008ce00000|100%| O|  |TAMS 0x000000008ce00000| PB 0x000000008cd00000| Untracked 
| 180|0x000000008ce00000, 0x000000008cf00000, 0x000000008cf00000|100%| O|  |TAMS 0x000000008cf00000| PB 0x000000008ce00000| Untracked 
| 181|0x000000008cf00000, 0x000000008d000000, 0x000000008d000000|100%| O|  |TAMS 0x000000008cfab298| PB 0x000000008cf00000| Untracked 
| 182|0x000000008d000000, 0x000000008d100000, 0x000000008d100000|100%| O|  |TAMS 0x000000008d000000| PB 0x000000008d000000| Untracked 
| 183|0x000000008d100000, 0x000000008d200000, 0x000000008d200000|100%| O|  |TAMS 0x000000008d100000| PB 0x000000008d100000| Untracked 
| 184|0x000000008d200000, 0x000000008d300000, 0x000000008d300000|100%| O|  |TAMS 0x000000008d200000| PB 0x000000008d200000| Untracked 
| 185|0x000000008d300000, 0x000000008d400000, 0x000000008d400000|100%| O|  |TAMS 0x000000008d300000| PB 0x000000008d300000| Untracked 
| 186|0x000000008d400000, 0x000000008d500000, 0x000000008d500000|100%| O|  |TAMS 0x000000008d400000| PB 0x000000008d400000| Untracked 
| 187|0x000000008d500000, 0x000000008d600000, 0x000000008d600000|100%| O|  |TAMS 0x000000008d500000| PB 0x000000008d500000| Untracked 
| 188|0x000000008d600000, 0x000000008d700000, 0x000000008d700000|100%| O|  |TAMS 0x000000008d600000| PB 0x000000008d600000| Untracked 
| 189|0x000000008d700000, 0x000000008d800000, 0x000000008d800000|100%| O|  |TAMS 0x000000008d700000| PB 0x000000008d700000| Untracked 
| 190|0x000000008d800000, 0x000000008d800000, 0x000000008d900000|  0%| F|  |TAMS 0x000000008d800000| PB 0x000000008d800000| Untracked 
| 191|0x000000008d900000, 0x000000008d900000, 0x000000008da00000|  0%| F|  |TAMS 0x000000008d900000| PB 0x000000008d900000| Untracked 
| 192|0x000000008da00000, 0x000000008da00000, 0x000000008db00000|  0%| F|  |TAMS 0x000000008da00000| PB 0x000000008da00000| Untracked 
| 193|0x000000008db00000, 0x000000008db00000, 0x000000008dc00000|  0%| F|  |TAMS 0x000000008db00000| PB 0x000000008db00000| Untracked 
| 194|0x000000008dc00000, 0x000000008dc00000, 0x000000008dd00000|  0%| F|  |TAMS 0x000000008dc00000| PB 0x000000008dc00000| Untracked 
| 195|0x000000008dd00000, 0x000000008dd00000, 0x000000008de00000|  0%| F|  |TAMS 0x000000008dd00000| PB 0x000000008dd00000| Untracked 
| 196|0x000000008de00000, 0x000000008de00000, 0x000000008df00000|  0%| F|  |TAMS 0x000000008de00000| PB 0x000000008de00000| Untracked 
| 197|0x000000008df00000, 0x000000008df00000, 0x000000008e000000|  0%| F|  |TAMS 0x000000008df00000| PB 0x000000008df00000| Untracked 
| 198|0x000000008e000000, 0x000000008e000000, 0x000000008e100000|  0%| F|  |TAMS 0x000000008e000000| PB 0x000000008e000000| Untracked 
| 199|0x000000008e100000, 0x000000008e100000, 0x000000008e200000|  0%| F|  |TAMS 0x000000008e100000| PB 0x000000008e100000| Untracked 
| 200|0x000000008e200000, 0x000000008e200000, 0x000000008e300000|  0%| F|  |TAMS 0x000000008e200000| PB 0x000000008e200000| Untracked 
| 201|0x000000008e300000, 0x000000008e300000, 0x000000008e400000|  0%| F|  |TAMS 0x000000008e300000| PB 0x000000008e300000| Untracked 
| 202|0x000000008e400000, 0x000000008e500000, 0x000000008e500000|100%| O|  |TAMS 0x000000008e400000| PB 0x000000008e400000| Untracked 
| 203|0x000000008e500000, 0x000000008e500000, 0x000000008e600000|  0%| F|  |TAMS 0x000000008e500000| PB 0x000000008e500000| Untracked 
| 204|0x000000008e600000, 0x000000008e600000, 0x000000008e700000|  0%| F|  |TAMS 0x000000008e600000| PB 0x000000008e600000| Untracked 
| 205|0x000000008e700000, 0x000000008e700000, 0x000000008e800000|  0%| F|  |TAMS 0x000000008e700000| PB 0x000000008e700000| Untracked 
| 206|0x000000008e800000, 0x000000008e800000, 0x000000008e900000|  0%| F|  |TAMS 0x000000008e800000| PB 0x000000008e800000| Untracked 
| 207|0x000000008e900000, 0x000000008e900000, 0x000000008ea00000|  0%| F|  |TAMS 0x000000008e900000| PB 0x000000008e900000| Untracked 
| 208|0x000000008ea00000, 0x000000008ea00000, 0x000000008eb00000|  0%| F|  |TAMS 0x000000008ea00000| PB 0x000000008ea00000| Untracked 
| 209|0x000000008eb00000, 0x000000008eb00000, 0x000000008ec00000|  0%| F|  |TAMS 0x000000008eb00000| PB 0x000000008eb00000| Untracked 
| 210|0x000000008ec00000, 0x000000008ec00000, 0x000000008ed00000|  0%| F|  |TAMS 0x000000008ec00000| PB 0x000000008ec00000| Untracked 
| 211|0x000000008ed00000, 0x000000008ed87a70, 0x000000008ee00000| 52%| S|CS|TAMS 0x000000008ed00000| PB 0x000000008ed00000| Complete 
| 212|0x000000008ee00000, 0x000000008ef00000, 0x000000008ef00000|100%| S|CS|TAMS 0x000000008ee00000| PB 0x000000008ee00000| Complete 
| 213|0x000000008ef00000, 0x000000008f000000, 0x000000008f000000|100%| S|CS|TAMS 0x000000008ef00000| PB 0x000000008ef00000| Complete 
| 214|0x000000008f000000, 0x000000008f100000, 0x000000008f100000|100%| S|CS|TAMS 0x000000008f000000| PB 0x000000008f000000| Complete 
| 215|0x000000008f100000, 0x000000008f200000, 0x000000008f200000|100%| S|CS|TAMS 0x000000008f100000| PB 0x000000008f100000| Complete 
| 216|0x000000008f200000, 0x000000008f300000, 0x000000008f300000|100%| S|CS|TAMS 0x000000008f200000| PB 0x000000008f200000| Complete 
| 217|0x000000008f300000, 0x000000008f400000, 0x000000008f400000|100%| S|CS|TAMS 0x000000008f300000| PB 0x000000008f300000| Complete 
| 218|0x000000008f400000, 0x000000008f500000, 0x000000008f500000|100%| S|CS|TAMS 0x000000008f400000| PB 0x000000008f400000| Complete 
| 219|0x000000008f500000, 0x000000008f500000, 0x000000008f600000|  0%| F|  |TAMS 0x000000008f500000| PB 0x000000008f500000| Untracked 
| 220|0x000000008f600000, 0x000000008f600000, 0x000000008f700000|  0%| F|  |TAMS 0x000000008f600000| PB 0x000000008f600000| Untracked 
| 221|0x000000008f700000, 0x000000008f700000, 0x000000008f800000|  0%| F|  |TAMS 0x000000008f700000| PB 0x000000008f700000| Untracked 
| 222|0x000000008f800000, 0x000000008f800000, 0x000000008f900000|  0%| F|  |TAMS 0x000000008f800000| PB 0x000000008f800000| Untracked 
| 223|0x000000008f900000, 0x000000008f900000, 0x000000008fa00000|  0%| F|  |TAMS 0x000000008f900000| PB 0x000000008f900000| Untracked 
| 224|0x000000008fa00000, 0x000000008fa00000, 0x000000008fb00000|  0%| F|  |TAMS 0x000000008fa00000| PB 0x000000008fa00000| Untracked 
| 225|0x000000008fb00000, 0x000000008fb00000, 0x000000008fc00000|  0%| F|  |TAMS 0x000000008fb00000| PB 0x000000008fb00000| Untracked 
| 226|0x000000008fc00000, 0x000000008fc00000, 0x000000008fd00000|  0%| F|  |TAMS 0x000000008fc00000| PB 0x000000008fc00000| Untracked 
| 227|0x000000008fd00000, 0x000000008fd00000, 0x000000008fe00000|  0%| F|  |TAMS 0x000000008fd00000| PB 0x000000008fd00000| Untracked 
| 228|0x000000008fe00000, 0x000000008fe00000, 0x000000008ff00000|  0%| F|  |TAMS 0x000000008fe00000| PB 0x000000008fe00000| Untracked 
| 229|0x000000008ff00000, 0x000000008ff00000, 0x0000000090000000|  0%| F|  |TAMS 0x000000008ff00000| PB 0x000000008ff00000| Untracked 
| 230|0x0000000090000000, 0x0000000090000000, 0x0000000090100000|  0%| F|  |TAMS 0x0000000090000000| PB 0x0000000090000000| Untracked 
| 231|0x0000000090100000, 0x0000000090100000, 0x0000000090200000|  0%| F|  |TAMS 0x0000000090100000| PB 0x0000000090100000| Untracked 
| 232|0x0000000090200000, 0x0000000090200000, 0x0000000090300000|  0%| F|  |TAMS 0x0000000090200000| PB 0x0000000090200000| Untracked 
| 233|0x0000000090300000, 0x0000000090300000, 0x0000000090400000|  0%| F|  |TAMS 0x0000000090300000| PB 0x0000000090300000| Untracked 
| 234|0x0000000090400000, 0x0000000090400000, 0x0000000090500000|  0%| F|  |TAMS 0x0000000090400000| PB 0x0000000090400000| Untracked 
| 235|0x0000000090500000, 0x0000000090500000, 0x0000000090600000|  0%| F|  |TAMS 0x0000000090500000| PB 0x0000000090500000| Untracked 
| 236|0x0000000090600000, 0x0000000090600000, 0x0000000090700000|  0%| F|  |TAMS 0x0000000090600000| PB 0x0000000090600000| Untracked 
| 237|0x0000000090700000, 0x0000000090700000, 0x0000000090800000|  0%| F|  |TAMS 0x0000000090700000| PB 0x0000000090700000| Untracked 
| 238|0x0000000090800000, 0x0000000090800000, 0x0000000090900000|  0%| F|  |TAMS 0x0000000090800000| PB 0x0000000090800000| Untracked 
| 239|0x0000000090900000, 0x0000000090900000, 0x0000000090a00000|  0%| F|  |TAMS 0x0000000090900000| PB 0x0000000090900000| Untracked 
| 240|0x0000000090a00000, 0x0000000090a00000, 0x0000000090b00000|  0%| F|  |TAMS 0x0000000090a00000| PB 0x0000000090a00000| Untracked 
| 241|0x0000000090b00000, 0x0000000090b00000, 0x0000000090c00000|  0%| F|  |TAMS 0x0000000090b00000| PB 0x0000000090b00000| Untracked 
| 242|0x0000000090c00000, 0x0000000090c00000, 0x0000000090d00000|  0%| F|  |TAMS 0x0000000090c00000| PB 0x0000000090c00000| Untracked 
| 243|0x0000000090d00000, 0x0000000090d00000, 0x0000000090e00000|  0%| F|  |TAMS 0x0000000090d00000| PB 0x0000000090d00000| Untracked 
| 244|0x0000000090e00000, 0x0000000090e00000, 0x0000000090f00000|  0%| F|  |TAMS 0x0000000090e00000| PB 0x0000000090e00000| Untracked 
| 245|0x0000000090f00000, 0x0000000090f00000, 0x0000000091000000|  0%| F|  |TAMS 0x0000000090f00000| PB 0x0000000090f00000| Untracked 
| 246|0x0000000091000000, 0x0000000091000000, 0x0000000091100000|  0%| F|  |TAMS 0x0000000091000000| PB 0x0000000091000000| Untracked 
| 247|0x0000000091100000, 0x0000000091100000, 0x0000000091200000|  0%| F|  |TAMS 0x0000000091100000| PB 0x0000000091100000| Untracked 
| 248|0x0000000091200000, 0x0000000091200000, 0x0000000091300000|  0%| F|  |TAMS 0x0000000091200000| PB 0x0000000091200000| Untracked 
| 249|0x0000000091300000, 0x0000000091300000, 0x0000000091400000|  0%| F|  |TAMS 0x0000000091300000| PB 0x0000000091300000| Untracked 
| 250|0x0000000091400000, 0x0000000091400000, 0x0000000091500000|  0%| F|  |TAMS 0x0000000091400000| PB 0x0000000091400000| Untracked 
| 251|0x0000000091500000, 0x0000000091500000, 0x0000000091600000|  0%| F|  |TAMS 0x0000000091500000| PB 0x0000000091500000| Untracked 
| 252|0x0000000091600000, 0x0000000091600000, 0x0000000091700000|  0%| F|  |TAMS 0x0000000091600000| PB 0x0000000091600000| Untracked 
| 253|0x0000000091700000, 0x0000000091700000, 0x0000000091800000|  0%| F|  |TAMS 0x0000000091700000| PB 0x0000000091700000| Untracked 
| 254|0x0000000091800000, 0x0000000091800000, 0x0000000091900000|  0%| F|  |TAMS 0x0000000091800000| PB 0x0000000091800000| Untracked 
| 255|0x0000000091900000, 0x0000000091900000, 0x0000000091a00000|  0%| F|  |TAMS 0x0000000091900000| PB 0x0000000091900000| Untracked 
| 256|0x0000000091a00000, 0x0000000091a00000, 0x0000000091b00000|  0%| F|  |TAMS 0x0000000091a00000| PB 0x0000000091a00000| Untracked 
| 257|0x0000000091b00000, 0x0000000091b00000, 0x0000000091c00000|  0%| F|  |TAMS 0x0000000091b00000| PB 0x0000000091b00000| Untracked 
| 258|0x0000000091c00000, 0x0000000091c00000, 0x0000000091d00000|  0%| F|  |TAMS 0x0000000091c00000| PB 0x0000000091c00000| Untracked 
| 259|0x0000000091d00000, 0x0000000091d00000, 0x0000000091e00000|  0%| F|  |TAMS 0x0000000091d00000| PB 0x0000000091d00000| Untracked 
| 260|0x0000000091e00000, 0x0000000091e00000, 0x0000000091f00000|  0%| F|  |TAMS 0x0000000091e00000| PB 0x0000000091e00000| Untracked 
| 261|0x0000000091f00000, 0x0000000091f00000, 0x0000000092000000|  0%| F|  |TAMS 0x0000000091f00000| PB 0x0000000091f00000| Untracked 
| 262|0x0000000092000000, 0x0000000092000000, 0x0000000092100000|  0%| F|  |TAMS 0x0000000092000000| PB 0x0000000092000000| Untracked 
| 263|0x0000000092100000, 0x0000000092100000, 0x0000000092200000|  0%| F|  |TAMS 0x0000000092100000| PB 0x0000000092100000| Untracked 
| 264|0x0000000092200000, 0x0000000092200000, 0x0000000092300000|  0%| F|  |TAMS 0x0000000092200000| PB 0x0000000092200000| Untracked 
| 265|0x0000000092300000, 0x0000000092300000, 0x0000000092400000|  0%| F|  |TAMS 0x0000000092300000| PB 0x0000000092300000| Untracked 
| 266|0x0000000092400000, 0x0000000092400000, 0x0000000092500000|  0%| F|  |TAMS 0x0000000092400000| PB 0x0000000092400000| Untracked 
| 267|0x0000000092500000, 0x0000000092500000, 0x0000000092600000|  0%| F|  |TAMS 0x0000000092500000| PB 0x0000000092500000| Untracked 
| 268|0x0000000092600000, 0x0000000092600000, 0x0000000092700000|  0%| F|  |TAMS 0x0000000092600000| PB 0x0000000092600000| Untracked 
| 269|0x0000000092700000, 0x0000000092700000, 0x0000000092800000|  0%| F|  |TAMS 0x0000000092700000| PB 0x0000000092700000| Untracked 
| 270|0x0000000092800000, 0x0000000092800000, 0x0000000092900000|  0%| F|  |TAMS 0x0000000092800000| PB 0x0000000092800000| Untracked 
| 271|0x0000000092900000, 0x0000000092900000, 0x0000000092a00000|  0%| F|  |TAMS 0x0000000092900000| PB 0x0000000092900000| Untracked 
| 272|0x0000000092a00000, 0x0000000092a00000, 0x0000000092b00000|  0%| F|  |TAMS 0x0000000092a00000| PB 0x0000000092a00000| Untracked 
| 273|0x0000000092b00000, 0x0000000092b00000, 0x0000000092c00000|  0%| F|  |TAMS 0x0000000092b00000| PB 0x0000000092b00000| Untracked 
| 274|0x0000000092c00000, 0x0000000092c00000, 0x0000000092d00000|  0%| F|  |TAMS 0x0000000092c00000| PB 0x0000000092c00000| Untracked 
| 275|0x0000000092d00000, 0x0000000092d00000, 0x0000000092e00000|  0%| F|  |TAMS 0x0000000092d00000| PB 0x0000000092d00000| Untracked 
| 276|0x0000000092e00000, 0x0000000092e00000, 0x0000000092f00000|  0%| F|  |TAMS 0x0000000092e00000| PB 0x0000000092e00000| Untracked 
| 277|0x0000000092f00000, 0x0000000092f00000, 0x0000000093000000|  0%| F|  |TAMS 0x0000000092f00000| PB 0x0000000092f00000| Untracked 
| 278|0x0000000093000000, 0x0000000093000000, 0x0000000093100000|  0%| F|  |TAMS 0x0000000093000000| PB 0x0000000093000000| Untracked 
| 279|0x0000000093100000, 0x0000000093100000, 0x0000000093200000|  0%| F|  |TAMS 0x0000000093100000| PB 0x0000000093100000| Untracked 
| 280|0x0000000093200000, 0x0000000093200000, 0x0000000093300000|  0%| F|  |TAMS 0x0000000093200000| PB 0x0000000093200000| Untracked 
| 281|0x0000000093300000, 0x0000000093300000, 0x0000000093400000|  0%| F|  |TAMS 0x0000000093300000| PB 0x0000000093300000| Untracked 
| 282|0x0000000093400000, 0x0000000093400000, 0x0000000093500000|  0%| F|  |TAMS 0x0000000093400000| PB 0x0000000093400000| Untracked 
| 283|0x0000000093500000, 0x0000000093500000, 0x0000000093600000|  0%| F|  |TAMS 0x0000000093500000| PB 0x0000000093500000| Untracked 
| 284|0x0000000093600000, 0x0000000093600000, 0x0000000093700000|  0%| F|  |TAMS 0x0000000093600000| PB 0x0000000093600000| Untracked 
| 285|0x0000000093700000, 0x0000000093700000, 0x0000000093800000|  0%| F|  |TAMS 0x0000000093700000| PB 0x0000000093700000| Untracked 
| 286|0x0000000093800000, 0x0000000093800000, 0x0000000093900000|  0%| F|  |TAMS 0x0000000093800000| PB 0x0000000093800000| Untracked 
| 287|0x0000000093900000, 0x0000000093900000, 0x0000000093a00000|  0%| F|  |TAMS 0x0000000093900000| PB 0x0000000093900000| Untracked 
| 288|0x0000000093a00000, 0x0000000093a00000, 0x0000000093b00000|  0%| F|  |TAMS 0x0000000093a00000| PB 0x0000000093a00000| Untracked 
| 289|0x0000000093b00000, 0x0000000093b00000, 0x0000000093c00000|  0%| F|  |TAMS 0x0000000093b00000| PB 0x0000000093b00000| Untracked 
| 290|0x0000000093c00000, 0x0000000093c00000, 0x0000000093d00000|  0%| F|  |TAMS 0x0000000093c00000| PB 0x0000000093c00000| Untracked 
| 291|0x0000000093d00000, 0x0000000093d00000, 0x0000000093e00000|  0%| F|  |TAMS 0x0000000093d00000| PB 0x0000000093d00000| Untracked 
| 292|0x0000000093e00000, 0x0000000093e00000, 0x0000000093f00000|  0%| F|  |TAMS 0x0000000093e00000| PB 0x0000000093e00000| Untracked 
| 293|0x0000000093f00000, 0x0000000093f00000, 0x0000000094000000|  0%| F|  |TAMS 0x0000000093f00000| PB 0x0000000093f00000| Untracked 
| 294|0x0000000094000000, 0x0000000094000000, 0x0000000094100000|  0%| F|  |TAMS 0x0000000094000000| PB 0x0000000094000000| Untracked 
| 295|0x0000000094100000, 0x0000000094100000, 0x0000000094200000|  0%| F|  |TAMS 0x0000000094100000| PB 0x0000000094100000| Untracked 
| 296|0x0000000094200000, 0x0000000094200000, 0x0000000094300000|  0%| F|  |TAMS 0x0000000094200000| PB 0x0000000094200000| Untracked 
| 297|0x0000000094300000, 0x0000000094300000, 0x0000000094400000|  0%| F|  |TAMS 0x0000000094300000| PB 0x0000000094300000| Untracked 
| 298|0x0000000094400000, 0x0000000094400000, 0x0000000094500000|  0%| F|  |TAMS 0x0000000094400000| PB 0x0000000094400000| Untracked 
| 299|0x0000000094500000, 0x0000000094500000, 0x0000000094600000|  0%| F|  |TAMS 0x0000000094500000| PB 0x0000000094500000| Untracked 
| 300|0x0000000094600000, 0x0000000094600000, 0x0000000094700000|  0%| F|  |TAMS 0x0000000094600000| PB 0x0000000094600000| Untracked 
|2018|0x00000000ffc00000, 0x00000000ffc00000, 0x00000000ffd00000|  0%| F|  |TAMS 0x00000000ffc00000| PB 0x00000000ffc00000| Untracked 
|2019|0x00000000ffd00000, 0x00000000ffe00000, 0x00000000ffe00000|100%| O|  |TAMS 0x00000000ffe00000| PB 0x00000000ffd00000| Untracked 
|2020|0x00000000ffe00000, 0x00000000fff00000, 0x00000000fff00000|100%| O|  |TAMS 0x00000000fff00000| PB 0x00000000ffe00000| Untracked 
|2021|0x00000000fff00000, 0x00000000fff00000, 0x0000000100000000|  0%| F|  |TAMS 0x00000000fff00000| PB 0x00000000fff00000| Untracked 

Card table byte_map: [0x000002601b570000,0x000002601b970000] _byte_map_base: 0x000002601b163000

Marking Bits: (CMBitMap*) 0x0000026008d41330
 Bits: [0x000002601b970000, 0x000002601d908000)

Polling page: 0x0000026006cc0000

Metaspace:

Usage:
  Non-class:     37.94 MB used.
      Class:      4.46 MB used.
       Both:     42.40 MB used.

Virtual space:
  Non-class space:       64.00 MB reserved,      38.12 MB ( 60%) committed,  1 nodes.
      Class space:        1.00 GB reserved,       4.56 MB ( <1%) committed,  1 nodes.
             Both:        1.06 GB reserved,      42.69 MB (  4%) committed. 

Chunk freelists:
   Non-Class:  9.08 MB
       Class:  11.33 MB
        Both:  20.41 MB

MaxMetaspaceSize: unlimited
CompressedClassSpaceSize: 1.00 GB
Initial GC threshold: 21.00 MB
Current GC threshold: 70.94 MB
CDS: off
 - commit_granule_bytes: 65536.
 - commit_granule_words: 8192.
 - virtual_space_node_default_size: 8388608.
 - enlarge_chunks_in_place: 1.
 - use_allocation_guard: 0.


Internal statistics:

num_allocs_failed_limit: 3.
num_arena_births: 286.
num_arena_deaths: 0.
num_vsnodes_births: 2.
num_vsnodes_deaths: 0.
num_space_committed: 683.
num_space_uncommitted: 0.
num_chunks_returned_to_freelist: 3.
num_chunks_taken_from_freelist: 1490.
num_chunk_merges: 3.
num_chunk_splits: 1186.
num_chunks_enlarged: 1059.
num_inconsistent_stats: 0.

CodeHeap 'non-profiled nmethods': size=120000Kb used=4673Kb max_used=4673Kb free=115326Kb
 bounds [0x0000026013910000, 0x0000026013db0000, 0x000002601ae40000]
CodeHeap 'profiled nmethods': size=120000Kb used=9974Kb max_used=10584Kb free=110025Kb
 bounds [0x000002600be40000, 0x000002600c8a0000, 0x0000026013370000]
CodeHeap 'non-nmethods': size=5760Kb used=1643Kb max_used=1747Kb free=4116Kb
 bounds [0x0000026013370000, 0x00000260135e0000, 0x0000026013910000]
 total_blobs=5703 nmethods=5003 adapters=604
 compilation: enabled
              stopped_count=0, restarted_count=0
 full_count=0

Compilation events (20 events):
Event: 25.283 Thread 0x0000026020550b90 nmethod 6122 0x0000026013d92990 code [0x0000026013d92b40, 0x0000026013d92fe8]
Event: 25.287 Thread 0x0000026020550b90 6123       4       org.jetbrains.kotlin.library.impl.IrMultiTableReader::tableItemBytes (179 bytes)
Event: 25.292 Thread 0x0000026020552190 6124       3       org.jetbrains.kotlin.backend.common.serialization.IrBodyDeserializer::deserializeVarargElement (119 bytes)
Event: 25.293 Thread 0x0000026020552190 nmethod 6124 0x000002600c64c890 code [0x000002600c64cb80, 0x000002600c64d820]
Event: 25.313 Thread 0x0000026020552190 6126       3       org.jetbrains.kotlin.backend.common.serialization.proto.IrVarargElement$VarargElementCase::valueOf (50 bytes)
Event: 25.314 Thread 0x0000026020552190 nmethod 6126 0x000002600c150210 code [0x000002600c1503e0, 0x000002600c150668]
Event: 25.354 Thread 0x0000026020552190 6127       3       org.jetbrains.kotlin.backend.common.serialization.proto.IrVarargElement::isInitialized (73 bytes)
Event: 25.355 Thread 0x0000026020552190 nmethod 6127 0x000002600c3f0390 code [0x000002600c3f05c0, 0x000002600c3f0e48]
Event: 25.359 Thread 0x0000026020552190 6128   !   3       org.jetbrains.kotlin.backend.common.serialization.proto.IrVarargElement::<init> (391 bytes)
Event: 25.362 Thread 0x0000026020552190 nmethod 6128 0x000002600c609f90 code [0x000002600c60a4a0, 0x000002600c60cd50]
Event: 25.389 Thread 0x000002602768d810 nmethod 6120 0x0000026013d93210 code [0x0000026013d936c0, 0x0000026013d97690]
Event: 25.389 Thread 0x000002602768d810 6125       4       org.jetbrains.kotlin.backend.common.serialization.proto.IrOperation::getSetValue (21 bytes)
Event: 25.390 Thread 0x000002602768d810 nmethod 6125 0x0000026013d99410 code [0x0000026013d995a0, 0x0000026013d99688]
Event: 25.397 Thread 0x0000026020550b90 nmethod 6123 0x0000026013d99790 code [0x0000026013d99c60, 0x0000026013d9ce08]
Event: 25.420 Thread 0x0000026020550b90 6129 %     4       java.util.Arrays::fill @ 5 (21 bytes)
Event: 25.435 Thread 0x0000026020550b90 nmethod 6129% 0x0000026013d9ef90 code [0x0000026013d9f120, 0x0000026013d9f348]
Event: 25.467 Thread 0x0000026020550b90 6130       4       jdk.internal.ref.PhantomCleanable::<init> (49 bytes)
Event: 25.475 Thread 0x0000026020550b90 nmethod 6130 0x0000026013d9f490 code [0x0000026013d9f680, 0x0000026013da01d0]
Event: 25.513 Thread 0x0000026020552190 6131       3       java.util.zip.Inflater$InflaterZStreamRef::<init> (30 bytes)
Event: 25.514 Thread 0x0000026020552190 nmethod 6131 0x000002600beb0d90 code [0x000002600beb0f60, 0x000002600beb1228]

GC Heap History (20 events):
Event: 11.678 GC heap after
{Heap after GC invocations=32 (full 0):
 garbage-first heap   total 262144K, used 116187K [0x0000000081a00000, 0x0000000100000000)
  region size 1024K, 4 young (4096K), 4 survivors (4096K)
 Metaspace       used 42937K, committed 43264K, reserved 1114112K
  class space    used 4551K, committed 4672K, reserved 1048576K
}
Event: 19.431 GC heap before
{Heap before GC invocations=33 (full 0):
 garbage-first heap   total 262144K, used 234971K [0x0000000081a00000, 0x0000000100000000)
  region size 1024K, 117 young (119808K), 4 survivors (4096K)
 Metaspace       used 43255K, committed 43584K, reserved 1114112K
  class space    used 4556K, committed 4672K, reserved 1048576K
}
Event: 19.442 GC heap after
{Heap after GC invocations=34 (full 0):
 garbage-first heap   total 262144K, used 129340K [0x0000000081a00000, 0x0000000100000000)
  region size 1024K, 14 young (14336K), 14 survivors (14336K)
 Metaspace       used 43255K, committed 43584K, reserved 1114112K
  class space    used 4556K, committed 4672K, reserved 1048576K
}
Event: 22.334 GC heap before
{Heap before GC invocations=34 (full 0):
 garbage-first heap   total 262144K, used 235836K [0x0000000081a00000, 0x0000000100000000)
  region size 1024K, 113 young (115712K), 14 survivors (14336K)
 Metaspace       used 43256K, committed 43584K, reserved 1114112K
  class space    used 4556K, committed 4672K, reserved 1048576K
}
Event: 22.350 GC heap after
{Heap after GC invocations=35 (full 0):
 garbage-first heap   total 262144K, used 141804K [0x0000000081a00000, 0x0000000100000000)
  region size 1024K, 9 young (9216K), 9 survivors (9216K)
 Metaspace       used 43256K, committed 43584K, reserved 1114112K
  class space    used 4556K, committed 4672K, reserved 1048576K
}
Event: 22.611 GC heap before
{Heap before GC invocations=35 (full 0):
 garbage-first heap   total 262144K, used 237036K [0x0000000081a00000, 0x0000000100000000)
  region size 1024K, 102 young (104448K), 9 survivors (9216K)
 Metaspace       used 43258K, committed 43584K, reserved 1114112K
  class space    used 4556K, committed 4672K, reserved 1048576K
}
Event: 22.628 GC heap after
{Heap after GC invocations=36 (full 0):
 garbage-first heap   total 262144K, used 149455K [0x0000000081a00000, 0x0000000100000000)
  region size 1024K, 8 young (8192K), 8 survivors (8192K)
 Metaspace       used 43258K, committed 43584K, reserved 1114112K
  class space    used 4556K, committed 4672K, reserved 1048576K
}
Event: 23.866 GC heap before
{Heap before GC invocations=37 (full 0):
 garbage-first heap   total 262144K, used 244687K [0x0000000081a00000, 0x0000000100000000)
  region size 1024K, 96 young (98304K), 8 survivors (8192K)
 Metaspace       used 43348K, committed 43648K, reserved 1114112K
  class space    used 4565K, committed 4672K, reserved 1048576K
}
Event: 23.878 GC heap after
{Heap after GC invocations=38 (full 0):
 garbage-first heap   total 264192K, used 165330K [0x0000000081a00000, 0x0000000100000000)
  region size 1024K, 10 young (10240K), 10 survivors (10240K)
 Metaspace       used 43348K, committed 43648K, reserved 1114112K
  class space    used 4565K, committed 4672K, reserved 1048576K
}
Event: 24.411 GC heap before
{Heap before GC invocations=38 (full 0):
 garbage-first heap   total 264192K, used 243154K [0x0000000081a00000, 0x0000000100000000)
  region size 1024K, 82 young (83968K), 10 survivors (10240K)
 Metaspace       used 43356K, committed 43648K, reserved 1114112K
  class space    used 4565K, committed 4672K, reserved 1048576K
}
Event: 24.425 GC heap after
{Heap after GC invocations=39 (full 0):
 garbage-first heap   total 264192K, used 175007K [0x0000000081a00000, 0x0000000100000000)
  region size 1024K, 7 young (7168K), 7 survivors (7168K)
 Metaspace       used 43356K, committed 43648K, reserved 1114112K
  class space    used 4565K, committed 4672K, reserved 1048576K
}
Event: 24.716 GC heap before
{Heap before GC invocations=39 (full 0):
 garbage-first heap   total 264192K, used 241567K [0x0000000081a00000, 0x0000000100000000)
  region size 1024K, 72 young (73728K), 7 survivors (7168K)
 Metaspace       used 43364K, committed 43648K, reserved 1114112K
  class space    used 4565K, committed 4672K, reserved 1048576K
}
Event: 24.727 GC heap after
{Heap after GC invocations=40 (full 0):
 garbage-first heap   total 264192K, used 181604K [0x0000000081a00000, 0x0000000100000000)
  region size 1024K, 7 young (7168K), 7 survivors (7168K)
 Metaspace       used 43364K, committed 43648K, reserved 1114112K
  class space    used 4565K, committed 4672K, reserved 1048576K
}
Event: 24.889 GC heap before
{Heap before GC invocations=40 (full 0):
 garbage-first heap   total 264192K, used 242020K [0x0000000081a00000, 0x0000000100000000)
  region size 1024K, 66 young (67584K), 7 survivors (7168K)
 Metaspace       used 43374K, committed 43648K, reserved 1114112K
  class space    used 4565K, committed 4672K, reserved 1048576K
}
Event: 24.903 GC heap after
{Heap after GC invocations=41 (full 0):
 garbage-first heap   total 264192K, used 186284K [0x0000000081a00000, 0x0000000100000000)
  region size 1024K, 6 young (6144K), 6 survivors (6144K)
 Metaspace       used 43374K, committed 43648K, reserved 1114112K
  class space    used 4565K, committed 4672K, reserved 1048576K
}
Event: 25.092 GC heap before
{Heap before GC invocations=42 (full 0):
 garbage-first heap   total 312320K, used 240556K [0x0000000081a00000, 0x0000000100000000)
  region size 1024K, 59 young (60416K), 6 survivors (6144K)
 Metaspace       used 43379K, committed 43648K, reserved 1114112K
  class space    used 4565K, committed 4672K, reserved 1048576K
}
Event: 25.102 GC heap after
{Heap after GC invocations=43 (full 0):
 garbage-first heap   total 312320K, used 190460K [0x0000000081a00000, 0x0000000100000000)
  region size 1024K, 5 young (5120K), 5 survivors (5120K)
 Metaspace       used 43379K, committed 43648K, reserved 1114112K
  class space    used 4565K, committed 4672K, reserved 1048576K
}
Event: 25.239 GC heap before
{Heap before GC invocations=43 (full 0):
 garbage-first heap   total 312320K, used 288764K [0x0000000081a00000, 0x0000000100000000)
  region size 1024K, 101 young (103424K), 5 survivors (5120K)
 Metaspace       used 43418K, committed 43712K, reserved 1114112K
  class space    used 4569K, committed 4672K, reserved 1048576K
}
Event: 25.252 GC heap after
{Heap after GC invocations=44 (full 0):
 garbage-first heap   total 312320K, used 197244K [0x0000000081a00000, 0x0000000100000000)
  region size 1024K, 12 young (12288K), 12 survivors (12288K)
 Metaspace       used 43418K, committed 43712K, reserved 1114112K
  class space    used 4569K, committed 4672K, reserved 1048576K
}
Event: 25.589 GC heap before
{Heap before GC invocations=44 (full 0):
 garbage-first heap   total 312320K, used 283260K [0x0000000081a00000, 0x0000000100000000)
  region size 1024K, 96 young (98304K), 12 survivors (12288K)
 Metaspace       used 43421K, committed 43712K, reserved 1114112K
  class space    used 4569K, committed 4672K, reserved 1048576K
}

Dll operation events (3 events):
Event: 0.007 Loaded shared library C:\Program Files\Android\Android Studio\jbr\bin\java.dll
Event: 0.012 Loaded shared library C:\Program Files\Android\Android Studio\jbr\bin\zip.dll
Event: 1.545 Loaded shared library C:\Program Files\Android\Android Studio\jbr\bin\verify.dll

Deoptimization events (20 events):
Event: 25.180 Thread 0x0000026006b72e70 Uncommon trap: trap_request=0xffffff45 fr.pc=0x0000026013d54c18 relative=0x00000000000003b8
Event: 25.180 Thread 0x0000026006b72e70 Uncommon trap: reason=unstable_if action=reinterpret pc=0x0000026013d54c18 method=org.jetbrains.kotlin.backend.common.serialization.proto.IrVarargElement.hasExpression()Z @ 5 c2
Event: 25.180 Thread 0x0000026006b72e70 DEOPT PACKING pc=0x0000026013d54c18 sp=0x000000863c5fdbd0
Event: 25.180 Thread 0x0000026006b72e70 DEOPT UNPACKING pc=0x00000260133c46a2 sp=0x000000863c5fda98 mode 2
Event: 25.180 Thread 0x0000026006b72e70 Uncommon trap: trap_request=0xffffff45 fr.pc=0x0000026013d108c8 relative=0x00000000000013c8
Event: 25.180 Thread 0x0000026006b72e70 Uncommon trap: reason=unstable_if action=reinterpret pc=0x0000026013d108c8 method=org.jetbrains.kotlin.backend.common.serialization.proto.IrVarargElement$VarargElementCase.valueOf(I)Lorg/jetbrains/kotlin/backend/common/serialization/proto/IrVarargElement$
Event: 25.180 Thread 0x0000026006b72e70 DEOPT PACKING pc=0x0000026013d108c8 sp=0x000000863c5fd9c0
Event: 25.180 Thread 0x0000026006b72e70 DEOPT UNPACKING pc=0x00000260133c46a2 sp=0x000000863c5fd840 mode 2
Event: 25.229 Thread 0x0000026006b72e70 Uncommon trap: trap_request=0xffffff45 fr.pc=0x0000026013b710a4 relative=0x0000000000000144
Event: 25.229 Thread 0x0000026006b72e70 Uncommon trap: reason=unstable_if action=reinterpret pc=0x0000026013b710a4 method=org.jetbrains.kotlin.backend.common.serialization.proto.IrVarargElement.hasExpression()Z @ 5 c2
Event: 25.229 Thread 0x0000026006b72e70 DEOPT PACKING pc=0x0000026013b710a4 sp=0x000000863c5fdb60
Event: 25.229 Thread 0x0000026006b72e70 DEOPT UNPACKING pc=0x00000260133c46a2 sp=0x000000863c5fda90 mode 2
Event: 25.229 Thread 0x0000026006b72e70 Uncommon trap: trap_request=0xffffff45 fr.pc=0x0000026013b7185c relative=0x00000000000001fc
Event: 25.229 Thread 0x0000026006b72e70 Uncommon trap: reason=unstable_if action=reinterpret pc=0x0000026013b7185c method=org.jetbrains.kotlin.backend.common.serialization.proto.IrVarargElement$VarargElementCase.valueOf(I)Lorg/jetbrains/kotlin/backend/common/serialization/proto/IrVarargElement$
Event: 25.229 Thread 0x0000026006b72e70 DEOPT PACKING pc=0x0000026013b7185c sp=0x000000863c5fd950
Event: 25.229 Thread 0x0000026006b72e70 DEOPT UNPACKING pc=0x00000260133c46a2 sp=0x000000863c5fd838 mode 2
Event: 25.296 Thread 0x0000026006b72e70 Uncommon trap: trap_request=0xffffff45 fr.pc=0x0000026013b71e70 relative=0x0000000000000050
Event: 25.296 Thread 0x0000026006b72e70 Uncommon trap: reason=unstable_if action=reinterpret pc=0x0000026013b71e70 method=org.jetbrains.kotlin.backend.common.serialization.proto.IrVarargElement$VarargElementCase.valueOf(I)Lorg/jetbrains/kotlin/backend/common/serialization/proto/IrVarargElement$
Event: 25.296 Thread 0x0000026006b72e70 DEOPT PACKING pc=0x0000026013b71e70 sp=0x000000863c5fd8a0
Event: 25.296 Thread 0x0000026006b72e70 DEOPT UNPACKING pc=0x00000260133c46a2 sp=0x000000863c5fd828 mode 2

Classes loaded (20 events):
Event: 2.657 Loading class sun/nio/ch/ChannelOutputStream
Event: 2.658 Loading class sun/nio/ch/ChannelOutputStream done
Event: 2.668 Loading class java/io/DeleteOnExitHook
Event: 2.668 Loading class java/io/DeleteOnExitHook done
Event: 2.668 Loading class java/io/DeleteOnExitHook$1
Event: 2.668 Loading class java/io/DeleteOnExitHook$1 done
Event: 2.668 Loading class java/lang/Shutdown
Event: 2.668 Loading class java/lang/Shutdown done
Event: 2.669 Loading class java/lang/Shutdown$Lock
Event: 2.669 Loading class java/lang/Shutdown$Lock done
Event: 2.836 Loading class java/lang/annotation/ElementType
Event: 2.836 Loading class java/lang/annotation/ElementType done
Event: 2.836 Loading class java/lang/Deprecated
Event: 2.836 Loading class java/lang/Deprecated done
Event: 2.836 Loading class java/lang/annotation/Documented
Event: 2.836 Loading class java/lang/annotation/Documented done
Event: 8.477 Loading class java/lang/Byte$ByteCache
Event: 8.477 Loading class java/lang/Byte$ByteCache done
Event: 8.714 Loading class java/lang/Short$ShortCache
Event: 8.714 Loading class java/lang/Short$ShortCache done

Classes unloaded (0 events):
No events

Classes redefined (0 events):
No events

Internal exceptions (20 events):
Event: 2.030 Thread 0x0000026006b72e70 Exception <a 'java/lang/NoSuchMethodError'{0x000000008322b360}: 'java.lang.Object java.lang.invoke.DirectMethodHandle$Holder.invokeStatic(java.lang.Object, java.lang.Object, int)'> (0x000000008322b360) 
thrown [s\src\hotspot\share\interpreter\linkResolver.cpp, line 784]
Event: 2.327 Thread 0x0000026006b72e70 Exception <a 'java/lang/NoSuchMethodError'{0x000000008990e7c0}: 'java.lang.Object java.lang.invoke.DirectMethodHandle$Holder.newInvokeSpecial(java.lang.Object, java.lang.Object, java.lang.Object, java.lang.Object, int, java.lang.Object)'> (0x000000008990e7c0) 
thrown [s\src\hotspot\share\interpreter\linkResolver.cpp, line 784]
Event: 2.371 Thread 0x0000026006b72e70 Exception <a 'java/lang/NoSuchMethodError'{0x000000008578daa8}: 'java.lang.Object java.lang.invoke.DirectMethodHandle$Holder.newInvokeSpecial(java.lang.Object, java.lang.Object, java.lang.Object, java.lang.Object, int)'> (0x000000008578daa8) 
thrown [s\src\hotspot\share\interpreter\linkResolver.cpp, line 784]
Event: 2.372 Thread 0x0000026006b72e70 Exception <a 'java/lang/NoSuchMethodError'{0x0000000085791c40}: 'java.lang.Object java.lang.invoke.DirectMethodHandle$Holder.invokeSpecial(java.lang.Object, java.lang.Object, java.lang.Object, java.lang.Object, java.lang.Object, int)'> (0x0000000085791c40) 
thrown [s\src\hotspot\share\interpreter\linkResolver.cpp, line 784]
Event: 2.372 Thread 0x0000026006b72e70 Exception <a 'java/lang/NoSuchMethodError'{0x00000000857956d0}: 'java.lang.Object java.lang.invoke.Invokers$Holder.linkToTargetMethod(java.lang.Object, java.lang.Object, java.lang.Object, int, java.lang.Object)'> (0x00000000857956d0) 
thrown [s\src\hotspot\share\interpreter\linkResolver.cpp, line 784]
Event: 2.433 Thread 0x0000026006b72e70 Exception <a 'java/lang/NoSuchMethodError'{0x00000000853bd3d8}: 'java.lang.Object java.lang.invoke.DirectMethodHandle$Holder.newInvokeSpecial(java.lang.Object, java.lang.Object, java.lang.Object, java.lang.Object, java.lang.Object, int, java.lang.Object)'> (0x00000000853bd3d8) 
thrown [s\src\hotspot\share\interpreter\linkResolver.cpp, line 784]
Event: 2.433 Thread 0x0000026006b72e70 Exception <a 'java/lang/NoSuchMethodError'{0x00000000853c5058}: 'java.lang.Object java.lang.invoke.Invokers$Holder.linkToTargetMethod(java.lang.Object, java.lang.Object, java.lang.Object, java.lang.Object, int, java.lang.Object, java.lang.Object)'> (0x00000000853c5058) 
thrown [s\src\hotspot\share\interpreter\linkResolver.cpp, line 784]
Event: 2.460 Thread 0x0000026006b72e70 Exception <a 'java/lang/NoSuchMethodError'{0x0000000085109550}: 'java.lang.Object java.lang.invoke.DirectMethodHandle$Holder.newInvokeSpecial(java.lang.Object, java.lang.Object, java.lang.Object, java.lang.Object, java.lang.Object, java.lang.Object, java.lang.Object)'> (0x0000000085109550) 
thrown [s\src\hotspot\share\interpreter\linkResolver.cpp, line 784]
Event: 2.559 Thread 0x0000026006b72e70 Exception <a 'java/lang/NoSuchMethodError'{0x0000000084d24618}: 'java.lang.Object java.lang.invoke.DirectMethodHandle$Holder.invokeStaticInit(java.lang.Object, int, int, int, int)'> (0x0000000084d24618) 
thrown [s\src\hotspot\share\interpreter\linkResolver.cpp, line 784]
Event: 2.640 Thread 0x0000026006b72e70 Exception <a 'java/lang/NoSuchMethodError'{0x0000000084deea78}: 'java.lang.Object java.lang.invoke.DirectMethodHandle$Holder.invokeStaticInit(java.lang.Object, java.lang.Object, int, int, int, int)'> (0x0000000084deea78) 
thrown [s\src\hotspot\share\interpreter\linkResolver.cpp, line 784]
Event: 2.837 Thread 0x0000026006b72e70 Exception <a 'java/lang/NoSuchMethodError'{0x00000000840008a0}: 'int java.lang.invoke.DirectMethodHandle$Holder.invokeInterface(java.lang.Object, java.lang.Object)'> (0x00000000840008a0) 
thrown [s\src\hotspot\share\interpreter\linkResolver.cpp, line 784]
Event: 3.327 Thread 0x0000026006b72e70 Implicit null exception at 0x0000026013a72315 to 0x0000026013a745ce
Event: 8.354 Thread 0x0000026006b72e70 Exception <a 'java/lang/NoSuchMethodError'{0x000000008672d6f0}: 'java.lang.Object java.lang.invoke.DirectMethodHandle$Holder.invokeStatic(java.lang.Object, java.lang.Object, int, int, java.lang.Object, java.lang.Object, long, java.lang.Object)'> (0x000000008672d6f0) 
thrown [s\src\hotspot\share\interpreter\linkResolver.cpp, line 784]
Event: 8.354 Thread 0x0000026006b72e70 Exception <a 'java/lang/NoSuchMethodError'{0x000000008673dd40}: 'java.lang.Object java.lang.invoke.Invokers$Holder.linkToTargetMethod(java.lang.Object, int, int, java.lang.Object, java.lang.Object, long, java.lang.Object)'> (0x000000008673dd40) 
thrown [s\src\hotspot\share\interpreter\linkResolver.cpp, line 784]
Event: 8.404 Thread 0x0000026006b72e70 Exception <a 'java/lang/NoSuchMethodError'{0x0000000086642e58}: 'java.lang.Object java.lang.invoke.DirectMethodHandle$Holder.newInvokeSpecial(java.lang.Object, java.lang.Object, int, int, java.lang.Object, long, long, java.lang.Object)'> (0x0000000086642e58) 
thrown [s\src\hotspot\share\interpreter\linkResolver.cpp, line 784]
Event: 8.480 Thread 0x0000026006b72e70 Exception <a 'java/lang/NoSuchMethodError'{0x0000000086d41d10}: 'java.lang.Object java.lang.invoke.DirectMethodHandle$Holder.invokeStatic(java.lang.Object, java.lang.Object, int, java.lang.Object)'> (0x0000000086d41d10) 
thrown [s\src\hotspot\share\interpreter\linkResolver.cpp, line 784]
Event: 8.495 Thread 0x0000026006b72e70 Exception <a 'java/lang/NoSuchMethodError'{0x0000000086c11f70}: 'java.lang.Object java.lang.invoke.DirectMethodHandle$Holder.newInvokeSpecial(java.lang.Object, java.lang.Object, int, java.lang.Object)'> (0x0000000086c11f70) 
thrown [s\src\hotspot\share\interpreter\linkResolver.cpp, line 784]
Event: 8.495 Thread 0x0000026006b72e70 Exception <a 'java/lang/NoSuchMethodError'{0x0000000086c16170}: 'java.lang.Object java.lang.invoke.DirectMethodHandle$Holder.invokeSpecial(java.lang.Object, java.lang.Object, java.lang.Object, int, java.lang.Object)'> (0x0000000086c16170) 
thrown [s\src\hotspot\share\interpreter\linkResolver.cpp, line 784]
Event: 8.702 Thread 0x0000026006b72e70 Exception <a 'java/lang/NoSuchMethodError'{0x00000000891306e8}: 'java.lang.Object java.lang.invoke.DirectMethodHandle$Holder.newInvokeSpecial(java.lang.Object, java.lang.Object, java.lang.Object, int, int, java.lang.Object)'> (0x00000000891306e8) 
thrown [s\src\hotspot\share\interpreter\linkResolver.cpp, line 784]
Event: 8.702 Thread 0x0000026006b72e70 Exception <a 'java/lang/NoSuchMethodError'{0x0000000089137d78}: 'java.lang.Object java.lang.invoke.Invokers$Holder.linkToTargetMethod(java.lang.Object, java.lang.Object, int, int, java.lang.Object, java.lang.Object)'> (0x0000000089137d78) 
thrown [s\src\hotspot\share\interpreter\linkResolver.cpp, line 784]

ZGC Phase Switch (0 events):
No events

VM Operations (20 events):
Event: 22.802 Executing VM operation: G1PauseCleanup done
Event: 23.810 Executing VM operation: Cleanup
Event: 23.811 Executing VM operation: Cleanup done
Event: 23.866 Executing VM operation: G1CollectForAllocation (G1 Evacuation Pause)
Event: 23.878 Executing VM operation: G1CollectForAllocation (G1 Evacuation Pause) done
Event: 24.411 Executing VM operation: G1CollectForAllocation (G1 Evacuation Pause)
Event: 24.425 Executing VM operation: G1CollectForAllocation (G1 Evacuation Pause) done
Event: 24.716 Executing VM operation: G1CollectForAllocation (G1 Evacuation Pause)
Event: 24.727 Executing VM operation: G1CollectForAllocation (G1 Evacuation Pause) done
Event: 24.889 Executing VM operation: G1CollectForAllocation (G1 Evacuation Pause)
Event: 24.903 Executing VM operation: G1CollectForAllocation (G1 Evacuation Pause) done
Event: 24.929 Executing VM operation: G1PauseRemark
Event: 24.934 Executing VM operation: G1PauseRemark done
Event: 25.028 Executing VM operation: G1PauseCleanup
Event: 25.028 Executing VM operation: G1PauseCleanup done
Event: 25.092 Executing VM operation: G1CollectForAllocation (G1 Evacuation Pause)
Event: 25.102 Executing VM operation: G1CollectForAllocation (G1 Evacuation Pause) done
Event: 25.239 Executing VM operation: G1CollectForAllocation (G1 Evacuation Pause)
Event: 25.252 Executing VM operation: G1CollectForAllocation (G1 Evacuation Pause) done
Event: 25.589 Executing VM operation: G1CollectForAllocation (G1 Evacuation Pause)

Memory protections (0 events):
No events

Nmethod flushes (20 events):
Event: 24.932 Thread 0x00000260204c8430 flushing  nmethod 0x000002600bfec390
Event: 24.932 Thread 0x00000260204c8430 flushing  nmethod 0x000002600c11e510
Event: 24.932 Thread 0x00000260204c8430 flushing  nmethod 0x000002600c14d690
Event: 24.932 Thread 0x00000260204c8430 flushing  nmethod 0x000002600c254190
Event: 24.932 Thread 0x00000260204c8430 flushing  nmethod 0x000002600c31ee10
Event: 24.932 Thread 0x00000260204c8430 flushing  nmethod 0x000002600c31f890
Event: 24.932 Thread 0x00000260204c8430 flushing  nmethod 0x000002600c514b10
Event: 24.932 Thread 0x00000260204c8430 flushing  nmethod 0x000002600c516790
Event: 24.932 Thread 0x00000260204c8430 flushing  nmethod 0x000002600c51a010
Event: 24.932 Thread 0x00000260204c8430 flushing  nmethod 0x000002600c51f990
Event: 24.932 Thread 0x00000260204c8430 flushing  nmethod 0x000002600c524890
Event: 24.932 Thread 0x00000260204c8430 flushing  nmethod 0x000002600c525090
Event: 24.932 Thread 0x00000260204c8430 flushing  nmethod 0x000002600c526810
Event: 24.932 Thread 0x00000260204c8430 flushing  nmethod 0x000002600c5b1a10
Event: 24.932 Thread 0x00000260204c8430 flushing  nmethod 0x000002600c5fbf90
Event: 24.932 Thread 0x00000260204c8430 flushing  nmethod 0x000002600c661e10
Event: 24.932 Thread 0x00000260204c8430 flushing  nmethod 0x000002600c664c90
Event: 24.932 Thread 0x00000260204c8430 flushing  nmethod 0x000002600c668910
Event: 24.932 Thread 0x00000260204c8430 flushing  nmethod 0x000002600c6e9110
Event: 24.932 Thread 0x00000260204c8430 flushing  nmethod 0x000002600c6ed110

Events (20 events):
Event: 8.319 Thread 0x0000026020552190 Thread added: 0x00000260207e7320
Event: 8.567 Thread 0x0000026020552190 Thread added: 0x0000026025ef93e0
Event: 9.719 Thread 0x0000026025ef93e0 Thread exited: 0x0000026025ef93e0
Event: 9.721 Thread 0x00000260207e7320 Thread exited: 0x00000260207e7320
Event: 9.725 Thread 0x0000026020552190 Thread added: 0x0000026025cc24f0
Event: 9.728 Thread 0x0000026020552190 Thread added: 0x0000026025cc09b0
Event: 17.837 Thread 0x0000026025cc09b0 Thread exited: 0x0000026025cc09b0
Event: 18.376 Thread 0x0000026025cc24f0 Thread exited: 0x0000026025cc24f0
Event: 19.507 Thread 0x0000026020550b90 Thread added: 0x00000260276907c0
Event: 19.507 Thread 0x0000026020550b90 Thread added: 0x000002602768d140
Event: 22.259 Thread 0x00000260276907c0 Thread exited: 0x00000260276907c0
Event: 22.259 Thread 0x000002602768d140 Thread exited: 0x000002602768d140
Event: 23.278 Thread 0x0000026020552190 Thread added: 0x00000260276907c0
Event: 23.278 Thread 0x0000026020552190 Thread added: 0x000002602768e5b0
Event: 23.460 Thread 0x000002602768e5b0 Thread exited: 0x000002602768e5b0
Event: 24.208 Thread 0x00000260276907c0 Thread exited: 0x00000260276907c0
Event: 24.610 Thread 0x0000026020552190 Thread added: 0x000002602768d810
Event: 24.613 Thread 0x0000026020552190 Thread added: 0x00000260276907c0
Event: 25.154 Thread 0x00000260276907c0 Thread exited: 0x00000260276907c0
Event: 25.513 Thread 0x000002602768d810 Thread exited: 0x000002602768d810


Dynamic libraries:
0x00007ff636aa0000 - 0x00007ff636aaa000 	C:\Program Files\Android\Android Studio\jbr\bin\java.exe
0x00007fff76b40000 - 0x00007fff76da6000 	C:\WINDOWS\SYSTEM32\ntdll.dll
0x00007fff75d10000 - 0x00007fff75dd9000 	C:\WINDOWS\System32\KERNEL32.DLL
0x00007fff740b0000 - 0x00007fff7447c000 	C:\WINDOWS\System32\KERNELBASE.dll
0x00007fff74630000 - 0x00007fff7477b000 	C:\WINDOWS\System32\ucrtbase.dll
0x00007fff6d0e0000 - 0x00007fff6d0fb000 	C:\Program Files\Android\Android Studio\jbr\bin\VCRUNTIME140.dll
0x00007fff68560000 - 0x00007fff68578000 	C:\Program Files\Android\Android Studio\jbr\bin\jli.dll
0x00007fff756a0000 - 0x00007fff7586a000 	C:\WINDOWS\System32\USER32.dll
0x00007fff58e10000 - 0x00007fff590aa000 	C:\WINDOWS\WinSxS\amd64_microsoft.windows.common-controls_6595b64144ccf1df_6.0.26100.3912_none_3e07963ce335137e\COMCTL32.dll
0x00007fff74480000 - 0x00007fff744a7000 	C:\WINDOWS\System32\win32u.dll
0x00007fff75c60000 - 0x00007fff75d09000 	C:\WINDOWS\System32\msvcrt.dll
0x00007fff75670000 - 0x00007fff7569b000 	C:\WINDOWS\System32\GDI32.dll
0x00007fff73cd0000 - 0x00007fff73e02000 	C:\WINDOWS\System32\gdi32full.dll
0x00007fff73f40000 - 0x00007fff73fe3000 	C:\WINDOWS\System32\msvcp_win.dll
0x00007fff75630000 - 0x00007fff75660000 	C:\WINDOWS\System32\IMM32.DLL
0x00007fff6b2f0000 - 0x00007fff6b2fc000 	C:\Program Files\Android\Android Studio\jbr\bin\vcruntime140_1.dll
0x00007fff5de50000 - 0x00007fff5dedd000 	C:\Program Files\Android\Android Studio\jbr\bin\msvcp140.dll
0x00007ffeefe10000 - 0x00007ffef0a9a000 	C:\Program Files\Android\Android Studio\jbr\bin\server\jvm.dll
0x00007fff76270000 - 0x00007fff76322000 	C:\WINDOWS\System32\ADVAPI32.dll
0x00007fff74b70000 - 0x00007fff74c16000 	C:\WINDOWS\System32\sechost.dll
0x00007fff769e0000 - 0x00007fff76af6000 	C:\WINDOWS\System32\RPCRT4.dll
0x00007fff74d80000 - 0x00007fff74df4000 	C:\WINDOWS\System32\WS2_32.dll
0x00007fff73b40000 - 0x00007fff73b9e000 	C:\WINDOWS\SYSTEM32\POWRPROF.dll
0x00007fff67f50000 - 0x00007fff67f5b000 	C:\WINDOWS\SYSTEM32\VERSION.dll
0x00007fff5c2f0000 - 0x00007fff5c326000 	C:\WINDOWS\SYSTEM32\WINMM.dll
0x00007fff73b20000 - 0x00007fff73b34000 	C:\WINDOWS\SYSTEM32\UMPDC.dll
0x00007fff72a90000 - 0x00007fff72aaa000 	C:\WINDOWS\SYSTEM32\kernel.appcore.dll
0x00007fff69330000 - 0x00007fff6933a000 	C:\Program Files\Android\Android Studio\jbr\bin\jimage.dll
0x00007fff6e480000 - 0x00007fff6e6c1000 	C:\WINDOWS\SYSTEM32\DBGHELP.DLL
0x00007fff76500000 - 0x00007fff76884000 	C:\WINDOWS\System32\combase.dll
0x00007fff76340000 - 0x00007fff76420000 	C:\WINDOWS\System32\OLEAUT32.dll
0x00007fff585e0000 - 0x00007fff58619000 	C:\WINDOWS\SYSTEM32\dbgcore.DLL
0x00007fff73e10000 - 0x00007fff73ea9000 	C:\WINDOWS\System32\bcryptPrimitives.dll
0x00007fff5ede0000 - 0x00007fff5ee00000 	C:\Program Files\Android\Android Studio\jbr\bin\java.dll
0x00007fff5de30000 - 0x00007fff5de48000 	C:\Program Files\Android\Android Studio\jbr\bin\zip.dll
0x00007fff74f00000 - 0x00007fff7562d000 	C:\WINDOWS\System32\SHELL32.dll
0x00007fff744b0000 - 0x00007fff74624000 	C:\WINDOWS\System32\wintypes.dll
0x00007fff71980000 - 0x00007fff721d6000 	C:\WINDOWS\SYSTEM32\windows.storage.dll
0x00007fff74900000 - 0x00007fff749ef000 	C:\WINDOWS\System32\SHCORE.dll
0x00007fff76490000 - 0x00007fff764f9000 	C:\WINDOWS\System32\shlwapi.dll
0x00007fff73be0000 - 0x00007fff73c0f000 	C:\WINDOWS\SYSTEM32\profapi.dll
0x00007fff656e0000 - 0x00007fff656f0000 	C:\Program Files\Android\Android Studio\jbr\bin\net.dll
0x00007fff67c70000 - 0x00007fff67d8e000 	C:\WINDOWS\SYSTEM32\WINHTTP.dll
0x00007fff73000000 - 0x00007fff7306a000 	C:\WINDOWS\system32\mswsock.dll
0x00007fff5de10000 - 0x00007fff5de26000 	C:\Program Files\Android\Android Studio\jbr\bin\nio.dll
0x00007fff5f6d0000 - 0x00007fff5f6e0000 	C:\Program Files\Android\Android Studio\jbr\bin\verify.dll
0x00007fff732a0000 - 0x00007fff732bc000 	C:\WINDOWS\SYSTEM32\CRYPTSP.dll
0x00007fff729f0000 - 0x00007fff72a2a000 	C:\WINDOWS\system32\rsaenh.dll
0x00007fff730a0000 - 0x00007fff730cb000 	C:\WINDOWS\SYSTEM32\USERENV.dll
0x00007fff73bb0000 - 0x00007fff73bd6000 	C:\WINDOWS\SYSTEM32\bcrypt.dll
0x00007fff732c0000 - 0x00007fff732cc000 	C:\WINDOWS\SYSTEM32\CRYPTBASE.dll
0x00007fff724d0000 - 0x00007fff72503000 	C:\WINDOWS\SYSTEM32\IPHLPAPI.DLL
0x00007fff74d70000 - 0x00007fff74d7a000 	C:\WINDOWS\System32\NSI.dll

dbghelp: loaded successfully - version: 4.0.5 - missing functions: none
symbol engine: initialized successfully - sym options: 0x614 - pdb path: .;C:\Program Files\Android\Android Studio\jbr\bin;C:\WINDOWS\SYSTEM32;C:\WINDOWS\WinSxS\amd64_microsoft.windows.common-controls_6595b64144ccf1df_6.0.26100.3912_none_3e07963ce335137e;C:\Program Files\Android\Android Studio\jbr\bin\server

VM Arguments:
java_command: org.jetbrains.kotlin.cli.js.K2JSCompiler @C:\Users\user\Downloads\KotlinProject\KotlinProject\composeApp\build\20250602_6129341834881568635.compiler.options
java_class_path (initial): C:\Users\user\.gradle\caches\modules-2\files-2.1\org.jetbrains.kotlin\kotlin-compiler-embeddable\2.1.10\ee3e5c806617c52ce167bdf96933efef9593853e\kotlin-compiler-embeddable-2.1.10.jar;C:\Users\user\.gradle\caches\modules-2\files-2.1\org.jetbrains.kotlin\kotlin-stdlib\2.1.10\d3028429e7151d7a7c1a0d63a4f60eac86a87b91\kotlin-stdlib-2.1.10.jar;C:\Users\user\.gradle\caches\modules-2\files-2.1\org.jetbrains.kotlin\kotlin-script-runtime\2.1.10\70000e6ef453308e55d42ea4ace5b8c32325ce75\kotlin-script-runtime-2.1.10.jar;C:\Users\user\.gradle\caches\modules-2\files-2.1\org.jetbrains.kotlin\kotlin-reflect\1.6.10\1cbe9c92c12a94eea200d23c2bbaedaf3daf5132\kotlin-reflect-1.6.10.jar;C:\Users\user\.gradle\caches\modules-2\files-2.1\org.jetbrains.kotlin\kotlin-daemon-embeddable\2.1.10\58b88d47cdc057f09a8ea603ece5fd1993c7cb64\kotlin-daemon-embeddable-2.1.10.jar;C:\Users\user\.gradle\caches\modules-2\files-2.1\org.jetbrains.intellij.deps\trove4j\1.0.20200330\3afb14d5f9ceb459d724e907a21145e8ff394f02\trove4j-1.0.20200330.jar;C:\Users\user\.gradle\caches\modules-2\files-2.1\org.jetbrains.kotlinx\kotlinx-coroutines-core-jvm\1.6.4\2c997cd1c0ef33f3e751d3831929aeff1390cb30\kotlinx-coroutines-core-jvm-1.6.4.jar;C:\Users\user\.gradle\caches\modules-2\files-2.1\org.jetbrains\annotations\13.0\919f0dfe192fb4e063e7dacadee7f8bb9a2672a9\annotations-13.0.jar
Launcher Type: SUN_STANDARD

[Global flags]
     intx CICompilerCount                          = 4                                         {product} {ergonomic}
     uint ConcGCThreads                            = 2                                         {product} {ergonomic}
     uint G1ConcRefinementThreads                  = 8                                         {product} {ergonomic}
   size_t G1HeapRegionSize                         = 1048576                                   {product} {ergonomic}
    uintx GCDrainStackTargetSize                   = 64                                        {product} {ergonomic}
   size_t InitialHeapSize                          = 134217728                                 {product} {ergonomic}
   size_t MarkStackSize                            = 4194304                                   {product} {ergonomic}
   size_t MaxHeapSize                              = 2120220672                                {product} {ergonomic}
   size_t MaxNewSize                               = 1271922688                                {product} {ergonomic}
   size_t MinHeapDeltaBytes                        = 1048576                                   {product} {ergonomic}
   size_t MinHeapSize                              = 8388608                                   {product} {ergonomic}
    uintx NonNMethodCodeHeapSize                   = 5839372                                {pd product} {ergonomic}
    uintx NonProfiledCodeHeapSize                  = 122909434                              {pd product} {ergonomic}
    uintx ProfiledCodeHeapSize                     = 122909434                              {pd product} {ergonomic}
    uintx ReservedCodeCacheSize                    = 251658240                              {pd product} {ergonomic}
     bool SegmentedCodeCache                       = true                                      {product} {ergonomic}
   size_t SoftMaxHeapSize                          = 2120220672                             {manageable} {ergonomic}
     bool UseCompressedOops                        = true                           {product lp64_product} {ergonomic}
     bool UseG1GC                                  = true                                      {product} {ergonomic}
     bool UseLargePagesIndividualAllocation        = false                                  {pd product} {ergonomic}

Logging:
Log output configuration:
 #0: stdout all=warning uptime,level,tags foldmultilines=false
 #1: stderr all=off uptime,level,tags foldmultilines=false

Environment Variables:
JAVA_HOME=C:\Program Files\Java\jdk-23\bin\python-3.13.1-amd64.exe
PATH=C:\Program Files\Java\jdk-23\bin;C:\Program Files\Cloudflare\Cloudflare WARP\;C:\Users\user\Downloads\gradle-8.14\bin;C:\Users\user\AppData\Local\Programs\Python\Python313\Scripts\;C:\Users\user\AppData\Local\Programs\Python\Python313\;C:\Users\user\AppData\Local\Microsoft\WindowsApps;C:\Users\user\Downloads\gcc-14.2.0-no-debug\bin;C:\Users\user\Downloads\gcc-14.2.0-no-debug\;C:\Program Files\Java\jdk-23\bin;C:\Program Files (x86)\kot\kotlinc\bin;C:\Program Files (x86)\kot\kotlinc\;C:\Program Files\Notepad++;
USERNAME=user
OS=Windows_NT
PROCESSOR_IDENTIFIER=Intel64 Family 6 Model 142 Stepping 10, GenuineIntel
TMP=C:\Users\user\AppData\Local\Temp
TEMP=C:\Users\user\AppData\Local\Temp




Periodic native trim disabled

JNI global refs:
JNI global refs: 18, weak refs: 0

JNI global refs memory usage: 835, weak refs: 201

Process memory usage:
Resident Set Size: 450480K (5% of 8277208K total physical memory with 1193640K free physical memory)

OOME stack traces (most recent first):
Classloader memory used:
Loader jdk.internal.loader.ClassLoaders$AppClassLoader                                 : 31454K
Loader bootstrap                                                                       : 11635K
Loader jdk.internal.loader.ClassLoaders$PlatformClassLoader                            : 331K

---------------  S Y S T E M  ---------------

OS:
 Windows 11 , 64 bit Build 26100 (10.0.26100.3912)
OS uptime: 5 days 10:20 hours

CPU: total 8 (initial active 8) (4 cores per cpu, 2 threads per core) family 6 model 142 stepping 10 microcode 0xf0, cx8, cmov, fxsr, ht, mmx, 3dnowpref, sse, sse2, sse3, ssse3, sse4.1, sse4.2, popcnt, lzcnt, tsc, tscinvbit, avx, avx2, aes, erms, clmul, bmi1, bmi2, adx, fma, vzeroupper, clflush, clflushopt, rdtscp, f16c
Processor Information for all 8 processors :
  Max Mhz: 1800, Current Mhz: 1600, Mhz Limit: 1584

Memory: 4k page, system-wide physical 8083M (1162M free)
TotalPageFile size 18438M (AvailPageFile size 125M)
current process WorkingSet (physical memory assigned to process): 440M, peak: 457M
current process commit charge ("private bytes"): 475M, peak: 662M

vm_info: OpenJDK 64-Bit Server VM (21.0.5+-12932927-b750.29) for windows-amd64 JRE (21.0.5+-12932927-b750.29), built on 2025-01-17T02:01:10Z by "builder" with MS VC++ 16.10 / 16.11 (VS2019)

END.
